running egg_info
writing ../../build/turtle_sim/turtle_sim.egg-info/PKG-INFO
writing dependency_links to ../../build/turtle_sim/turtle_sim.egg-info/dependency_links.txt
writing entry points to ../../build/turtle_sim/turtle_sim.egg-info/entry_points.txt
writing requirements to ../../build/turtle_sim/turtle_sim.egg-info/requires.txt
writing top-level names to ../../build/turtle_sim/turtle_sim.egg-info/top_level.txt
reading manifest file '../../build/turtle_sim/turtle_sim.egg-info/SOURCES.txt'
writing manifest file '../../build/turtle_sim/turtle_sim.egg-info/SOURCES.txt'
running build
running build_py
running install
running install_lib
running install_data
running install_egg_info
removing '/root/rm_ws/install/turtle_sim/lib/python3.10/site-packages/turtle_sim-0.0.0-py3.10.egg-info' (and everything under it)
Copying ../../build/turtle_sim/turtle_sim.egg-info to /root/rm_ws/install/turtle_sim/lib/python3.10/site-packages/turtle_sim-0.0.0-py3.10.egg-info
running install_scripts
Installing controller script to /root/rm_ws/install/turtle_sim/lib/turtle_sim
Installing d script to /root/rm_ws/install/turtle_sim/lib/turtle_sim
Installing draw_circle script to /root/rm_ws/install/turtle_sim/lib/turtle_sim
Installing goal script to /root/rm_ws/install/turtle_sim/lib/turtle_sim
Installing polygon script to /root/rm_ws/install/turtle_sim/lib/turtle_sim
writing list of installed files to '/root/rm_ws/build/turtle_sim/install.log'
