[ 20%] Built target goal
[ 40%] Built target d
[ 60%] Built target controller
[ 80%] Built target polygon
[100%] Built target draw_circle
-- Install configuration: ""
-- Up-to-date: /root/rm_ws/install/turtle_cpp/lib/turtle_cpp/goal
-- Up-to-date: /root/rm_ws/install/turtle_cpp/lib/turtle_cpp/polygon
-- Up-to-date: /root/rm_ws/install/turtle_cpp/lib/turtle_cpp/controller
-- Up-to-date: /root/rm_ws/install/turtle_cpp/lib/turtle_cpp/d
-- Up-to-date: /root/rm_ws/install/turtle_cpp/lib/turtle_cpp/draw_circle
-- Up-to-date: /root/rm_ws/install/turtle_cpp/share/ament_index/resource_index/package_run_dependencies/turtle_cpp
-- Up-to-date: /root/rm_ws/install/turtle_cpp/share/ament_index/resource_index/parent_prefix_path/turtle_cpp
-- Up-to-date: /root/rm_ws/install/turtle_cpp/share/turtle_cpp/environment/ament_prefix_path.sh
-- Up-to-date: /root/rm_ws/install/turtle_cpp/share/turtle_cpp/environment/ament_prefix_path.dsv
-- Up-to-date: /root/rm_ws/install/turtle_cpp/share/turtle_cpp/environment/path.sh
-- Up-to-date: /root/rm_ws/install/turtle_cpp/share/turtle_cpp/environment/path.dsv
-- Up-to-date: /root/rm_ws/install/turtle_cpp/share/turtle_cpp/local_setup.bash
-- Up-to-date: /root/rm_ws/install/turtle_cpp/share/turtle_cpp/local_setup.sh
-- Up-to-date: /root/rm_ws/install/turtle_cpp/share/turtle_cpp/local_setup.zsh
-- Up-to-date: /root/rm_ws/install/turtle_cpp/share/turtle_cpp/local_setup.dsv
-- Installing: /root/rm_ws/install/turtle_cpp/share/turtle_cpp/package.dsv
-- Up-to-date: /root/rm_ws/install/turtle_cpp/share/ament_index/resource_index/packages/turtle_cpp
-- Up-to-date: /root/rm_ws/install/turtle_cpp/share/turtle_cpp/cmake/turtle_cppConfig.cmake
-- Up-to-date: /root/rm_ws/install/turtle_cpp/share/turtle_cpp/cmake/turtle_cppConfig-version.cmake
-- Up-to-date: /root/rm_ws/install/turtle_cpp/share/turtle_cpp/package.xml
