[0.036s] Invoking command in '/root/rm_ws/build/turtle_cpp': CMAKE_PREFIX_PATH=/opt/ros/humble /usr/bin/cmake --build /root/rm_ws/build/turtle_cpp -- -j8 -l8
[0.421s] [ 20%] Built target goal
[0.422s] [ 40%] Built target d
[0.424s] [ 60%] Built target controller
[0.436s] [ 80%] Built target polygon
[0.446s] [100%] Built target draw_circle
[0.488s] Invoked command in '/root/rm_ws/build/turtle_cpp' returned '0': CMAKE_PREFIX_PATH=/opt/ros/humble /usr/bin/cmake --build /root/rm_ws/build/turtle_cpp -- -j8 -l8
[0.998s] Invoking command in '/root/rm_ws/build/turtle_cpp': CMAKE_PREFIX_PATH=/opt/ros/humble /usr/bin/cmake --install /root/rm_ws/build/turtle_cpp
[1.044s] -- Install configuration: ""
[1.048s] -- Up-to-date: /root/rm_ws/install/turtle_cpp/lib/turtle_cpp/goal
[1.048s] -- Up-to-date: /root/rm_ws/install/turtle_cpp/lib/turtle_cpp/polygon
[1.049s] -- Up-to-date: /root/rm_ws/install/turtle_cpp/lib/turtle_cpp/controller
[1.049s] -- Up-to-date: /root/rm_ws/install/turtle_cpp/lib/turtle_cpp/d
[1.050s] -- Up-to-date: /root/rm_ws/install/turtle_cpp/lib/turtle_cpp/draw_circle
[1.050s] -- Up-to-date: /root/rm_ws/install/turtle_cpp/share/ament_index/resource_index/package_run_dependencies/turtle_cpp
[1.050s] -- Up-to-date: /root/rm_ws/install/turtle_cpp/share/ament_index/resource_index/parent_prefix_path/turtle_cpp
[1.050s] -- Up-to-date: /root/rm_ws/install/turtle_cpp/share/turtle_cpp/environment/ament_prefix_path.sh
[1.050s] -- Up-to-date: /root/rm_ws/install/turtle_cpp/share/turtle_cpp/environment/ament_prefix_path.dsv
[1.050s] -- Up-to-date: /root/rm_ws/install/turtle_cpp/share/turtle_cpp/environment/path.sh
[1.050s] -- Up-to-date: /root/rm_ws/install/turtle_cpp/share/turtle_cpp/environment/path.dsv
[1.050s] -- Up-to-date: /root/rm_ws/install/turtle_cpp/share/turtle_cpp/local_setup.bash
[1.050s] -- Up-to-date: /root/rm_ws/install/turtle_cpp/share/turtle_cpp/local_setup.sh
[1.050s] -- Up-to-date: /root/rm_ws/install/turtle_cpp/share/turtle_cpp/local_setup.zsh
[1.050s] -- Up-to-date: /root/rm_ws/install/turtle_cpp/share/turtle_cpp/local_setup.dsv
[1.050s] -- Installing: /root/rm_ws/install/turtle_cpp/share/turtle_cpp/package.dsv
[1.051s] -- Up-to-date: /root/rm_ws/install/turtle_cpp/share/ament_index/resource_index/packages/turtle_cpp
[1.051s] -- Up-to-date: /root/rm_ws/install/turtle_cpp/share/turtle_cpp/cmake/turtle_cppConfig.cmake
[1.051s] -- Up-to-date: /root/rm_ws/install/turtle_cpp/share/turtle_cpp/cmake/turtle_cppConfig-version.cmake
[1.051s] -- Up-to-date: /root/rm_ws/install/turtle_cpp/share/turtle_cpp/package.xml
[1.057s] Invoked command in '/root/rm_ws/build/turtle_cpp' returned '0': CMAKE_PREFIX_PATH=/opt/ros/humble /usr/bin/cmake --install /root/rm_ws/build/turtle_cpp
