/root/rm_ws/install/py_examples/lib/python3.10/site-packages/py_examples/sub.py
/root/rm_ws/install/py_examples/lib/python3.10/site-packages/py_examples/pub.py
/root/rm_ws/install/py_examples/lib/python3.10/site-packages/py_examples/__init__.py
/root/rm_ws/install/py_examples/lib/python3.10/site-packages/py_examples/server.py
/root/rm_ws/install/py_examples/lib/python3.10/site-packages/py_examples/client.py
/root/rm_ws/install/py_examples/lib/python3.10/site-packages/py_examples/__pycache__/sub.cpython-310.pyc
/root/rm_ws/install/py_examples/lib/python3.10/site-packages/py_examples/__pycache__/pub.cpython-310.pyc
/root/rm_ws/install/py_examples/lib/python3.10/site-packages/py_examples/__pycache__/__init__.cpython-310.pyc
/root/rm_ws/install/py_examples/lib/python3.10/site-packages/py_examples/__pycache__/server.cpython-310.pyc
/root/rm_ws/install/py_examples/lib/python3.10/site-packages/py_examples/__pycache__/client.cpython-310.pyc
/root/rm_ws/install/py_examples/share/ament_index/resource_index/packages/py_examples
/root/rm_ws/install/py_examples/share/py_examples/package.xml
/root/rm_ws/install/py_examples/lib/python3.10/site-packages/py_examples-0.0.0-py3.10.egg-info/zip-safe
/root/rm_ws/install/py_examples/lib/python3.10/site-packages/py_examples-0.0.0-py3.10.egg-info/PKG-INFO
/root/rm_ws/install/py_examples/lib/python3.10/site-packages/py_examples-0.0.0-py3.10.egg-info/requires.txt
/root/rm_ws/install/py_examples/lib/python3.10/site-packages/py_examples-0.0.0-py3.10.egg-info/dependency_links.txt
/root/rm_ws/install/py_examples/lib/python3.10/site-packages/py_examples-0.0.0-py3.10.egg-info/top_level.txt
/root/rm_ws/install/py_examples/lib/python3.10/site-packages/py_examples-0.0.0-py3.10.egg-info/SOURCES.txt
/root/rm_ws/install/py_examples/lib/python3.10/site-packages/py_examples-0.0.0-py3.10.egg-info/entry_points.txt
/root/rm_ws/install/py_examples/lib/py_examples/client
/root/rm_ws/install/py_examples/lib/py_examples/pub
/root/rm_ws/install/py_examples/lib/py_examples/srv
/root/rm_ws/install/py_examples/lib/py_examples/sub
