[0.033s] Invoking command in '/root/rm_ws/build/tutorial_interfaces': CMAKE_PREFIX_PATH=/opt/ros/humble /usr/bin/cmake /root/rm_ws/src/tutorial_interfaces -DCMAKE_INSTALL_PREFIX=/root/rm_ws/install/tutorial_interfaces
[0.451s] -- The C compiler identification is GNU 11.4.0
[0.764s] -- The CXX compiler identification is GNU 11.4.0
[0.790s] -- Detecting C compiler ABI info
[1.291s] -- Detecting C compiler ABI info - done
[1.305s] -- Check for working C compiler: /usr/bin/cc - skipped
[1.305s] -- Detecting C compile features
[1.306s] -- Detecting C compile features - done
[1.308s] -- Detecting CXX compiler ABI info
[1.758s] -- Detecting CXX compiler ABI info - done
[1.772s] -- Check for working CXX compiler: /usr/bin/c++ - skipped
[1.772s] -- Detecting CXX compile features
[1.772s] -- Detecting CXX compile features - done
[1.780s] -- Found ament_cmake: 1.3.10 (/opt/ros/humble/share/ament_cmake/cmake)
[2.365s] -- Found Python3: /usr/bin/python3 (found version "3.10.12") found components: Interpreter 
[2.539s] -- Found geometry_msgs: 4.2.4 (/opt/ros/humble/share/geometry_msgs/cmake)
[2.567s] -- Found rosidl_generator_c: 3.1.5 (/opt/ros/humble/share/rosidl_generator_c/cmake)
[2.570s] -- Found rosidl_adapter: 3.1.5 (/opt/ros/humble/share/rosidl_adapter/cmake)
[2.576s] -- Found rosidl_generator_cpp: 3.1.5 (/opt/ros/humble/share/rosidl_generator_cpp/cmake)
[2.585s] -- Using all available rosidl_typesupport_c: rosidl_typesupport_fastrtps_c;rosidl_typesupport_introspection_c
[2.597s] -- Using all available rosidl_typesupport_cpp: rosidl_typesupport_fastrtps_cpp;rosidl_typesupport_introspection_cpp
[2.629s] -- Found rosidl_default_generators: 1.2.0 (/opt/ros/humble/share/rosidl_default_generators/cmake)
[3.317s] -- Found ament_cmake_ros: 0.10.0 (/opt/ros/humble/share/ament_cmake_ros/cmake)
[4.322s] -- Using all available rosidl_typesupport_c: rosidl_typesupport_fastrtps_c;rosidl_typesupport_introspection_c
[4.716s] -- Using all available rosidl_typesupport_cpp: rosidl_typesupport_fastrtps_cpp;rosidl_typesupport_introspection_cpp
[4.804s] -- Found PythonInterp: /usr/bin/python3 (found suitable version "3.10.12", minimum required is "3.6") 
[4.805s] -- Found python_cmake_module: 0.10.0 (/opt/ros/humble/share/python_cmake_module/cmake)
[4.897s] -- Found PythonLibs: /usr/lib/x86_64-linux-gnu/libpython3.10.so (found suitable version "3.10.12", minimum required is "3.5") 
[4.897s] -- Using PYTHON_EXECUTABLE: /usr/bin/python3
[4.897s] -- Using PYTHON_INCLUDE_DIRS: /usr/include/python3.10
[4.897s] -- Using PYTHON_LIBRARIES: /usr/lib/x86_64-linux-gnu/libpython3.10.so
[4.984s] -- Found PythonExtra: .so  
[5.088s] -- Found ament_lint_auto: 0.12.11 (/opt/ros/humble/share/ament_lint_auto/cmake)
[5.105s] -- Added test 'lint_cmake' to check CMake code style
[5.106s] -- Added test 'xmllint' to check XML markup files
[5.110s] -- Configuring done
[5.186s] -- Generating done
[5.192s] -- Build files have been written to: /root/rm_ws/build/tutorial_interfaces
[5.204s] Invoked command in '/root/rm_ws/build/tutorial_interfaces' returned '0': CMAKE_PREFIX_PATH=/opt/ros/humble /usr/bin/cmake /root/rm_ws/src/tutorial_interfaces -DCMAKE_INSTALL_PREFIX=/root/rm_ws/install/tutorial_interfaces
[5.207s] Invoking command in '/root/rm_ws/build/tutorial_interfaces': CMAKE_PREFIX_PATH=/opt/ros/humble /usr/bin/cmake --build /root/rm_ws/build/tutorial_interfaces -- -j8 -l8
[5.468s] [  3%] [34m[1mGenerating C code for ROS interfaces[0m
[5.557s] [  6%] [34m[1mGenerating C++ code for ROS interfaces[0m
[5.562s] gmake[2]: *** [CMakeFiles/tutorial_interfaces__cpp.dir/build.make:91: rosidl_generator_cpp/tutorial_interfaces/srv/n_sides.hpp] Illegal instruction
[5.565s] gmake[1]: *** [CMakeFiles/Makefile2:265: CMakeFiles/tutorial_interfaces__cpp.dir/all] Error 2
[5.565s] gmake[1]: *** Waiting for unfinished jobs....
[5.594s] [  6%] Built target ament_cmake_python_copy_tutorial_interfaces
[5.935s] [  9%] [32mBuilding C object CMakeFiles/tutorial_interfaces__rosidl_generator_c.dir/rosidl_generator_c/tutorial_interfaces/srv/detail/n_sides__functions.c.o[0m
[6.227s] [ 12%] [32m[1mLinking C shared library libtutorial_interfaces__rosidl_generator_c.so[0m
[6.400s] [ 12%] Built target tutorial_interfaces__rosidl_generator_c
[6.405s] gmake: *** [Makefile:146: all] Error 2
[6.411s] Invoked command in '/root/rm_ws/build/tutorial_interfaces' returned '2': CMAKE_PREFIX_PATH=/opt/ros/humble /usr/bin/cmake --build /root/rm_ws/build/tutorial_interfaces -- -j8 -l8
