[0.034s] Invoking command in '/root/rm_ws/build/turtle_cpp': CMAKE_PREFIX_PATH=/opt/ros/humble /usr/bin/cmake --build /root/rm_ws/build/turtle_cpp -- -j8 -l8
[0.312s] [35m[1mConsolidate compiler generated dependencies of target goal[0m
[0.314s] [35m[1mConsolidate compiler generated dependencies of target polygon[0m
[0.324s] [35m[1mConsolidate compiler generated dependencies of target controller[0m
[0.340s] [35m[1mConsolidate compiler generated dependencies of target draw_circle[0m
[0.350s] [35m[1mConsolidate compiler generated dependencies of target d[0m
[0.413s] [ 20%] Built target goal
[0.423s] [ 40%] Built target polygon
[0.433s] [ 60%] Built target controller
[0.438s] [ 80%] Built target draw_circle
[0.453s] [100%] Built target d
[0.498s] Invoked command in '/root/rm_ws/build/turtle_cpp' returned '0': CMAKE_PREFIX_PATH=/opt/ros/humble /usr/bin/cmake --build /root/rm_ws/build/turtle_cpp -- -j8 -l8
[1.010s] Invoking command in '/root/rm_ws/build/turtle_cpp': CMAKE_PREFIX_PATH=/opt/ros/humble /usr/bin/cmake --install /root/rm_ws/build/turtle_cpp
[1.056s] -- Install configuration: ""
[1.059s] -- Up-to-date: /root/rm_ws/install/turtle_cpp/lib/turtle_cpp/goal
[1.060s] -- Up-to-date: /root/rm_ws/install/turtle_cpp/lib/turtle_cpp/polygon
[1.060s] -- Up-to-date: /root/rm_ws/install/turtle_cpp/lib/turtle_cpp/controller
[1.060s] -- Up-to-date: /root/rm_ws/install/turtle_cpp/lib/turtle_cpp/d
[1.060s] -- Up-to-date: /root/rm_ws/install/turtle_cpp/lib/turtle_cpp/draw_circle
[1.060s] -- Up-to-date: /root/rm_ws/install/turtle_cpp/share/ament_index/resource_index/package_run_dependencies/turtle_cpp
[1.061s] -- Up-to-date: /root/rm_ws/install/turtle_cpp/share/ament_index/resource_index/parent_prefix_path/turtle_cpp
[1.061s] -- Up-to-date: /root/rm_ws/install/turtle_cpp/share/turtle_cpp/environment/ament_prefix_path.sh
[1.061s] -- Up-to-date: /root/rm_ws/install/turtle_cpp/share/turtle_cpp/environment/ament_prefix_path.dsv
[1.061s] -- Up-to-date: /root/rm_ws/install/turtle_cpp/share/turtle_cpp/environment/path.sh
[1.061s] -- Up-to-date: /root/rm_ws/install/turtle_cpp/share/turtle_cpp/environment/path.dsv
[1.061s] -- Up-to-date: /root/rm_ws/install/turtle_cpp/share/turtle_cpp/local_setup.bash
[1.061s] -- Up-to-date: /root/rm_ws/install/turtle_cpp/share/turtle_cpp/local_setup.sh
[1.061s] -- Up-to-date: /root/rm_ws/install/turtle_cpp/share/turtle_cpp/local_setup.zsh
[1.061s] -- Up-to-date: /root/rm_ws/install/turtle_cpp/share/turtle_cpp/local_setup.dsv
[1.061s] -- Installing: /root/rm_ws/install/turtle_cpp/share/turtle_cpp/package.dsv
[1.061s] -- Up-to-date: /root/rm_ws/install/turtle_cpp/share/ament_index/resource_index/packages/turtle_cpp
[1.062s] -- Up-to-date: /root/rm_ws/install/turtle_cpp/share/turtle_cpp/cmake/turtle_cppConfig.cmake
[1.062s] -- Up-to-date: /root/rm_ws/install/turtle_cpp/share/turtle_cpp/cmake/turtle_cppConfig-version.cmake
[1.062s] -- Up-to-date: /root/rm_ws/install/turtle_cpp/share/turtle_cpp/package.xml
[1.067s] Invoked command in '/root/rm_ws/build/turtle_cpp' returned '0': CMAKE_PREFIX_PATH=/opt/ros/humble /usr/bin/cmake --install /root/rm_ws/build/turtle_cpp
