[ 75%] Built target server
[ 62%] Built target sub
[ 62%] Built target pub
[100%] Built target client
-- Install configuration: ""
-- Up-to-date: /root/rm_ws/install/cpp_/lib/cpp_/pub
-- Up-to-date: /root/rm_ws/install/cpp_/lib/cpp_/sub
-- Up-to-date: /root/rm_ws/install/cpp_/lib/cpp_/server
-- Up-to-date: /root/rm_ws/install/cpp_/lib/cpp_/client
-- Up-to-date: /root/rm_ws/install/cpp_/share/ament_index/resource_index/package_run_dependencies/cpp_
-- Up-to-date: /root/rm_ws/install/cpp_/share/ament_index/resource_index/parent_prefix_path/cpp_
-- Up-to-date: /root/rm_ws/install/cpp_/share/cpp_/environment/ament_prefix_path.sh
-- Up-to-date: /root/rm_ws/install/cpp_/share/cpp_/environment/ament_prefix_path.dsv
-- Up-to-date: /root/rm_ws/install/cpp_/share/cpp_/environment/path.sh
-- Up-to-date: /root/rm_ws/install/cpp_/share/cpp_/environment/path.dsv
-- Up-to-date: /root/rm_ws/install/cpp_/share/cpp_/local_setup.bash
-- Up-to-date: /root/rm_ws/install/cpp_/share/cpp_/local_setup.sh
-- Up-to-date: /root/rm_ws/install/cpp_/share/cpp_/local_setup.zsh
-- Up-to-date: /root/rm_ws/install/cpp_/share/cpp_/local_setup.dsv
-- Installing: /root/rm_ws/install/cpp_/share/cpp_/package.dsv
-- Up-to-date: /root/rm_ws/install/cpp_/share/ament_index/resource_index/packages/cpp_
-- Up-to-date: /root/rm_ws/install/cpp_/share/cpp_/cmake/cpp_Config.cmake
-- Up-to-date: /root/rm_ws/install/cpp_/share/cpp_/cmake/cpp_Config-version.cmake
-- Up-to-date: /root/rm_ws/install/cpp_/share/cpp_/package.xml
