[0.605s] Invoking command in '/root/rm_ws/src/py_examples': PYTHONPATH=/root/rm_ws/build/py_examples/prefix_override:/usr/lib/python3/dist-packages/colcon_core/task/python/colcon_distutils_commands:/root/rm_ws/install/py_examples/lib/python3.10/site-packages:${PYTHONPATH} /usr/bin/python3 -W ignore:setup.py install is deprecated setup.py egg_info --egg-base ../../build/py_examples build --build-base /root/rm_ws/build/py_examples/build install --record /root/rm_ws/build/py_examples/install.log --single-version-externally-managed install_data
[0.826s] running egg_info
[0.826s] writing ../../build/py_examples/py_examples.egg-info/PKG-INFO
[0.827s] writing dependency_links to ../../build/py_examples/py_examples.egg-info/dependency_links.txt
[0.827s] writing entry points to ../../build/py_examples/py_examples.egg-info/entry_points.txt
[0.827s] writing requirements to ../../build/py_examples/py_examples.egg-info/requires.txt
[0.827s] writing top-level names to ../../build/py_examples/py_examples.egg-info/top_level.txt
[0.829s] reading manifest file '../../build/py_examples/py_examples.egg-info/SOURCES.txt'
[0.829s] writing manifest file '../../build/py_examples/py_examples.egg-info/SOURCES.txt'
[0.829s] running build
[0.829s] running build_py
[0.830s] running install
[0.830s] running install_lib
[0.831s] running install_data
[0.831s] running install_egg_info
[0.832s] removing '/root/rm_ws/install/py_examples/lib/python3.10/site-packages/py_examples-0.0.0-py3.10.egg-info' (and everything under it)
[0.832s] Copying ../../build/py_examples/py_examples.egg-info to /root/rm_ws/install/py_examples/lib/python3.10/site-packages/py_examples-0.0.0-py3.10.egg-info
[0.834s] running install_scripts
[0.857s] Installing client script to /root/rm_ws/install/py_examples/lib/py_examples
[0.857s] Installing pub script to /root/rm_ws/install/py_examples/lib/py_examples
[0.857s] Installing srv script to /root/rm_ws/install/py_examples/lib/py_examples
[0.857s] Installing sub script to /root/rm_ws/install/py_examples/lib/py_examples
[0.858s] writing list of installed files to '/root/rm_ws/build/py_examples/install.log'
[0.874s] Invoked command in '/root/rm_ws/src/py_examples' returned '0': PYTHONPATH=/root/rm_ws/build/py_examples/prefix_override:/usr/lib/python3/dist-packages/colcon_core/task/python/colcon_distutils_commands:/root/rm_ws/install/py_examples/lib/python3.10/site-packages:${PYTHONPATH} /usr/bin/python3 -W ignore:setup.py install is deprecated setup.py egg_info --egg-base ../../build/py_examples build --build-base /root/rm_ws/build/py_examples/build install --record /root/rm_ws/build/py_examples/install.log --single-version-externally-managed install_data
