[0.593s] Invoking command in '/root/rm_ws/src/turtle_sim': PYTHONPATH=/root/rm_ws/build/turtle_sim/prefix_override:/usr/lib/python3/dist-packages/colcon_core/task/python/colcon_distutils_commands:/root/rm_ws/install/turtle_sim/lib/python3.10/site-packages:${PYTHONPATH} /usr/bin/python3 -W ignore:setup.py install is deprecated setup.py egg_info --egg-base ../../build/turtle_sim build --build-base /root/rm_ws/build/turtle_sim/build install --record /root/rm_ws/build/turtle_sim/install.log --single-version-externally-managed install_data
[0.819s] running egg_info
[0.820s] writing ../../build/turtle_sim/turtle_sim.egg-info/PKG-INFO
[0.820s] writing dependency_links to ../../build/turtle_sim/turtle_sim.egg-info/dependency_links.txt
[0.820s] writing entry points to ../../build/turtle_sim/turtle_sim.egg-info/entry_points.txt
[0.821s] writing requirements to ../../build/turtle_sim/turtle_sim.egg-info/requires.txt
[0.821s] writing top-level names to ../../build/turtle_sim/turtle_sim.egg-info/top_level.txt
[0.822s] reading manifest file '../../build/turtle_sim/turtle_sim.egg-info/SOURCES.txt'
[0.823s] writing manifest file '../../build/turtle_sim/turtle_sim.egg-info/SOURCES.txt'
[0.823s] running build
[0.823s] running build_py
[0.823s] running install
[0.823s] running install_lib
[0.824s] running install_data
[0.825s] running install_egg_info
[0.826s] removing '/root/rm_ws/install/turtle_sim/lib/python3.10/site-packages/turtle_sim-0.0.0-py3.10.egg-info' (and everything under it)
[0.826s] Copying ../../build/turtle_sim/turtle_sim.egg-info to /root/rm_ws/install/turtle_sim/lib/python3.10/site-packages/turtle_sim-0.0.0-py3.10.egg-info
[0.827s] running install_scripts
[0.854s] Installing controller script to /root/rm_ws/install/turtle_sim/lib/turtle_sim
[0.854s] Installing d script to /root/rm_ws/install/turtle_sim/lib/turtle_sim
[0.854s] Installing draw_circle script to /root/rm_ws/install/turtle_sim/lib/turtle_sim
[0.854s] Installing goal script to /root/rm_ws/install/turtle_sim/lib/turtle_sim
[0.855s] Installing polygon script to /root/rm_ws/install/turtle_sim/lib/turtle_sim
[0.855s] writing list of installed files to '/root/rm_ws/build/turtle_sim/install.log'
[0.872s] Invoked command in '/root/rm_ws/src/turtle_sim' returned '0': PYTHONPATH=/root/rm_ws/build/turtle_sim/prefix_override:/usr/lib/python3/dist-packages/colcon_core/task/python/colcon_distutils_commands:/root/rm_ws/install/turtle_sim/lib/python3.10/site-packages:${PYTHONPATH} /usr/bin/python3 -W ignore:setup.py install is deprecated setup.py egg_info --egg-base ../../build/turtle_sim build --build-base /root/rm_ws/build/turtle_sim/build install --record /root/rm_ws/build/turtle_sim/install.log --single-version-externally-managed install_data
