In file included from [01m[K/opt/ros/humble/include/rclcpp/rclcpp/logging.hpp:24[m[K,
                 from [01m[K/opt/ros/humble/include/rclcpp/rclcpp/client.hpp:40[m[K,
                 from [01m[K/opt/ros/humble/include/rclcpp/rclcpp/callback_group.hpp:24[m[K,
                 from [01m[K/opt/ros/humble/include/rclcpp/rclcpp/any_executable.hpp:20[m[K,
                 from [01m[K/opt/ros/humble/include/rclcpp/rclcpp/memory_strategy.hpp:25[m[K,
                 from [01m[K/opt/ros/humble/include/rclcpp/rclcpp/memory_strategies.hpp:18[m[K,
                 from [01m[K/opt/ros/humble/include/rclcpp/rclcpp/executor_options.hpp:20[m[K,
                 from [01m[K/opt/ros/humble/include/rclcpp/rclcpp/executor.hpp:37[m[K,
                 from [01m[K/opt/ros/humble/include/rclcpp/rclcpp/executors/multi_threaded_executor.hpp:25[m[K,
                 from [01m[K/opt/ros/humble/include/rclcpp/rclcpp/executors.hpp:21[m[K,
                 from [01m[K/opt/ros/humble/include/rclcpp/rclcpp/rclcpp.hpp:155[m[K,
                 from [01m[K/root/rm_ws/src/cpp_/src/server_.cpp:1[m[K:
[01m[K/root/rm_ws/src/cpp_/src/server_.cpp:[m[K In member function ‘[01m[Kvoid Server::callback(std::shared_ptr<example_interfaces::srv::AddTwoInts_Request_<std::allocator<void> > >, std::shared_ptr<example_interfaces::srv::AddTwoInts_Response_<std::allocator<void> > >)[m[K’:
[01m[K/root/rm_ws/src/cpp_/src/server_.cpp:18:40:[m[K [01;35m[Kwarning: [m[Kformat ‘[01m[K%lld[m[K’ expects argument of type ‘[01m[Klong long int[m[K’, but argument 5 has type ‘[01m[Kexample_interfaces::srv::AddTwoInts_Request_<std::allocator<void> >::_a_type[m[K’ {aka ‘[01m[Klong int[m[K’} [[01;35m[K-Wformat=[m[K]
   18 |         RCLCPP_INFO(this->get_logger(),[01;35m[K" %lld + %lld = %lld"[m[K,[32m[Krequest->a[m[K,request->b,response->sum);
      |                                        [01;35m[K^~~~~~~~~~~~~~~~~~~~~[m[K [32m[K~~~~~~~~~~[m[K
      |                                                                       [32m[K|[m[K
      |                                                                       [32m[Kexample_interfaces::srv::AddTwoInts_Request_<std::allocator<void> >::_a_type {aka long int}[m[K
[01m[K/root/rm_ws/src/cpp_/src/server_.cpp:18:45:[m[K [01;36m[Knote: [m[Kformat string is defined here
   18 |         RCLCPP_INFO(this->get_logger()," [01;36m[K%lld[m[K + %lld = %lld",request->a,request->b,response->sum);
      |                                          [01;36m[K~~~^[m[K
      |                                             [01;36m[K|[m[K
      |                                             [01;36m[Klong long int[m[K
      |                                          [32m[K%ld[m[K
In file included from [01m[K/opt/ros/humble/include/rclcpp/rclcpp/logging.hpp:24[m[K,
                 from [01m[K/opt/ros/humble/include/rclcpp/rclcpp/client.hpp:40[m[K,
                 from [01m[K/opt/ros/humble/include/rclcpp/rclcpp/callback_group.hpp:24[m[K,
                 from [01m[K/opt/ros/humble/include/rclcpp/rclcpp/any_executable.hpp:20[m[K,
                 from [01m[K/opt/ros/humble/include/rclcpp/rclcpp/memory_strategy.hpp:25[m[K,
                 from [01m[K/opt/ros/humble/include/rclcpp/rclcpp/memory_strategies.hpp:18[m[K,
                 from [01m[K/opt/ros/humble/include/rclcpp/rclcpp/executor_options.hpp:20[m[K,
                 from [01m[K/opt/ros/humble/include/rclcpp/rclcpp/executor.hpp:37[m[K,
                 from [01m[K/opt/ros/humble/include/rclcpp/rclcpp/executors/multi_threaded_executor.hpp:25[m[K,
                 from [01m[K/opt/ros/humble/include/rclcpp/rclcpp/executors.hpp:21[m[K,
                 from [01m[K/opt/ros/humble/include/rclcpp/rclcpp/rclcpp.hpp:155[m[K,
                 from [01m[K/root/rm_ws/src/cpp_/src/server_.cpp:1[m[K:
[01m[K/root/rm_ws/src/cpp_/src/server_.cpp:18:40:[m[K [01;35m[Kwarning: [m[Kformat ‘[01m[K%lld[m[K’ expects argument of type ‘[01m[Klong long int[m[K’, but argument 6 has type ‘[01m[Kexample_interfaces::srv::AddTwoInts_Request_<std::allocator<void> >::_b_type[m[K’ {aka ‘[01m[Klong int[m[K’} [[01;35m[K-Wformat=[m[K]
   18 |         RCLCPP_INFO(this->get_logger(),[01;35m[K" %lld + %lld = %lld"[m[K,request->a,[32m[Krequest->b[m[K,response->sum);
      |                                        [01;35m[K^~~~~~~~~~~~~~~~~~~~~[m[K            [32m[K~~~~~~~~~~[m[K
      |                                                                                  [32m[K|[m[K
      |                                                                                  [32m[Kexample_interfaces::srv::AddTwoInts_Request_<std::allocator<void> >::_b_type {aka long int}[m[K
[01m[K/root/rm_ws/src/cpp_/src/server_.cpp:18:52:[m[K [01;36m[Knote: [m[Kformat string is defined here
   18 |         RCLCPP_INFO(this->get_logger()," %lld + [01;36m[K%lld[m[K = %lld",request->a,request->b,response->sum);
      |                                                 [01;36m[K~~~^[m[K
      |                                                    [01;36m[K|[m[K
      |                                                    [01;36m[Klong long int[m[K
      |                                                 [32m[K%ld[m[K
In file included from [01m[K/opt/ros/humble/include/rclcpp/rclcpp/logging.hpp:24[m[K,
                 from [01m[K/opt/ros/humble/include/rclcpp/rclcpp/client.hpp:40[m[K,
                 from [01m[K/opt/ros/humble/include/rclcpp/rclcpp/callback_group.hpp:24[m[K,
                 from [01m[K/opt/ros/humble/include/rclcpp/rclcpp/any_executable.hpp:20[m[K,
                 from [01m[K/opt/ros/humble/include/rclcpp/rclcpp/memory_strategy.hpp:25[m[K,
                 from [01m[K/opt/ros/humble/include/rclcpp/rclcpp/memory_strategies.hpp:18[m[K,
                 from [01m[K/opt/ros/humble/include/rclcpp/rclcpp/executor_options.hpp:20[m[K,
                 from [01m[K/opt/ros/humble/include/rclcpp/rclcpp/executor.hpp:37[m[K,
                 from [01m[K/opt/ros/humble/include/rclcpp/rclcpp/executors/multi_threaded_executor.hpp:25[m[K,
                 from [01m[K/opt/ros/humble/include/rclcpp/rclcpp/executors.hpp:21[m[K,
                 from [01m[K/opt/ros/humble/include/rclcpp/rclcpp/rclcpp.hpp:155[m[K,
                 from [01m[K/root/rm_ws/src/cpp_/src/server_.cpp:1[m[K:
[01m[K/root/rm_ws/src/cpp_/src/server_.cpp:18:40:[m[K [01;35m[Kwarning: [m[Kformat ‘[01m[K%lld[m[K’ expects argument of type ‘[01m[Klong long int[m[K’, but argument 7 has type ‘[01m[Kexample_interfaces::srv::AddTwoInts_Response_<std::allocator<void> >::_sum_type[m[K’ {aka ‘[01m[Klong int[m[K’} [[01;35m[K-Wformat=[m[K]
   18 |         RCLCPP_INFO(this->get_logger(),[01;35m[K" %lld + %lld = %lld"[m[K,request->a,request->b,[32m[Kresponse->sum[m[K);
      |                                        [01;35m[K^~~~~~~~~~~~~~~~~~~~~[m[K                       [32m[K~~~~~~~~~~~~~[m[K
      |                                                                                              [32m[K|[m[K
      |                                                                                              [32m[Kexample_interfaces::srv::AddTwoInts_Response_<std::allocator<void> >::_sum_type {aka long int}[m[K
[01m[K/root/rm_ws/src/cpp_/src/server_.cpp:18:59:[m[K [01;36m[Knote: [m[Kformat string is defined here
   18 |         RCLCPP_INFO(this->get_logger()," %lld + %lld = [01;36m[K%lld[m[K",request->a,request->b,response->sum);
      |                                                        [01;36m[K~~~^[m[K
      |                                                           [01;36m[K|[m[K
      |                                                           [01;36m[Klong long int[m[K
      |                                                        [32m[K%ld[m[K
gmake[2]: *** [CMakeFiles/server.dir/build.make:174: server] Illegal instruction
gmake[1]: *** [CMakeFiles/Makefile2:195: CMakeFiles/server.dir/all] Error 2
gmake[1]: *** Waiting for unfinished jobs....
gmake: *** [Makefile:146: all] Error 2
