[0.038s] Invoking command in '/root/rm_ws/build/cpp_': CMAKE_PREFIX_PATH=/opt/ros/humble /usr/bin/cmake /root/rm_ws/src/cpp_ -DCMAKE_INSTALL_PREFIX=/root/rm_ws/install/cpp_
[0.439s] -- The C compiler identification is GNU 11.4.0
[0.763s] -- The CXX compiler identification is GNU 11.4.0
[0.788s] -- Detecting C compiler ABI info
[1.304s] -- Detecting C compiler ABI info - done
[1.319s] -- Check for working C compiler: /usr/bin/cc - skipped
[1.319s] -- Detecting C compile features
[1.320s] -- Detecting C compile features - done
[1.322s] -- Detecting CXX compiler ABI info
[1.775s] -- Detecting CXX compiler ABI info - done
[1.789s] -- Check for working CXX compiler: /usr/bin/c++ - skipped
[1.789s] -- Detecting CXX compile features
[1.789s] -- Detecting CXX compile features - done
[1.796s] -- Found ament_cmake: 1.3.10 (/opt/ros/humble/share/ament_cmake/cmake)
[2.389s] -- Found Python3: /usr/bin/python3 (found version "3.10.12") found components: Interpreter 
[2.622s] -- Found rclcpp: 16.0.10 (/opt/ros/humble/share/rclcpp/cmake)
[2.651s] -- Found rosidl_generator_c: 3.1.5 (/opt/ros/humble/share/rosidl_generator_c/cmake)
[2.654s] -- Found rosidl_adapter: 3.1.5 (/opt/ros/humble/share/rosidl_adapter/cmake)
[2.660s] -- Found rosidl_generator_cpp: 3.1.5 (/opt/ros/humble/share/rosidl_generator_cpp/cmake)
[2.668s] -- Using all available rosidl_typesupport_c: rosidl_typesupport_fastrtps_c;rosidl_typesupport_introspection_c
[2.679s] -- Using all available rosidl_typesupport_cpp: rosidl_typesupport_fastrtps_cpp;rosidl_typesupport_introspection_cpp
[2.710s] -- Found rmw_implementation_cmake: 6.1.2 (/opt/ros/humble/share/rmw_implementation_cmake/cmake)
[2.712s] -- Found rmw_fastrtps_cpp: 6.2.7 (/opt/ros/humble/share/rmw_fastrtps_cpp/cmake)
[3.123s] -- Found OpenSSL: /usr/lib/x86_64-linux-gnu/libcrypto.so (found version "3.0.2")  
[3.153s] -- Found FastRTPS: /opt/ros/humble/include  
[3.206s] -- Using RMW implementation 'rmw_fastrtps_cpp' as default
[3.212s] -- Looking for pthread.h
[3.714s] -- Looking for pthread.h - found
[3.715s] -- Performing Test CMAKE_HAVE_LIBC_PTHREAD
[4.221s] -- Performing Test CMAKE_HAVE_LIBC_PTHREAD - Success
[4.222s] -- Found Threads: TRUE  
[4.269s] -- Found example_interfaces: 0.9.3 (/opt/ros/humble/share/example_interfaces/cmake)
[4.355s] -- Found ament_lint_auto: 0.12.11 (/opt/ros/humble/share/ament_lint_auto/cmake)
[4.527s] -- Added test 'cppcheck' to perform static code analysis on C / C++ code
[4.527s] -- Configured cppcheck include dirs: 
[4.527s] -- Configured cppcheck exclude dirs and/or files: 
[4.528s] -- Added test 'lint_cmake' to check CMake code style
[4.529s] -- Added test 'uncrustify' to check C / C++ code style
[4.529s] -- Configured uncrustify additional arguments: 
[4.529s] -- Added test 'xmllint' to check XML markup files
[4.531s] -- Configuring done
[4.563s] -- Generating done
[4.565s] -- Build files have been written to: /root/rm_ws/build/cpp_
[4.581s] Invoked command in '/root/rm_ws/build/cpp_' returned '0': CMAKE_PREFIX_PATH=/opt/ros/humble /usr/bin/cmake /root/rm_ws/src/cpp_ -DCMAKE_INSTALL_PREFIX=/root/rm_ws/install/cpp_
[4.586s] Invoking command in '/root/rm_ws/build/cpp_': CMAKE_PREFIX_PATH=/opt/ros/humble /usr/bin/cmake --build /root/rm_ws/build/cpp_ -- -j8 -l8
[4.957s] [ 12%] [32mBuilding CXX object CMakeFiles/pub.dir/src/pub.cpp.o[0m
[4.959s] [ 25%] [32mBuilding CXX object CMakeFiles/server.dir/src/server_.cpp.o[0m
[4.963s] [ 37%] [32mBuilding CXX object CMakeFiles/client.dir/src/client_.cpp.o[0m
[4.966s] [ 50%] [32mBuilding CXX object CMakeFiles/sub.dir/src/sub.cpp.o[0m
[8.979s] In file included from [01m[K/opt/ros/humble/include/rclcpp/rclcpp/logging.hpp:24[m[K,
[8.980s]                  from [01m[K/opt/ros/humble/include/rclcpp/rclcpp/client.hpp:40[m[K,
[8.980s]                  from [01m[K/opt/ros/humble/include/rclcpp/rclcpp/callback_group.hpp:24[m[K,
[8.980s]                  from [01m[K/opt/ros/humble/include/rclcpp/rclcpp/any_executable.hpp:20[m[K,
[8.980s]                  from [01m[K/opt/ros/humble/include/rclcpp/rclcpp/memory_strategy.hpp:25[m[K,
[8.981s]                  from [01m[K/opt/ros/humble/include/rclcpp/rclcpp/memory_strategies.hpp:18[m[K,
[8.981s]                  from [01m[K/opt/ros/humble/include/rclcpp/rclcpp/executor_options.hpp:20[m[K,
[8.981s]                  from [01m[K/opt/ros/humble/include/rclcpp/rclcpp/executor.hpp:37[m[K,
[8.981s]                  from [01m[K/opt/ros/humble/include/rclcpp/rclcpp/executors/multi_threaded_executor.hpp:25[m[K,
[8.981s]                  from [01m[K/opt/ros/humble/include/rclcpp/rclcpp/executors.hpp:21[m[K,
[8.982s]                  from [01m[K/opt/ros/humble/include/rclcpp/rclcpp/rclcpp.hpp:155[m[K,
[8.982s]                  from [01m[K/root/rm_ws/src/cpp_/src/server_.cpp:1[m[K:
[8.982s] [01m[K/root/rm_ws/src/cpp_/src/server_.cpp:[m[K In member function ‘[01m[Kvoid Server::callback(std::shared_ptr<example_interfaces::srv::AddTwoInts_Request_<std::allocator<void> > >, std::shared_ptr<example_interfaces::srv::AddTwoInts_Response_<std::allocator<void> > >)[m[K’:
[8.982s] [01m[K/root/rm_ws/src/cpp_/src/server_.cpp:18:40:[m[K [01;35m[Kwarning: [m[Kformat ‘[01m[K%lld[m[K’ expects argument of type ‘[01m[Klong long int[m[K’, but argument 5 has type ‘[01m[Kexample_interfaces::srv::AddTwoInts_Request_<std::allocator<void> >::_a_type[m[K’ {aka ‘[01m[Klong int[m[K’} [[01;35m[K-Wformat=[m[K]
[8.983s]    18 |         RCLCPP_INFO(this->get_logger(),[01;35m[K" %lld + %lld = %lld"[m[K,[32m[Krequest->a[m[K,request->b,response->sum);
[8.983s]       |                                        [01;35m[K^~~~~~~~~~~~~~~~~~~~~[m[K [32m[K~~~~~~~~~~[m[K
[8.983s]       |                                                                       [32m[K|[m[K
[8.983s]       |                                                                       [32m[Kexample_interfaces::srv::AddTwoInts_Request_<std::allocator<void> >::_a_type {aka long int}[m[K
[8.983s] [01m[K/root/rm_ws/src/cpp_/src/server_.cpp:18:45:[m[K [01;36m[Knote: [m[Kformat string is defined here
[8.984s]    18 |         RCLCPP_INFO(this->get_logger()," [01;36m[K%lld[m[K + %lld = %lld",request->a,request->b,response->sum);
[8.984s]       |                                          [01;36m[K~~~^[m[K
[8.984s]       |                                             [01;36m[K|[m[K
[8.984s]       |                                             [01;36m[Klong long int[m[K
[8.984s]       |                                          [32m[K%ld[m[K
[8.984s] In file included from [01m[K/opt/ros/humble/include/rclcpp/rclcpp/logging.hpp:24[m[K,
[8.985s]                  from [01m[K/opt/ros/humble/include/rclcpp/rclcpp/client.hpp:40[m[K,
[8.985s]                  from [01m[K/opt/ros/humble/include/rclcpp/rclcpp/callback_group.hpp:24[m[K,
[8.985s]                  from [01m[K/opt/ros/humble/include/rclcpp/rclcpp/any_executable.hpp:20[m[K,
[8.985s]                  from [01m[K/opt/ros/humble/include/rclcpp/rclcpp/memory_strategy.hpp:25[m[K,
[8.985s]                  from [01m[K/opt/ros/humble/include/rclcpp/rclcpp/memory_strategies.hpp:18[m[K,
[8.986s]                  from [01m[K/opt/ros/humble/include/rclcpp/rclcpp/executor_options.hpp:20[m[K,
[8.986s]                  from [01m[K/opt/ros/humble/include/rclcpp/rclcpp/executor.hpp:37[m[K,
[8.986s]                  from [01m[K/opt/ros/humble/include/rclcpp/rclcpp/executors/multi_threaded_executor.hpp:25[m[K,
[8.986s]                  from [01m[K/opt/ros/humble/include/rclcpp/rclcpp/executors.hpp:21[m[K,
[8.986s]                  from [01m[K/opt/ros/humble/include/rclcpp/rclcpp/rclcpp.hpp:155[m[K,
[8.986s]                  from [01m[K/root/rm_ws/src/cpp_/src/server_.cpp:1[m[K:
[8.987s] [01m[K/root/rm_ws/src/cpp_/src/server_.cpp:18:40:[m[K [01;35m[Kwarning: [m[Kformat ‘[01m[K%lld[m[K’ expects argument of type ‘[01m[Klong long int[m[K’, but argument 6 has type ‘[01m[Kexample_interfaces::srv::AddTwoInts_Request_<std::allocator<void> >::_b_type[m[K’ {aka ‘[01m[Klong int[m[K’} [[01;35m[K-Wformat=[m[K]
[8.987s]    18 |         RCLCPP_INFO(this->get_logger(),[01;35m[K" %lld + %lld = %lld"[m[K,request->a,[32m[Krequest->b[m[K,response->sum);
[8.987s]       |                                        [01;35m[K^~~~~~~~~~~~~~~~~~~~~[m[K            [32m[K~~~~~~~~~~[m[K
[8.987s]       |                                                                                  [32m[K|[m[K
[8.987s]       |                                                                                  [32m[Kexample_interfaces::srv::AddTwoInts_Request_<std::allocator<void> >::_b_type {aka long int}[m[K
[8.988s] [01m[K/root/rm_ws/src/cpp_/src/server_.cpp:18:52:[m[K [01;36m[Knote: [m[Kformat string is defined here
[8.988s]    18 |         RCLCPP_INFO(this->get_logger()," %lld + [01;36m[K%lld[m[K = %lld",request->a,request->b,response->sum);
[8.988s]       |                                                 [01;36m[K~~~^[m[K
[8.988s]       |                                                    [01;36m[K|[m[K
[8.988s]       |                                                    [01;36m[Klong long int[m[K
[8.988s]       |                                                 [32m[K%ld[m[K
[8.989s] In file included from [01m[K/opt/ros/humble/include/rclcpp/rclcpp/logging.hpp:24[m[K,
[8.989s]                  from [01m[K/opt/ros/humble/include/rclcpp/rclcpp/client.hpp:40[m[K,
[8.989s]                  from [01m[K/opt/ros/humble/include/rclcpp/rclcpp/callback_group.hpp:24[m[K,
[8.989s]                  from [01m[K/opt/ros/humble/include/rclcpp/rclcpp/any_executable.hpp:20[m[K,
[8.989s]                  from [01m[K/opt/ros/humble/include/rclcpp/rclcpp/memory_strategy.hpp:25[m[K,
[8.989s]                  from [01m[K/opt/ros/humble/include/rclcpp/rclcpp/memory_strategies.hpp:18[m[K,
[8.989s]                  from [01m[K/opt/ros/humble/include/rclcpp/rclcpp/executor_options.hpp:20[m[K,
[8.989s]                  from [01m[K/opt/ros/humble/include/rclcpp/rclcpp/executor.hpp:37[m[K,
[8.990s]                  from [01m[K/opt/ros/humble/include/rclcpp/rclcpp/executors/multi_threaded_executor.hpp:25[m[K,
[8.990s]                  from [01m[K/opt/ros/humble/include/rclcpp/rclcpp/executors.hpp:21[m[K,
[8.990s]                  from [01m[K/opt/ros/humble/include/rclcpp/rclcpp/rclcpp.hpp:155[m[K,
[8.990s]                  from [01m[K/root/rm_ws/src/cpp_/src/server_.cpp:1[m[K:
[8.990s] [01m[K/root/rm_ws/src/cpp_/src/server_.cpp:18:40:[m[K [01;35m[Kwarning: [m[Kformat ‘[01m[K%lld[m[K’ expects argument of type ‘[01m[Klong long int[m[K’, but argument 7 has type ‘[01m[Kexample_interfaces::srv::AddTwoInts_Response_<std::allocator<void> >::_sum_type[m[K’ {aka ‘[01m[Klong int[m[K’} [[01;35m[K-Wformat=[m[K]
[8.990s]    18 |         RCLCPP_INFO(this->get_logger(),[01;35m[K" %lld + %lld = %lld"[m[K,request->a,request->b,[32m[Kresponse->sum[m[K);
[8.990s]       |                                        [01;35m[K^~~~~~~~~~~~~~~~~~~~~[m[K                       [32m[K~~~~~~~~~~~~~[m[K
[8.990s]       |                                                                                              [32m[K|[m[K
[8.990s]       |                                                                                              [32m[Kexample_interfaces::srv::AddTwoInts_Response_<std::allocator<void> >::_sum_type {aka long int}[m[K
[8.990s] [01m[K/root/rm_ws/src/cpp_/src/server_.cpp:18:59:[m[K [01;36m[Knote: [m[Kformat string is defined here
[8.990s]    18 |         RCLCPP_INFO(this->get_logger()," %lld + %lld = [01;36m[K%lld[m[K",request->a,request->b,response->sum);
[8.990s]       |                                                        [01;36m[K~~~^[m[K
[8.990s]       |                                                           [01;36m[K|[m[K
[8.990s]       |                                                           [01;36m[Klong long int[m[K
[8.990s]       |                                                        [32m[K%ld[m[K
[10.631s] gmake[2]: *** [CMakeFiles/server.dir/build.make:174: server] Illegal instruction
[10.635s] gmake[1]: *** [CMakeFiles/Makefile2:195: CMakeFiles/server.dir/all] Error 2
[10.636s] gmake[1]: *** Waiting for unfinished jobs....
[10.780s] [ 62%] [32m[1mLinking CXX executable client[0m
[11.233s] [ 62%] Built target client
[11.489s] [ 75%] [32m[1mLinking CXX executable pub[0m
[11.906s] [ 75%] Built target pub
[14.396s] [ 87%] [32m[1mLinking CXX executable sub[0m
[15.114s] [ 87%] Built target sub
[15.120s] gmake: *** [Makefile:146: all] Error 2
[15.137s] Invoked command in '/root/rm_ws/build/cpp_' returned '2': CMAKE_PREFIX_PATH=/opt/ros/humble /usr/bin/cmake --build /root/rm_ws/build/cpp_ -- -j8 -l8
