running egg_info
creating ../../build/py_examples/py_examples.egg-info
writing ../../build/py_examples/py_examples.egg-info/PKG-INFO
writing dependency_links to ../../build/py_examples/py_examples.egg-info/dependency_links.txt
writing entry points to ../../build/py_examples/py_examples.egg-info/entry_points.txt
writing requirements to ../../build/py_examples/py_examples.egg-info/requires.txt
writing top-level names to ../../build/py_examples/py_examples.egg-info/top_level.txt
writing manifest file '../../build/py_examples/py_examples.egg-info/SOURCES.txt'
reading manifest file '../../build/py_examples/py_examples.egg-info/SOURCES.txt'
writing manifest file '../../build/py_examples/py_examples.egg-info/SOURCES.txt'
running build
running build_py
creating /root/rm_ws/build/py_examples/build
creating /root/rm_ws/build/py_examples/build/lib
creating /root/rm_ws/build/py_examples/build/lib/py_examples
copying py_examples/sub.py -> /root/rm_ws/build/py_examples/build/lib/py_examples
copying py_examples/pub.py -> /root/rm_ws/build/py_examples/build/lib/py_examples
copying py_examples/__init__.py -> /root/rm_ws/build/py_examples/build/lib/py_examples
copying py_examples/server.py -> /root/rm_ws/build/py_examples/build/lib/py_examples
copying py_examples/client.py -> /root/rm_ws/build/py_examples/build/lib/py_examples
running install
running install_lib
creating /root/rm_ws/install/py_examples/lib/python3.10/site-packages/py_examples
copying /root/rm_ws/build/py_examples/build/lib/py_examples/sub.py -> /root/rm_ws/install/py_examples/lib/python3.10/site-packages/py_examples
copying /root/rm_ws/build/py_examples/build/lib/py_examples/pub.py -> /root/rm_ws/install/py_examples/lib/python3.10/site-packages/py_examples
copying /root/rm_ws/build/py_examples/build/lib/py_examples/__init__.py -> /root/rm_ws/install/py_examples/lib/python3.10/site-packages/py_examples
copying /root/rm_ws/build/py_examples/build/lib/py_examples/server.py -> /root/rm_ws/install/py_examples/lib/python3.10/site-packages/py_examples
copying /root/rm_ws/build/py_examples/build/lib/py_examples/client.py -> /root/rm_ws/install/py_examples/lib/python3.10/site-packages/py_examples
byte-compiling /root/rm_ws/install/py_examples/lib/python3.10/site-packages/py_examples/sub.py to sub.cpython-310.pyc
byte-compiling /root/rm_ws/install/py_examples/lib/python3.10/site-packages/py_examples/pub.py to pub.cpython-310.pyc
byte-compiling /root/rm_ws/install/py_examples/lib/python3.10/site-packages/py_examples/__init__.py to __init__.cpython-310.pyc
byte-compiling /root/rm_ws/install/py_examples/lib/python3.10/site-packages/py_examples/server.py to server.cpython-310.pyc
byte-compiling /root/rm_ws/install/py_examples/lib/python3.10/site-packages/py_examples/client.py to client.cpython-310.pyc
running install_data
creating /root/rm_ws/install/py_examples/share/ament_index
creating /root/rm_ws/install/py_examples/share/ament_index/resource_index
creating /root/rm_ws/install/py_examples/share/ament_index/resource_index/packages
copying resource/py_examples -> /root/rm_ws/install/py_examples/share/ament_index/resource_index/packages
copying package.xml -> /root/rm_ws/install/py_examples/share/py_examples
running install_egg_info
Copying ../../build/py_examples/py_examples.egg-info to /root/rm_ws/install/py_examples/lib/python3.10/site-packages/py_examples-0.0.0-py3.10.egg-info
running install_scripts
Installing client script to /root/rm_ws/install/py_examples/lib/py_examples
Installing pub script to /root/rm_ws/install/py_examples/lib/py_examples
Installing srv script to /root/rm_ws/install/py_examples/lib/py_examples
Installing sub script to /root/rm_ws/install/py_examples/lib/py_examples
writing list of installed files to '/root/rm_ws/build/py_examples/install.log'
