[0.035s] Invoking command in '/root/rm_ws/build/cpp_': CMAKE_PREFIX_PATH=/opt/ros/humble /usr/bin/cmake --build /root/rm_ws/build/cpp_ -- -j8 -l8
[0.403s] [ 25%] Built target sub
[0.405s] [ 50%] Built target server
[0.408s] [ 75%] Built target pub
[0.411s] [100%] Built target client
[0.453s] Invoked command in '/root/rm_ws/build/cpp_' returned '0': CMAKE_PREFIX_PATH=/opt/ros/humble /usr/bin/cmake --build /root/rm_ws/build/cpp_ -- -j8 -l8
[0.923s] Invoking command in '/root/rm_ws/build/cpp_': CMAKE_PREFIX_PATH=/opt/ros/humble /usr/bin/cmake --install /root/rm_ws/build/cpp_
[0.973s] -- Install configuration: ""
[0.976s] -- Up-to-date: /root/rm_ws/install/cpp_/lib/cpp_/pub
[0.977s] -- Up-to-date: /root/rm_ws/install/cpp_/lib/cpp_/sub
[0.977s] -- Up-to-date: /root/rm_ws/install/cpp_/lib/cpp_/server
[0.977s] -- Up-to-date: /root/rm_ws/install/cpp_/lib/cpp_/client
[0.978s] -- Up-to-date: /root/rm_ws/install/cpp_/share/ament_index/resource_index/package_run_dependencies/cpp_
[0.978s] -- Up-to-date: /root/rm_ws/install/cpp_/share/ament_index/resource_index/parent_prefix_path/cpp_
[0.978s] -- Up-to-date: /root/rm_ws/install/cpp_/share/cpp_/environment/ament_prefix_path.sh
[0.978s] -- Up-to-date: /root/rm_ws/install/cpp_/share/cpp_/environment/ament_prefix_path.dsv
[0.978s] -- Up-to-date: /root/rm_ws/install/cpp_/share/cpp_/environment/path.sh
[0.978s] -- Up-to-date: /root/rm_ws/install/cpp_/share/cpp_/environment/path.dsv
[0.978s] -- Up-to-date: /root/rm_ws/install/cpp_/share/cpp_/local_setup.bash
[0.978s] -- Up-to-date: /root/rm_ws/install/cpp_/share/cpp_/local_setup.sh
[0.978s] -- Up-to-date: /root/rm_ws/install/cpp_/share/cpp_/local_setup.zsh
[0.978s] -- Up-to-date: /root/rm_ws/install/cpp_/share/cpp_/local_setup.dsv
[0.978s] -- Installing: /root/rm_ws/install/cpp_/share/cpp_/package.dsv
[0.979s] -- Up-to-date: /root/rm_ws/install/cpp_/share/ament_index/resource_index/packages/cpp_
[0.979s] -- Up-to-date: /root/rm_ws/install/cpp_/share/cpp_/cmake/cpp_Config.cmake
[0.979s] -- Up-to-date: /root/rm_ws/install/cpp_/share/cpp_/cmake/cpp_Config-version.cmake
[0.979s] -- Up-to-date: /root/rm_ws/install/cpp_/share/cpp_/package.xml
[0.985s] Invoked command in '/root/rm_ws/build/cpp_' returned '0': CMAKE_PREFIX_PATH=/opt/ros/humble /usr/bin/cmake --install /root/rm_ws/build/cpp_
