[0.099s] DEBUG:colcon:Command line arguments: ['/usr/bin/colcon', 'build', '--executor', 'sequential']
[0.100s] DEBUG:colcon:Parsed command line arguments: Namespace(log_base=None, log_level=None, verb_name='build', build_base='build', install_base='install', merge_install=False, symlink_install=False, test_result_base=None, continue_on_error=False, executor='sequential', parallel_workers=8, event_handlers=None, ignore_user_meta=False, metas=['./colcon.meta'], base_paths=['.'], packages_ignore=None, packages_ignore_regex=None, paths=None, packages_up_to=None, packages_up_to_regex=None, packages_above=None, packages_above_and_dependencies=None, packages_above_depth=None, packages_select_by_dep=None, packages_skip_by_dep=None, packages_skip_up_to=None, packages_select_build_failed=False, packages_skip_build_finished=False, packages_select_test_failures=False, packages_skip_test_passed=False, packages_select=None, packages_skip=None, packages_select_regex=None, packages_skip_regex=None, packages_start=None, packages_end=None, cmake_args=None, cmake_target=None, cmake_target_skip_unavailable=False, cmake_clean_cache=False, cmake_clean_first=False, cmake_force_configure=False, ament_cmake_args=None, catkin_cmake_args=None, catkin_skip_building_tests=False, mixin_files=None, mixin=None, verb_parser=<colcon_mixin.mixin.mixin_argument.MixinArgumentDecorator object at 0x7ffffe1cbaf0>, verb_extension=<colcon_core.verb.build.BuildVerb object at 0x7ffffe1cb460>, main=<bound method BuildVerb.main of <colcon_core.verb.build.BuildVerb object at 0x7ffffe1cb460>>, mixin_verb=('build',))
[0.188s] Level 1:colcon.colcon_core.package_discovery:discover_packages(colcon_meta) check parameters
[0.188s] INFO:colcon.colcon_metadata.package_discovery.colcon_meta:Using configuration from '/root/.colcon/metadata/default/Gazebo.meta'
[0.189s] INFO:colcon.colcon_metadata.package_discovery.colcon_meta:Using configuration from '/root/.colcon/metadata/default/fastrtps.meta'
[0.189s] Level 1:colcon.colcon_core.package_discovery:discover_packages(recursive) check parameters
[0.189s] Level 1:colcon.colcon_core.package_discovery:discover_packages(ignore) check parameters
[0.189s] Level 1:colcon.colcon_core.package_discovery:discover_packages(path) check parameters
[0.189s] Level 1:colcon.colcon_core.package_discovery:discover_packages(colcon_meta) discover
[0.189s] Level 1:colcon.colcon_core.package_discovery:discover_packages(recursive) discover
[0.189s] INFO:colcon.colcon_core.package_discovery:Crawling recursively for packages in '/root/rm_ws'
[0.189s] Level 1:colcon.colcon_core.package_identification:_identify(.) by extensions ['ignore', 'ignore_ament_install']
[0.189s] Level 1:colcon.colcon_core.package_identification:_identify(.) by extension 'ignore'
[0.189s] Level 1:colcon.colcon_core.package_identification:_identify(.) by extension 'ignore_ament_install'
[0.189s] Level 1:colcon.colcon_core.package_identification:_identify(.) by extensions ['colcon_pkg']
[0.189s] Level 1:colcon.colcon_core.package_identification:_identify(.) by extension 'colcon_pkg'
[0.189s] Level 1:colcon.colcon_core.package_identification:_identify(.) by extensions ['colcon_meta']
[0.189s] Level 1:colcon.colcon_core.package_identification:_identify(.) by extension 'colcon_meta'
[0.189s] Level 1:colcon.colcon_core.package_identification:_identify(.) by extensions ['ros']
[0.189s] Level 1:colcon.colcon_core.package_identification:_identify(.) by extension 'ros'
[0.197s] Level 1:colcon.colcon_core.package_identification:_identify(.) by extensions ['cmake', 'python']
[0.197s] Level 1:colcon.colcon_core.package_identification:_identify(.) by extension 'cmake'
[0.197s] Level 1:colcon.colcon_core.package_identification:_identify(.) by extension 'python'
[0.197s] Level 1:colcon.colcon_core.package_identification:_identify(.) by extensions ['python_setup_py']
[0.197s] Level 1:colcon.colcon_core.package_identification:_identify(.) by extension 'python_setup_py'
[0.197s] Level 1:colcon.colcon_core.package_identification:_identify(build) by extensions ['ignore', 'ignore_ament_install']
[0.197s] Level 1:colcon.colcon_core.package_identification:_identify(build) by extension 'ignore'
[0.197s] Level 1:colcon.colcon_core.package_identification:_identify(build) ignored
[0.197s] Level 1:colcon.colcon_core.package_identification:_identify(install) by extensions ['ignore', 'ignore_ament_install']
[0.197s] Level 1:colcon.colcon_core.package_identification:_identify(install) by extension 'ignore'
[0.197s] Level 1:colcon.colcon_core.package_identification:_identify(install) ignored
[0.197s] Level 1:colcon.colcon_core.package_identification:_identify(log) by extensions ['ignore', 'ignore_ament_install']
[0.198s] Level 1:colcon.colcon_core.package_identification:_identify(log) by extension 'ignore'
[0.198s] Level 1:colcon.colcon_core.package_identification:_identify(log) ignored
[0.198s] Level 1:colcon.colcon_core.package_identification:_identify(src) by extensions ['ignore', 'ignore_ament_install']
[0.198s] Level 1:colcon.colcon_core.package_identification:_identify(src) by extension 'ignore'
[0.198s] Level 1:colcon.colcon_core.package_identification:_identify(src) by extension 'ignore_ament_install'
[0.198s] Level 1:colcon.colcon_core.package_identification:_identify(src) by extensions ['colcon_pkg']
[0.198s] Level 1:colcon.colcon_core.package_identification:_identify(src) by extension 'colcon_pkg'
[0.198s] Level 1:colcon.colcon_core.package_identification:_identify(src) by extensions ['colcon_meta']
[0.198s] Level 1:colcon.colcon_core.package_identification:_identify(src) by extension 'colcon_meta'
[0.198s] Level 1:colcon.colcon_core.package_identification:_identify(src) by extensions ['ros']
[0.198s] Level 1:colcon.colcon_core.package_identification:_identify(src) by extension 'ros'
[0.198s] Level 1:colcon.colcon_core.package_identification:_identify(src) by extensions ['cmake', 'python']
[0.198s] Level 1:colcon.colcon_core.package_identification:_identify(src) by extension 'cmake'
[0.198s] Level 1:colcon.colcon_core.package_identification:_identify(src) by extension 'python'
[0.198s] Level 1:colcon.colcon_core.package_identification:_identify(src) by extensions ['python_setup_py']
[0.198s] Level 1:colcon.colcon_core.package_identification:_identify(src) by extension 'python_setup_py'
[0.198s] Level 1:colcon.colcon_core.package_identification:_identify(src/chat) by extensions ['ignore', 'ignore_ament_install']
[0.198s] Level 1:colcon.colcon_core.package_identification:_identify(src/chat) by extension 'ignore'
[0.198s] Level 1:colcon.colcon_core.package_identification:_identify(src/chat) by extension 'ignore_ament_install'
[0.198s] Level 1:colcon.colcon_core.package_identification:_identify(src/chat) by extensions ['colcon_pkg']
[0.198s] Level 1:colcon.colcon_core.package_identification:_identify(src/chat) by extension 'colcon_pkg'
[0.198s] Level 1:colcon.colcon_core.package_identification:_identify(src/chat) by extensions ['colcon_meta']
[0.198s] Level 1:colcon.colcon_core.package_identification:_identify(src/chat) by extension 'colcon_meta'
[0.198s] Level 1:colcon.colcon_core.package_identification:_identify(src/chat) by extensions ['ros']
[0.198s] Level 1:colcon.colcon_core.package_identification:_identify(src/chat) by extension 'ros'
[0.203s] DEBUG:colcon.colcon_core.package_identification:Package 'src/chat' with type 'ros.ament_cmake' and name 'chat'
[0.203s] Level 1:colcon.colcon_core.package_identification:_identify(src/cpp_) by extensions ['ignore', 'ignore_ament_install']
[0.204s] Level 1:colcon.colcon_core.package_identification:_identify(src/cpp_) by extension 'ignore'
[0.204s] Level 1:colcon.colcon_core.package_identification:_identify(src/cpp_) by extension 'ignore_ament_install'
[0.204s] Level 1:colcon.colcon_core.package_identification:_identify(src/cpp_) by extensions ['colcon_pkg']
[0.204s] Level 1:colcon.colcon_core.package_identification:_identify(src/cpp_) by extension 'colcon_pkg'
[0.204s] Level 1:colcon.colcon_core.package_identification:_identify(src/cpp_) by extensions ['colcon_meta']
[0.204s] Level 1:colcon.colcon_core.package_identification:_identify(src/cpp_) by extension 'colcon_meta'
[0.204s] Level 1:colcon.colcon_core.package_identification:_identify(src/cpp_) by extensions ['ros']
[0.204s] Level 1:colcon.colcon_core.package_identification:_identify(src/cpp_) by extension 'ros'
[0.204s] DEBUG:colcon.colcon_core.package_identification:Package 'src/cpp_' with type 'ros.ament_cmake' and name 'cpp_'
[0.204s] Level 1:colcon.colcon_core.package_identification:_identify(src/py_examples) by extensions ['ignore', 'ignore_ament_install']
[0.204s] Level 1:colcon.colcon_core.package_identification:_identify(src/py_examples) by extension 'ignore'
[0.204s] Level 1:colcon.colcon_core.package_identification:_identify(src/py_examples) by extension 'ignore_ament_install'
[0.204s] Level 1:colcon.colcon_core.package_identification:_identify(src/py_examples) by extensions ['colcon_pkg']
[0.204s] Level 1:colcon.colcon_core.package_identification:_identify(src/py_examples) by extension 'colcon_pkg'
[0.204s] Level 1:colcon.colcon_core.package_identification:_identify(src/py_examples) by extensions ['colcon_meta']
[0.204s] Level 1:colcon.colcon_core.package_identification:_identify(src/py_examples) by extension 'colcon_meta'
[0.204s] Level 1:colcon.colcon_core.package_identification:_identify(src/py_examples) by extensions ['ros']
[0.204s] Level 1:colcon.colcon_core.package_identification:_identify(src/py_examples) by extension 'ros'
[0.205s] DEBUG:colcon.colcon_core.package_identification:Package 'src/py_examples' with type 'ros.ament_python' and name 'py_examples'
[0.205s] Level 1:colcon.colcon_core.package_identification:_identify(src/turtle_cpp) by extensions ['ignore', 'ignore_ament_install']
[0.205s] Level 1:colcon.colcon_core.package_identification:_identify(src/turtle_cpp) by extension 'ignore'
[0.205s] Level 1:colcon.colcon_core.package_identification:_identify(src/turtle_cpp) by extension 'ignore_ament_install'
[0.205s] Level 1:colcon.colcon_core.package_identification:_identify(src/turtle_cpp) by extensions ['colcon_pkg']
[0.205s] Level 1:colcon.colcon_core.package_identification:_identify(src/turtle_cpp) by extension 'colcon_pkg'
[0.205s] Level 1:colcon.colcon_core.package_identification:_identify(src/turtle_cpp) by extensions ['colcon_meta']
[0.205s] Level 1:colcon.colcon_core.package_identification:_identify(src/turtle_cpp) by extension 'colcon_meta'
[0.205s] Level 1:colcon.colcon_core.package_identification:_identify(src/turtle_cpp) by extensions ['ros']
[0.205s] Level 1:colcon.colcon_core.package_identification:_identify(src/turtle_cpp) by extension 'ros'
[0.206s] DEBUG:colcon.colcon_core.package_identification:Package 'src/turtle_cpp' with type 'ros.ament_cmake' and name 'turtle_cpp'
[0.206s] Level 1:colcon.colcon_core.package_identification:_identify(src/turtle_sim) by extensions ['ignore', 'ignore_ament_install']
[0.206s] Level 1:colcon.colcon_core.package_identification:_identify(src/turtle_sim) by extension 'ignore'
[0.206s] Level 1:colcon.colcon_core.package_identification:_identify(src/turtle_sim) by extension 'ignore_ament_install'
[0.206s] Level 1:colcon.colcon_core.package_identification:_identify(src/turtle_sim) by extensions ['colcon_pkg']
[0.206s] Level 1:colcon.colcon_core.package_identification:_identify(src/turtle_sim) by extension 'colcon_pkg'
[0.206s] Level 1:colcon.colcon_core.package_identification:_identify(src/turtle_sim) by extensions ['colcon_meta']
[0.206s] Level 1:colcon.colcon_core.package_identification:_identify(src/turtle_sim) by extension 'colcon_meta'
[0.206s] Level 1:colcon.colcon_core.package_identification:_identify(src/turtle_sim) by extensions ['ros']
[0.206s] Level 1:colcon.colcon_core.package_identification:_identify(src/turtle_sim) by extension 'ros'
[0.206s] DEBUG:colcon.colcon_core.package_identification:Package 'src/turtle_sim' with type 'ros.ament_python' and name 'turtle_sim'
[0.206s] Level 1:colcon.colcon_core.package_discovery:discover_packages(recursive) using defaults
[0.206s] Level 1:colcon.colcon_core.package_discovery:discover_packages(ignore) discover
[0.206s] Level 1:colcon.colcon_core.package_discovery:discover_packages(ignore) using defaults
[0.206s] Level 1:colcon.colcon_core.package_discovery:discover_packages(path) discover
[0.206s] Level 1:colcon.colcon_core.package_discovery:discover_packages(path) using defaults
[0.222s] Level 5:colcon.colcon_core.verb:set package 'chat' build argument 'cmake_args' from command line to 'None'
[0.222s] Level 5:colcon.colcon_core.verb:set package 'chat' build argument 'cmake_target' from command line to 'None'
[0.222s] Level 5:colcon.colcon_core.verb:set package 'chat' build argument 'cmake_target_skip_unavailable' from command line to 'False'
[0.222s] Level 5:colcon.colcon_core.verb:set package 'chat' build argument 'cmake_clean_cache' from command line to 'False'
[0.222s] Level 5:colcon.colcon_core.verb:set package 'chat' build argument 'cmake_clean_first' from command line to 'False'
[0.222s] Level 5:colcon.colcon_core.verb:set package 'chat' build argument 'cmake_force_configure' from command line to 'False'
[0.222s] Level 5:colcon.colcon_core.verb:set package 'chat' build argument 'ament_cmake_args' from command line to 'None'
[0.222s] Level 5:colcon.colcon_core.verb:set package 'chat' build argument 'catkin_cmake_args' from command line to 'None'
[0.222s] Level 5:colcon.colcon_core.verb:set package 'chat' build argument 'catkin_skip_building_tests' from command line to 'False'
[0.222s] DEBUG:colcon.colcon_core.verb:Building package 'chat' with the following arguments: {'ament_cmake_args': None, 'build_base': '/root/rm_ws/build/chat', 'catkin_cmake_args': None, 'catkin_skip_building_tests': False, 'cmake_args': None, 'cmake_clean_cache': False, 'cmake_clean_first': False, 'cmake_force_configure': False, 'cmake_target': None, 'cmake_target_skip_unavailable': False, 'install_base': '/root/rm_ws/install/chat', 'merge_install': False, 'path': '/root/rm_ws/src/chat', 'symlink_install': False, 'test_result_base': None}
[0.223s] Level 5:colcon.colcon_core.verb:set package 'cpp_' build argument 'cmake_args' from command line to 'None'
[0.223s] Level 5:colcon.colcon_core.verb:set package 'cpp_' build argument 'cmake_target' from command line to 'None'
[0.223s] Level 5:colcon.colcon_core.verb:set package 'cpp_' build argument 'cmake_target_skip_unavailable' from command line to 'False'
[0.223s] Level 5:colcon.colcon_core.verb:set package 'cpp_' build argument 'cmake_clean_cache' from command line to 'False'
[0.223s] Level 5:colcon.colcon_core.verb:set package 'cpp_' build argument 'cmake_clean_first' from command line to 'False'
[0.223s] Level 5:colcon.colcon_core.verb:set package 'cpp_' build argument 'cmake_force_configure' from command line to 'False'
[0.223s] Level 5:colcon.colcon_core.verb:set package 'cpp_' build argument 'ament_cmake_args' from command line to 'None'
[0.223s] Level 5:colcon.colcon_core.verb:set package 'cpp_' build argument 'catkin_cmake_args' from command line to 'None'
[0.223s] Level 5:colcon.colcon_core.verb:set package 'cpp_' build argument 'catkin_skip_building_tests' from command line to 'False'
[0.223s] DEBUG:colcon.colcon_core.verb:Building package 'cpp_' with the following arguments: {'ament_cmake_args': None, 'build_base': '/root/rm_ws/build/cpp_', 'catkin_cmake_args': None, 'catkin_skip_building_tests': False, 'cmake_args': None, 'cmake_clean_cache': False, 'cmake_clean_first': False, 'cmake_force_configure': False, 'cmake_target': None, 'cmake_target_skip_unavailable': False, 'install_base': '/root/rm_ws/install/cpp_', 'merge_install': False, 'path': '/root/rm_ws/src/cpp_', 'symlink_install': False, 'test_result_base': None}
[0.223s] Level 5:colcon.colcon_core.verb:set package 'py_examples' build argument 'cmake_args' from command line to 'None'
[0.223s] Level 5:colcon.colcon_core.verb:set package 'py_examples' build argument 'cmake_target' from command line to 'None'
[0.223s] Level 5:colcon.colcon_core.verb:set package 'py_examples' build argument 'cmake_target_skip_unavailable' from command line to 'False'
[0.223s] Level 5:colcon.colcon_core.verb:set package 'py_examples' build argument 'cmake_clean_cache' from command line to 'False'
[0.223s] Level 5:colcon.colcon_core.verb:set package 'py_examples' build argument 'cmake_clean_first' from command line to 'False'
[0.223s] Level 5:colcon.colcon_core.verb:set package 'py_examples' build argument 'cmake_force_configure' from command line to 'False'
[0.223s] Level 5:colcon.colcon_core.verb:set package 'py_examples' build argument 'ament_cmake_args' from command line to 'None'
[0.223s] Level 5:colcon.colcon_core.verb:set package 'py_examples' build argument 'catkin_cmake_args' from command line to 'None'
[0.223s] Level 5:colcon.colcon_core.verb:set package 'py_examples' build argument 'catkin_skip_building_tests' from command line to 'False'
[0.223s] DEBUG:colcon.colcon_core.verb:Building package 'py_examples' with the following arguments: {'ament_cmake_args': None, 'build_base': '/root/rm_ws/build/py_examples', 'catkin_cmake_args': None, 'catkin_skip_building_tests': False, 'cmake_args': None, 'cmake_clean_cache': False, 'cmake_clean_first': False, 'cmake_force_configure': False, 'cmake_target': None, 'cmake_target_skip_unavailable': False, 'install_base': '/root/rm_ws/install/py_examples', 'merge_install': False, 'path': '/root/rm_ws/src/py_examples', 'symlink_install': False, 'test_result_base': None}
[0.223s] Level 5:colcon.colcon_core.verb:set package 'turtle_cpp' build argument 'cmake_args' from command line to 'None'
[0.223s] Level 5:colcon.colcon_core.verb:set package 'turtle_cpp' build argument 'cmake_target' from command line to 'None'
[0.223s] Level 5:colcon.colcon_core.verb:set package 'turtle_cpp' build argument 'cmake_target_skip_unavailable' from command line to 'False'
[0.223s] Level 5:colcon.colcon_core.verb:set package 'turtle_cpp' build argument 'cmake_clean_cache' from command line to 'False'
[0.223s] Level 5:colcon.colcon_core.verb:set package 'turtle_cpp' build argument 'cmake_clean_first' from command line to 'False'
[0.223s] Level 5:colcon.colcon_core.verb:set package 'turtle_cpp' build argument 'cmake_force_configure' from command line to 'False'
[0.223s] Level 5:colcon.colcon_core.verb:set package 'turtle_cpp' build argument 'ament_cmake_args' from command line to 'None'
[0.223s] Level 5:colcon.colcon_core.verb:set package 'turtle_cpp' build argument 'catkin_cmake_args' from command line to 'None'
[0.223s] Level 5:colcon.colcon_core.verb:set package 'turtle_cpp' build argument 'catkin_skip_building_tests' from command line to 'False'
[0.223s] DEBUG:colcon.colcon_core.verb:Building package 'turtle_cpp' with the following arguments: {'ament_cmake_args': None, 'build_base': '/root/rm_ws/build/turtle_cpp', 'catkin_cmake_args': None, 'catkin_skip_building_tests': False, 'cmake_args': None, 'cmake_clean_cache': False, 'cmake_clean_first': False, 'cmake_force_configure': False, 'cmake_target': None, 'cmake_target_skip_unavailable': False, 'install_base': '/root/rm_ws/install/turtle_cpp', 'merge_install': False, 'path': '/root/rm_ws/src/turtle_cpp', 'symlink_install': False, 'test_result_base': None}
[0.224s] Level 5:colcon.colcon_core.verb:set package 'turtle_sim' build argument 'cmake_args' from command line to 'None'
[0.224s] Level 5:colcon.colcon_core.verb:set package 'turtle_sim' build argument 'cmake_target' from command line to 'None'
[0.224s] Level 5:colcon.colcon_core.verb:set package 'turtle_sim' build argument 'cmake_target_skip_unavailable' from command line to 'False'
[0.224s] Level 5:colcon.colcon_core.verb:set package 'turtle_sim' build argument 'cmake_clean_cache' from command line to 'False'
[0.224s] Level 5:colcon.colcon_core.verb:set package 'turtle_sim' build argument 'cmake_clean_first' from command line to 'False'
[0.224s] Level 5:colcon.colcon_core.verb:set package 'turtle_sim' build argument 'cmake_force_configure' from command line to 'False'
[0.224s] Level 5:colcon.colcon_core.verb:set package 'turtle_sim' build argument 'ament_cmake_args' from command line to 'None'
[0.224s] Level 5:colcon.colcon_core.verb:set package 'turtle_sim' build argument 'catkin_cmake_args' from command line to 'None'
[0.224s] Level 5:colcon.colcon_core.verb:set package 'turtle_sim' build argument 'catkin_skip_building_tests' from command line to 'False'
[0.224s] DEBUG:colcon.colcon_core.verb:Building package 'turtle_sim' with the following arguments: {'ament_cmake_args': None, 'build_base': '/root/rm_ws/build/turtle_sim', 'catkin_cmake_args': None, 'catkin_skip_building_tests': False, 'cmake_args': None, 'cmake_clean_cache': False, 'cmake_clean_first': False, 'cmake_force_configure': False, 'cmake_target': None, 'cmake_target_skip_unavailable': False, 'install_base': '/root/rm_ws/install/turtle_sim', 'merge_install': False, 'path': '/root/rm_ws/src/turtle_sim', 'symlink_install': False, 'test_result_base': None}
[0.224s] INFO:colcon.colcon_core.executor:Executing jobs using 'sequential' executor
[0.228s] DEBUG:colcon.colcon_core.executor.sequential:run_until_complete 'chat'
[0.229s] INFO:colcon.colcon_ros.task.ament_cmake.build:Building ROS package in '/root/rm_ws/src/chat' with build type 'ament_cmake'
[0.229s] INFO:colcon.colcon_cmake.task.cmake.build:Building CMake package in '/root/rm_ws/src/chat'
[0.230s] INFO:colcon.colcon_core.plugin_system:Skipping extension 'colcon_core.shell.bat': Not used on non-Windows systems
[0.230s] INFO:colcon.colcon_core.shell:Skip shell extension 'powershell' for command environment: Not usable outside of PowerShell
[0.230s] DEBUG:colcon.colcon_core.shell:Skip shell extension 'dsv' for command environment
[0.270s] DEBUG:colcon.colcon_core.event_handler.log_command:Invoking command in '/root/rm_ws/build/chat': CMAKE_PREFIX_PATH=/opt/ros/humble /usr/bin/cmake --build /root/rm_ws/build/chat -- -j8 -l8
[0.670s] DEBUG:colcon.colcon_core.event_handler.log_command:Invoked command in '/root/rm_ws/build/chat' returned '0': CMAKE_PREFIX_PATH=/opt/ros/humble /usr/bin/cmake --build /root/rm_ws/build/chat -- -j8 -l8
[1.063s] DEBUG:colcon.colcon_core.event_handler.log_command:Invoking command in '/root/rm_ws/build/chat': CMAKE_PREFIX_PATH=/opt/ros/humble /usr/bin/cmake --install /root/rm_ws/build/chat
[1.119s] Level 1:colcon.colcon_core.environment:create_environment_scripts_only(chat)
[1.120s] DEBUG:colcon.colcon_core.event_handler.log_command:Invoked command in '/root/rm_ws/build/chat' returned '0': CMAKE_PREFIX_PATH=/opt/ros/humble /usr/bin/cmake --install /root/rm_ws/build/chat
[1.121s] Level 1:colcon.colcon_core.environment:checking '/root/rm_ws/install/chat' for CMake module files
[1.121s] Level 1:colcon.colcon_core.environment:checking '/root/rm_ws/install/chat' for CMake config files
[1.122s] Level 1:colcon.colcon_core.shell:create_environment_hook('chat', 'cmake_prefix_path')
[1.122s] INFO:colcon.colcon_core.shell:Creating environment hook '/root/rm_ws/install/chat/share/chat/hook/cmake_prefix_path.ps1'
[1.123s] INFO:colcon.colcon_core.shell:Creating environment descriptor '/root/rm_ws/install/chat/share/chat/hook/cmake_prefix_path.dsv'
[1.123s] INFO:colcon.colcon_core.shell:Creating environment hook '/root/rm_ws/install/chat/share/chat/hook/cmake_prefix_path.sh'
[1.124s] Level 1:colcon.colcon_core.environment:checking '/root/rm_ws/install/chat/lib'
[1.124s] Level 1:colcon.colcon_core.environment:checking '/root/rm_ws/install/chat/bin'
[1.124s] Level 1:colcon.colcon_core.environment:checking '/root/rm_ws/install/chat/lib/pkgconfig/chat.pc'
[1.125s] Level 1:colcon.colcon_core.environment:checking '/root/rm_ws/install/chat/lib/python3.10/site-packages'
[1.125s] Level 1:colcon.colcon_core.environment:checking '/root/rm_ws/install/chat/bin'
[1.125s] INFO:colcon.colcon_core.shell:Creating package script '/root/rm_ws/install/chat/share/chat/package.ps1'
[1.126s] INFO:colcon.colcon_core.shell:Creating package descriptor '/root/rm_ws/install/chat/share/chat/package.dsv'
[1.126s] INFO:colcon.colcon_core.shell:Creating package script '/root/rm_ws/install/chat/share/chat/package.sh'
[1.127s] INFO:colcon.colcon_core.shell:Creating package script '/root/rm_ws/install/chat/share/chat/package.bash'
[1.127s] INFO:colcon.colcon_core.shell:Creating package script '/root/rm_ws/install/chat/share/chat/package.zsh'
[1.128s] Level 1:colcon.colcon_core.environment:create_file_with_runtime_dependencies(/root/rm_ws/install/chat/share/colcon-core/packages/chat)
[1.490s] Level 1:colcon.colcon_core.environment:create_environment_scripts_only(chat)
[1.490s] Level 1:colcon.colcon_core.environment:checking '/root/rm_ws/install/chat' for CMake module files
[1.490s] Level 1:colcon.colcon_core.environment:checking '/root/rm_ws/install/chat' for CMake config files
[1.491s] Level 1:colcon.colcon_core.shell:create_environment_hook('chat', 'cmake_prefix_path')
[1.491s] INFO:colcon.colcon_core.shell:Creating environment hook '/root/rm_ws/install/chat/share/chat/hook/cmake_prefix_path.ps1'
[1.491s] INFO:colcon.colcon_core.shell:Creating environment descriptor '/root/rm_ws/install/chat/share/chat/hook/cmake_prefix_path.dsv'
[1.491s] INFO:colcon.colcon_core.shell:Creating environment hook '/root/rm_ws/install/chat/share/chat/hook/cmake_prefix_path.sh'
[1.492s] Level 1:colcon.colcon_core.environment:checking '/root/rm_ws/install/chat/lib'
[1.492s] Level 1:colcon.colcon_core.environment:checking '/root/rm_ws/install/chat/bin'
[1.492s] Level 1:colcon.colcon_core.environment:checking '/root/rm_ws/install/chat/lib/pkgconfig/chat.pc'
[1.492s] Level 1:colcon.colcon_core.environment:checking '/root/rm_ws/install/chat/lib/python3.10/site-packages'
[1.492s] Level 1:colcon.colcon_core.environment:checking '/root/rm_ws/install/chat/bin'
[1.493s] INFO:colcon.colcon_core.shell:Creating package script '/root/rm_ws/install/chat/share/chat/package.ps1'
[1.493s] INFO:colcon.colcon_core.shell:Creating package descriptor '/root/rm_ws/install/chat/share/chat/package.dsv'
[1.493s] INFO:colcon.colcon_core.shell:Creating package script '/root/rm_ws/install/chat/share/chat/package.sh'
[1.493s] INFO:colcon.colcon_core.shell:Creating package script '/root/rm_ws/install/chat/share/chat/package.bash'
[1.494s] INFO:colcon.colcon_core.shell:Creating package script '/root/rm_ws/install/chat/share/chat/package.zsh'
[1.494s] Level 1:colcon.colcon_core.environment:create_file_with_runtime_dependencies(/root/rm_ws/install/chat/share/colcon-core/packages/chat)
[1.494s] DEBUG:colcon.colcon_core.executor.sequential:run_until_complete 'chat' finished with '0'
[1.494s] DEBUG:colcon.colcon_core.executor.sequential:run_until_complete 'cpp_'
[1.494s] INFO:colcon.colcon_ros.task.ament_cmake.build:Building ROS package in '/root/rm_ws/src/cpp_' with build type 'ament_cmake'
[1.494s] INFO:colcon.colcon_cmake.task.cmake.build:Building CMake package in '/root/rm_ws/src/cpp_'
[1.494s] INFO:colcon.colcon_core.shell:Skip shell extension 'powershell' for command environment: Not usable outside of PowerShell
[1.494s] DEBUG:colcon.colcon_core.shell:Skip shell extension 'dsv' for command environment
[1.530s] DEBUG:colcon.colcon_core.event_handler.log_command:Invoking command in '/root/rm_ws/build/cpp_': CMAKE_PREFIX_PATH=/opt/ros/humble /usr/bin/cmake --build /root/rm_ws/build/cpp_ -- -j8 -l8
[1.949s] DEBUG:colcon.colcon_core.event_handler.log_command:Invoked command in '/root/rm_ws/build/cpp_' returned '0': CMAKE_PREFIX_PATH=/opt/ros/humble /usr/bin/cmake --build /root/rm_ws/build/cpp_ -- -j8 -l8
[2.418s] DEBUG:colcon.colcon_core.event_handler.log_command:Invoking command in '/root/rm_ws/build/cpp_': CMAKE_PREFIX_PATH=/opt/ros/humble /usr/bin/cmake --install /root/rm_ws/build/cpp_
[2.479s] Level 1:colcon.colcon_core.environment:create_environment_scripts_only(cpp_)
[2.479s] Level 1:colcon.colcon_core.environment:checking '/root/rm_ws/install/cpp_' for CMake module files
[2.480s] DEBUG:colcon.colcon_core.event_handler.log_command:Invoked command in '/root/rm_ws/build/cpp_' returned '0': CMAKE_PREFIX_PATH=/opt/ros/humble /usr/bin/cmake --install /root/rm_ws/build/cpp_
[2.480s] Level 1:colcon.colcon_core.environment:checking '/root/rm_ws/install/cpp_' for CMake config files
[2.480s] Level 1:colcon.colcon_core.shell:create_environment_hook('cpp_', 'cmake_prefix_path')
[2.480s] INFO:colcon.colcon_core.shell:Creating environment hook '/root/rm_ws/install/cpp_/share/cpp_/hook/cmake_prefix_path.ps1'
[2.481s] INFO:colcon.colcon_core.shell:Creating environment descriptor '/root/rm_ws/install/cpp_/share/cpp_/hook/cmake_prefix_path.dsv'
[2.481s] INFO:colcon.colcon_core.shell:Creating environment hook '/root/rm_ws/install/cpp_/share/cpp_/hook/cmake_prefix_path.sh'
[2.481s] Level 1:colcon.colcon_core.environment:checking '/root/rm_ws/install/cpp_/lib'
[2.482s] Level 1:colcon.colcon_core.environment:checking '/root/rm_ws/install/cpp_/bin'
[2.482s] Level 1:colcon.colcon_core.environment:checking '/root/rm_ws/install/cpp_/lib/pkgconfig/cpp_.pc'
[2.482s] Level 1:colcon.colcon_core.environment:checking '/root/rm_ws/install/cpp_/lib/python3.10/site-packages'
[2.482s] Level 1:colcon.colcon_core.environment:checking '/root/rm_ws/install/cpp_/bin'
[2.482s] INFO:colcon.colcon_core.shell:Creating package script '/root/rm_ws/install/cpp_/share/cpp_/package.ps1'
[2.482s] INFO:colcon.colcon_core.shell:Creating package descriptor '/root/rm_ws/install/cpp_/share/cpp_/package.dsv'
[2.483s] INFO:colcon.colcon_core.shell:Creating package script '/root/rm_ws/install/cpp_/share/cpp_/package.sh'
[2.483s] INFO:colcon.colcon_core.shell:Creating package script '/root/rm_ws/install/cpp_/share/cpp_/package.bash'
[2.483s] INFO:colcon.colcon_core.shell:Creating package script '/root/rm_ws/install/cpp_/share/cpp_/package.zsh'
[2.483s] Level 1:colcon.colcon_core.environment:create_file_with_runtime_dependencies(/root/rm_ws/install/cpp_/share/colcon-core/packages/cpp_)
[2.941s] Level 1:colcon.colcon_core.environment:create_environment_scripts_only(cpp_)
[2.942s] Level 1:colcon.colcon_core.environment:checking '/root/rm_ws/install/cpp_' for CMake module files
[2.942s] Level 1:colcon.colcon_core.environment:checking '/root/rm_ws/install/cpp_' for CMake config files
[2.942s] Level 1:colcon.colcon_core.shell:create_environment_hook('cpp_', 'cmake_prefix_path')
[2.942s] INFO:colcon.colcon_core.shell:Creating environment hook '/root/rm_ws/install/cpp_/share/cpp_/hook/cmake_prefix_path.ps1'
[2.943s] INFO:colcon.colcon_core.shell:Creating environment descriptor '/root/rm_ws/install/cpp_/share/cpp_/hook/cmake_prefix_path.dsv'
[2.943s] INFO:colcon.colcon_core.shell:Creating environment hook '/root/rm_ws/install/cpp_/share/cpp_/hook/cmake_prefix_path.sh'
[2.943s] Level 1:colcon.colcon_core.environment:checking '/root/rm_ws/install/cpp_/lib'
[2.943s] Level 1:colcon.colcon_core.environment:checking '/root/rm_ws/install/cpp_/bin'
[2.943s] Level 1:colcon.colcon_core.environment:checking '/root/rm_ws/install/cpp_/lib/pkgconfig/cpp_.pc'
[2.944s] Level 1:colcon.colcon_core.environment:checking '/root/rm_ws/install/cpp_/lib/python3.10/site-packages'
[2.944s] Level 1:colcon.colcon_core.environment:checking '/root/rm_ws/install/cpp_/bin'
[2.944s] INFO:colcon.colcon_core.shell:Creating package script '/root/rm_ws/install/cpp_/share/cpp_/package.ps1'
[2.944s] INFO:colcon.colcon_core.shell:Creating package descriptor '/root/rm_ws/install/cpp_/share/cpp_/package.dsv'
[2.945s] INFO:colcon.colcon_core.shell:Creating package script '/root/rm_ws/install/cpp_/share/cpp_/package.sh'
[2.945s] INFO:colcon.colcon_core.shell:Creating package script '/root/rm_ws/install/cpp_/share/cpp_/package.bash'
[2.945s] INFO:colcon.colcon_core.shell:Creating package script '/root/rm_ws/install/cpp_/share/cpp_/package.zsh'
[2.945s] Level 1:colcon.colcon_core.environment:create_file_with_runtime_dependencies(/root/rm_ws/install/cpp_/share/colcon-core/packages/cpp_)
[2.945s] DEBUG:colcon.colcon_core.executor.sequential:run_until_complete 'cpp_' finished with '0'
[2.945s] DEBUG:colcon.colcon_core.executor.sequential:run_until_complete 'py_examples'
[2.946s] INFO:colcon.colcon_ros.task.ament_python.build:Building ROS package in '/root/rm_ws/src/py_examples' with build type 'ament_python'
[2.946s] Level 1:colcon.colcon_core.shell:create_environment_hook('py_examples', 'ament_prefix_path')
[2.946s] INFO:colcon.colcon_core.shell:Creating environment hook '/root/rm_ws/install/py_examples/share/py_examples/hook/ament_prefix_path.ps1'
[2.947s] INFO:colcon.colcon_core.shell:Creating environment descriptor '/root/rm_ws/install/py_examples/share/py_examples/hook/ament_prefix_path.dsv'
[2.947s] INFO:colcon.colcon_core.shell:Creating environment hook '/root/rm_ws/install/py_examples/share/py_examples/hook/ament_prefix_path.sh'
[2.947s] INFO:colcon.colcon_core.shell:Skip shell extension 'powershell' for command environment: Not usable outside of PowerShell
[2.947s] DEBUG:colcon.colcon_core.shell:Skip shell extension 'dsv' for command environment
[3.221s] INFO:colcon.colcon_core.task.python.build:Building Python package in '/root/rm_ws/src/py_examples'
[3.221s] INFO:colcon.colcon_core.shell:Skip shell extension 'powershell' for command environment: Not usable outside of PowerShell
[3.221s] DEBUG:colcon.colcon_core.shell:Skip shell extension 'dsv' for command environment
[3.572s] DEBUG:colcon.colcon_core.event_handler.log_command:Invoking command in '/root/rm_ws/src/py_examples': PYTHONPATH=/root/rm_ws/build/py_examples/prefix_override:/usr/lib/python3/dist-packages/colcon_core/task/python/colcon_distutils_commands:/root/rm_ws/install/py_examples/lib/python3.10/site-packages:${PYTHONPATH} /usr/bin/python3 -W ignore:setup.py install is deprecated setup.py egg_info --egg-base ../../build/py_examples build --build-base /root/rm_ws/build/py_examples/build install --record /root/rm_ws/build/py_examples/install.log --single-version-externally-managed install_data
[3.851s] Level 1:colcon.colcon_core.environment:checking '/root/rm_ws/install/py_examples' for CMake module files
[3.851s] DEBUG:colcon.colcon_core.event_handler.log_command:Invoked command in '/root/rm_ws/src/py_examples' returned '0': PYTHONPATH=/root/rm_ws/build/py_examples/prefix_override:/usr/lib/python3/dist-packages/colcon_core/task/python/colcon_distutils_commands:/root/rm_ws/install/py_examples/lib/python3.10/site-packages:${PYTHONPATH} /usr/bin/python3 -W ignore:setup.py install is deprecated setup.py egg_info --egg-base ../../build/py_examples build --build-base /root/rm_ws/build/py_examples/build install --record /root/rm_ws/build/py_examples/install.log --single-version-externally-managed install_data
[3.851s] Level 1:colcon.colcon_core.environment:checking '/root/rm_ws/install/py_examples' for CMake config files
[3.852s] Level 1:colcon.colcon_core.environment:checking '/root/rm_ws/install/py_examples/lib'
[3.852s] Level 1:colcon.colcon_core.environment:checking '/root/rm_ws/install/py_examples/bin'
[3.852s] Level 1:colcon.colcon_core.environment:checking '/root/rm_ws/install/py_examples/lib/pkgconfig/py_examples.pc'
[3.852s] Level 1:colcon.colcon_core.environment:checking '/root/rm_ws/install/py_examples/lib/python3.10/site-packages'
[3.852s] Level 1:colcon.colcon_core.shell:create_environment_hook('py_examples', 'pythonpath')
[3.852s] INFO:colcon.colcon_core.shell:Creating environment hook '/root/rm_ws/install/py_examples/share/py_examples/hook/pythonpath.ps1'
[3.853s] INFO:colcon.colcon_core.shell:Creating environment descriptor '/root/rm_ws/install/py_examples/share/py_examples/hook/pythonpath.dsv'
[3.853s] INFO:colcon.colcon_core.shell:Creating environment hook '/root/rm_ws/install/py_examples/share/py_examples/hook/pythonpath.sh'
[3.853s] Level 1:colcon.colcon_core.environment:checking '/root/rm_ws/install/py_examples/bin'
[3.853s] Level 1:colcon.colcon_core.environment:create_environment_scripts_only(py_examples)
[3.853s] INFO:colcon.colcon_core.shell:Creating package script '/root/rm_ws/install/py_examples/share/py_examples/package.ps1'
[3.854s] INFO:colcon.colcon_core.shell:Creating package descriptor '/root/rm_ws/install/py_examples/share/py_examples/package.dsv'
[3.854s] INFO:colcon.colcon_core.shell:Creating package script '/root/rm_ws/install/py_examples/share/py_examples/package.sh'
[3.854s] INFO:colcon.colcon_core.shell:Creating package script '/root/rm_ws/install/py_examples/share/py_examples/package.bash'
[3.854s] INFO:colcon.colcon_core.shell:Creating package script '/root/rm_ws/install/py_examples/share/py_examples/package.zsh'
[3.854s] Level 1:colcon.colcon_core.environment:create_file_with_runtime_dependencies(/root/rm_ws/install/py_examples/share/colcon-core/packages/py_examples)
[3.855s] DEBUG:colcon.colcon_core.executor.sequential:run_until_complete 'py_examples' finished with '0'
[3.855s] DEBUG:colcon.colcon_core.executor.sequential:run_until_complete 'turtle_cpp'
[3.855s] INFO:colcon.colcon_ros.task.ament_cmake.build:Building ROS package in '/root/rm_ws/src/turtle_cpp' with build type 'ament_cmake'
[3.855s] INFO:colcon.colcon_cmake.task.cmake.build:Building CMake package in '/root/rm_ws/src/turtle_cpp'
[3.855s] INFO:colcon.colcon_core.shell:Skip shell extension 'powershell' for command environment: Not usable outside of PowerShell
[3.855s] DEBUG:colcon.colcon_core.shell:Skip shell extension 'dsv' for command environment
[3.889s] DEBUG:colcon.colcon_core.event_handler.log_command:Invoking command in '/root/rm_ws/build/turtle_cpp': CMAKE_PREFIX_PATH=/opt/ros/humble /usr/bin/cmake /root/rm_ws/src/turtle_cpp -DCMAKE_INSTALL_PREFIX=/root/rm_ws/install/turtle_cpp
[8.090s] DEBUG:colcon.colcon_core.event_handler.log_command:Invoked command in '/root/rm_ws/build/turtle_cpp' returned '0': CMAKE_PREFIX_PATH=/opt/ros/humble /usr/bin/cmake /root/rm_ws/src/turtle_cpp -DCMAKE_INSTALL_PREFIX=/root/rm_ws/install/turtle_cpp
[8.092s] DEBUG:colcon.colcon_core.event_handler.log_command:Invoking command in '/root/rm_ws/build/turtle_cpp': CMAKE_PREFIX_PATH=/opt/ros/humble /usr/bin/cmake --build /root/rm_ws/build/turtle_cpp -- -j8 -l8
[22.695s] DEBUG:colcon.colcon_core.event_handler.log_command:Invoked command in '/root/rm_ws/build/turtle_cpp' returned '0': CMAKE_PREFIX_PATH=/opt/ros/humble /usr/bin/cmake --build /root/rm_ws/build/turtle_cpp -- -j8 -l8
[23.229s] DEBUG:colcon.colcon_core.event_handler.log_command:Invoking command in '/root/rm_ws/build/turtle_cpp': CMAKE_PREFIX_PATH=/opt/ros/humble /usr/bin/cmake --install /root/rm_ws/build/turtle_cpp
[23.300s] Level 1:colcon.colcon_core.environment:create_environment_scripts_only(turtle_cpp)
[23.301s] Level 1:colcon.colcon_core.environment:checking '/root/rm_ws/install/turtle_cpp' for CMake module files
[23.301s] DEBUG:colcon.colcon_core.event_handler.log_command:Invoked command in '/root/rm_ws/build/turtle_cpp' returned '0': CMAKE_PREFIX_PATH=/opt/ros/humble /usr/bin/cmake --install /root/rm_ws/build/turtle_cpp
[23.302s] Level 1:colcon.colcon_core.environment:checking '/root/rm_ws/install/turtle_cpp' for CMake config files
[23.302s] Level 1:colcon.colcon_core.shell:create_environment_hook('turtle_cpp', 'cmake_prefix_path')
[23.302s] INFO:colcon.colcon_core.shell:Creating environment hook '/root/rm_ws/install/turtle_cpp/share/turtle_cpp/hook/cmake_prefix_path.ps1'
[23.304s] INFO:colcon.colcon_core.shell:Creating environment descriptor '/root/rm_ws/install/turtle_cpp/share/turtle_cpp/hook/cmake_prefix_path.dsv'
[23.305s] INFO:colcon.colcon_core.shell:Creating environment hook '/root/rm_ws/install/turtle_cpp/share/turtle_cpp/hook/cmake_prefix_path.sh'
[23.305s] Level 1:colcon.colcon_core.environment:checking '/root/rm_ws/install/turtle_cpp/lib'
[23.306s] Level 1:colcon.colcon_core.environment:checking '/root/rm_ws/install/turtle_cpp/bin'
[23.306s] Level 1:colcon.colcon_core.environment:checking '/root/rm_ws/install/turtle_cpp/lib/pkgconfig/turtle_cpp.pc'
[23.306s] Level 1:colcon.colcon_core.environment:checking '/root/rm_ws/install/turtle_cpp/lib/python3.10/site-packages'
[23.306s] Level 1:colcon.colcon_core.environment:checking '/root/rm_ws/install/turtle_cpp/bin'
[23.306s] INFO:colcon.colcon_core.shell:Creating package script '/root/rm_ws/install/turtle_cpp/share/turtle_cpp/package.ps1'
[23.307s] INFO:colcon.colcon_core.shell:Creating package descriptor '/root/rm_ws/install/turtle_cpp/share/turtle_cpp/package.dsv'
[23.308s] INFO:colcon.colcon_core.shell:Creating package script '/root/rm_ws/install/turtle_cpp/share/turtle_cpp/package.sh'
[23.309s] INFO:colcon.colcon_core.shell:Creating package script '/root/rm_ws/install/turtle_cpp/share/turtle_cpp/package.bash'
[23.309s] INFO:colcon.colcon_core.shell:Creating package script '/root/rm_ws/install/turtle_cpp/share/turtle_cpp/package.zsh'
[23.310s] Level 1:colcon.colcon_core.environment:create_file_with_runtime_dependencies(/root/rm_ws/install/turtle_cpp/share/colcon-core/packages/turtle_cpp)
[23.821s] Level 1:colcon.colcon_core.environment:create_environment_scripts_only(turtle_cpp)
[23.821s] Level 1:colcon.colcon_core.environment:checking '/root/rm_ws/install/turtle_cpp' for CMake module files
[23.822s] Level 1:colcon.colcon_core.environment:checking '/root/rm_ws/install/turtle_cpp' for CMake config files
[23.822s] Level 1:colcon.colcon_core.shell:create_environment_hook('turtle_cpp', 'cmake_prefix_path')
[23.822s] INFO:colcon.colcon_core.shell:Creating environment hook '/root/rm_ws/install/turtle_cpp/share/turtle_cpp/hook/cmake_prefix_path.ps1'
[23.822s] INFO:colcon.colcon_core.shell:Creating environment descriptor '/root/rm_ws/install/turtle_cpp/share/turtle_cpp/hook/cmake_prefix_path.dsv'
[23.823s] INFO:colcon.colcon_core.shell:Creating environment hook '/root/rm_ws/install/turtle_cpp/share/turtle_cpp/hook/cmake_prefix_path.sh'
[23.823s] Level 1:colcon.colcon_core.environment:checking '/root/rm_ws/install/turtle_cpp/lib'
[23.823s] Level 1:colcon.colcon_core.environment:checking '/root/rm_ws/install/turtle_cpp/bin'
[23.823s] Level 1:colcon.colcon_core.environment:checking '/root/rm_ws/install/turtle_cpp/lib/pkgconfig/turtle_cpp.pc'
[23.823s] Level 1:colcon.colcon_core.environment:checking '/root/rm_ws/install/turtle_cpp/lib/python3.10/site-packages'
[23.824s] Level 1:colcon.colcon_core.environment:checking '/root/rm_ws/install/turtle_cpp/bin'
[23.824s] INFO:colcon.colcon_core.shell:Creating package script '/root/rm_ws/install/turtle_cpp/share/turtle_cpp/package.ps1'
[23.824s] INFO:colcon.colcon_core.shell:Creating package descriptor '/root/rm_ws/install/turtle_cpp/share/turtle_cpp/package.dsv'
[23.824s] INFO:colcon.colcon_core.shell:Creating package script '/root/rm_ws/install/turtle_cpp/share/turtle_cpp/package.sh'
[23.825s] INFO:colcon.colcon_core.shell:Creating package script '/root/rm_ws/install/turtle_cpp/share/turtle_cpp/package.bash'
[23.825s] INFO:colcon.colcon_core.shell:Creating package script '/root/rm_ws/install/turtle_cpp/share/turtle_cpp/package.zsh'
[23.825s] Level 1:colcon.colcon_core.environment:create_file_with_runtime_dependencies(/root/rm_ws/install/turtle_cpp/share/colcon-core/packages/turtle_cpp)
[23.826s] DEBUG:colcon.colcon_core.executor.sequential:run_until_complete 'turtle_cpp' finished with '0'
[23.826s] DEBUG:colcon.colcon_core.executor.sequential:run_until_complete 'turtle_sim'
[23.826s] INFO:colcon.colcon_ros.task.ament_python.build:Building ROS package in '/root/rm_ws/src/turtle_sim' with build type 'ament_python'
[23.826s] Level 1:colcon.colcon_core.shell:create_environment_hook('turtle_sim', 'ament_prefix_path')
[23.826s] INFO:colcon.colcon_core.shell:Creating environment hook '/root/rm_ws/install/turtle_sim/share/turtle_sim/hook/ament_prefix_path.ps1'
[23.827s] INFO:colcon.colcon_core.shell:Creating environment descriptor '/root/rm_ws/install/turtle_sim/share/turtle_sim/hook/ament_prefix_path.dsv'
[23.827s] INFO:colcon.colcon_core.shell:Creating environment hook '/root/rm_ws/install/turtle_sim/share/turtle_sim/hook/ament_prefix_path.sh'
[23.828s] INFO:colcon.colcon_core.shell:Skip shell extension 'powershell' for command environment: Not usable outside of PowerShell
[23.828s] DEBUG:colcon.colcon_core.shell:Skip shell extension 'dsv' for command environment
[24.239s] INFO:colcon.colcon_core.task.python.build:Building Python package in '/root/rm_ws/src/turtle_sim'
[24.240s] INFO:colcon.colcon_core.shell:Skip shell extension 'powershell' for command environment: Not usable outside of PowerShell
[24.240s] DEBUG:colcon.colcon_core.shell:Skip shell extension 'dsv' for command environment
[24.603s] DEBUG:colcon.colcon_core.event_handler.log_command:Invoking command in '/root/rm_ws/src/turtle_sim': PYTHONPATH=/root/rm_ws/build/turtle_sim/prefix_override:/usr/lib/python3/dist-packages/colcon_core/task/python/colcon_distutils_commands:/root/rm_ws/install/turtle_sim/lib/python3.10/site-packages:${PYTHONPATH} /usr/bin/python3 -W ignore:setup.py install is deprecated setup.py egg_info --egg-base ../../build/turtle_sim build --build-base /root/rm_ws/build/turtle_sim/build install --record /root/rm_ws/build/turtle_sim/install.log --single-version-externally-managed install_data
[24.884s] Level 1:colcon.colcon_core.environment:checking '/root/rm_ws/install/turtle_sim' for CMake module files
[24.885s] DEBUG:colcon.colcon_core.event_handler.log_command:Invoked command in '/root/rm_ws/src/turtle_sim' returned '0': PYTHONPATH=/root/rm_ws/build/turtle_sim/prefix_override:/usr/lib/python3/dist-packages/colcon_core/task/python/colcon_distutils_commands:/root/rm_ws/install/turtle_sim/lib/python3.10/site-packages:${PYTHONPATH} /usr/bin/python3 -W ignore:setup.py install is deprecated setup.py egg_info --egg-base ../../build/turtle_sim build --build-base /root/rm_ws/build/turtle_sim/build install --record /root/rm_ws/build/turtle_sim/install.log --single-version-externally-managed install_data
[24.885s] Level 1:colcon.colcon_core.environment:checking '/root/rm_ws/install/turtle_sim' for CMake config files
[24.885s] Level 1:colcon.colcon_core.environment:checking '/root/rm_ws/install/turtle_sim/lib'
[24.885s] Level 1:colcon.colcon_core.environment:checking '/root/rm_ws/install/turtle_sim/bin'
[24.885s] Level 1:colcon.colcon_core.environment:checking '/root/rm_ws/install/turtle_sim/lib/pkgconfig/turtle_sim.pc'
[24.885s] Level 1:colcon.colcon_core.environment:checking '/root/rm_ws/install/turtle_sim/lib/python3.10/site-packages'
[24.886s] Level 1:colcon.colcon_core.shell:create_environment_hook('turtle_sim', 'pythonpath')
[24.886s] INFO:colcon.colcon_core.shell:Creating environment hook '/root/rm_ws/install/turtle_sim/share/turtle_sim/hook/pythonpath.ps1'
[24.886s] INFO:colcon.colcon_core.shell:Creating environment descriptor '/root/rm_ws/install/turtle_sim/share/turtle_sim/hook/pythonpath.dsv'
[24.886s] INFO:colcon.colcon_core.shell:Creating environment hook '/root/rm_ws/install/turtle_sim/share/turtle_sim/hook/pythonpath.sh'
[24.887s] Level 1:colcon.colcon_core.environment:checking '/root/rm_ws/install/turtle_sim/bin'
[24.887s] Level 1:colcon.colcon_core.environment:create_environment_scripts_only(turtle_sim)
[24.887s] INFO:colcon.colcon_core.shell:Creating package script '/root/rm_ws/install/turtle_sim/share/turtle_sim/package.ps1'
[24.887s] INFO:colcon.colcon_core.shell:Creating package descriptor '/root/rm_ws/install/turtle_sim/share/turtle_sim/package.dsv'
[24.887s] INFO:colcon.colcon_core.shell:Creating package script '/root/rm_ws/install/turtle_sim/share/turtle_sim/package.sh'
[24.888s] INFO:colcon.colcon_core.shell:Creating package script '/root/rm_ws/install/turtle_sim/share/turtle_sim/package.bash'
[24.888s] INFO:colcon.colcon_core.shell:Creating package script '/root/rm_ws/install/turtle_sim/share/turtle_sim/package.zsh'
[24.888s] Level 1:colcon.colcon_core.environment:create_file_with_runtime_dependencies(/root/rm_ws/install/turtle_sim/share/colcon-core/packages/turtle_sim)
[24.888s] DEBUG:colcon.colcon_core.executor.sequential:run_until_complete 'turtle_sim' finished with '0'
[24.888s] DEBUG:colcon.colcon_core.executor.sequential:closing loop
[24.889s] DEBUG:colcon.colcon_core.executor.sequential:loop closed
[24.889s] DEBUG:colcon.colcon_core.event_reactor:joining thread
[24.904s] INFO:colcon.colcon_core.plugin_system:Skipping extension 'colcon_notification.desktop_notification.notify_send': Could not find 'notify-send'
[24.904s] INFO:colcon.colcon_core.plugin_system:Skipping extension 'colcon_notification.desktop_notification.terminal_notifier': Not used on non-Darwin systems
[24.904s] INFO:colcon.colcon_core.plugin_system:Skipping extension 'colcon_notification.desktop_notification.win32': Not used on non-Windows systems
[24.904s] INFO:colcon.colcon_notification.desktop_notification:Sending desktop notification using 'notify2'
[24.913s] DEBUG:colcon.colcon_notification.desktop_notification.notify2:Failed to initialize notify2: org.freedesktop.DBus.Error.Spawn.ExecFailed: /usr/bin/dbus-launch terminated abnormally without any error message
[24.914s] DEBUG:colcon.colcon_core.event_reactor:joined thread
[24.914s] INFO:colcon.colcon_core.shell:Creating prefix script '/root/rm_ws/install/local_setup.ps1'
[24.915s] INFO:colcon.colcon_core.shell:Creating prefix util module '/root/rm_ws/install/_local_setup_util_ps1.py'
[24.917s] INFO:colcon.colcon_core.shell:Creating prefix chain script '/root/rm_ws/install/setup.ps1'
[24.918s] INFO:colcon.colcon_core.shell:Creating prefix script '/root/rm_ws/install/local_setup.sh'
[24.918s] INFO:colcon.colcon_core.shell:Creating prefix util module '/root/rm_ws/install/_local_setup_util_sh.py'
[24.919s] INFO:colcon.colcon_core.shell:Creating prefix chain script '/root/rm_ws/install/setup.sh'
[24.919s] INFO:colcon.colcon_core.shell:Creating prefix script '/root/rm_ws/install/local_setup.bash'
[24.920s] INFO:colcon.colcon_core.shell:Creating prefix chain script '/root/rm_ws/install/setup.bash'
[24.920s] INFO:colcon.colcon_core.shell:Creating prefix script '/root/rm_ws/install/local_setup.zsh'
[24.921s] INFO:colcon.colcon_core.shell:Creating prefix chain script '/root/rm_ws/install/setup.zsh'
