[0.035s] Invoking command in '/root/rm_ws/build/turtle_cpp': CMAKE_PREFIX_PATH=/opt/ros/humble /usr/bin/cmake --build /root/rm_ws/build/turtle_cpp -- -j8 -l8
[0.427s] [ 20%] Built target controller
[0.435s] [ 40%] Built target goal
[0.439s] [ 60%] Built target d
[0.453s] [ 80%] Built target draw_circle
[0.460s] [100%] Built target polygon
[0.502s] Invoked command in '/root/rm_ws/build/turtle_cpp' returned '0': CMAKE_PREFIX_PATH=/opt/ros/humble /usr/bin/cmake --build /root/rm_ws/build/turtle_cpp -- -j8 -l8
[1.031s] Invoking command in '/root/rm_ws/build/turtle_cpp': CMAKE_PREFIX_PATH=/opt/ros/humble /usr/bin/cmake --install /root/rm_ws/build/turtle_cpp
[1.077s] -- Install configuration: ""
[1.080s] -- Up-to-date: /root/rm_ws/install/turtle_cpp/lib/turtle_cpp/goal
[1.081s] -- Up-to-date: /root/rm_ws/install/turtle_cpp/lib/turtle_cpp/polygon
[1.081s] -- Up-to-date: /root/rm_ws/install/turtle_cpp/lib/turtle_cpp/controller
[1.081s] -- Up-to-date: /root/rm_ws/install/turtle_cpp/lib/turtle_cpp/d
[1.081s] -- Up-to-date: /root/rm_ws/install/turtle_cpp/lib/turtle_cpp/draw_circle
[1.081s] -- Up-to-date: /root/rm_ws/install/turtle_cpp/share/ament_index/resource_index/package_run_dependencies/turtle_cpp
[1.082s] -- Up-to-date: /root/rm_ws/install/turtle_cpp/share/ament_index/resource_index/parent_prefix_path/turtle_cpp
[1.082s] -- Up-to-date: /root/rm_ws/install/turtle_cpp/share/turtle_cpp/environment/ament_prefix_path.sh
[1.082s] -- Up-to-date: /root/rm_ws/install/turtle_cpp/share/turtle_cpp/environment/ament_prefix_path.dsv
[1.082s] -- Up-to-date: /root/rm_ws/install/turtle_cpp/share/turtle_cpp/environment/path.sh
[1.082s] -- Up-to-date: /root/rm_ws/install/turtle_cpp/share/turtle_cpp/environment/path.dsv
[1.082s] -- Up-to-date: /root/rm_ws/install/turtle_cpp/share/turtle_cpp/local_setup.bash
[1.082s] -- Up-to-date: /root/rm_ws/install/turtle_cpp/share/turtle_cpp/local_setup.sh
[1.082s] -- Up-to-date: /root/rm_ws/install/turtle_cpp/share/turtle_cpp/local_setup.zsh
[1.082s] -- Up-to-date: /root/rm_ws/install/turtle_cpp/share/turtle_cpp/local_setup.dsv
[1.082s] -- Installing: /root/rm_ws/install/turtle_cpp/share/turtle_cpp/package.dsv
[1.083s] -- Up-to-date: /root/rm_ws/install/turtle_cpp/share/ament_index/resource_index/packages/turtle_cpp
[1.083s] -- Up-to-date: /root/rm_ws/install/turtle_cpp/share/turtle_cpp/cmake/turtle_cppConfig.cmake
[1.083s] -- Up-to-date: /root/rm_ws/install/turtle_cpp/share/turtle_cpp/cmake/turtle_cppConfig-version.cmake
[1.083s] -- Up-to-date: /root/rm_ws/install/turtle_cpp/share/turtle_cpp/package.xml
[1.088s] Invoked command in '/root/rm_ws/build/turtle_cpp' returned '0': CMAKE_PREFIX_PATH=/opt/ros/humble /usr/bin/cmake --install /root/rm_ws/build/turtle_cpp
