/root/rm_ws/install/turtle_sim/lib/python3.10/site-packages/turtle_sim/draw_circle.py
/root/rm_ws/install/turtle_sim/lib/python3.10/site-packages/turtle_sim/__init__.py
/root/rm_ws/install/turtle_sim/lib/python3.10/site-packages/turtle_sim/goal.py
/root/rm_ws/install/turtle_sim/lib/python3.10/site-packages/turtle_sim/controller.py
/root/rm_ws/install/turtle_sim/lib/python3.10/site-packages/turtle_sim/polygon.py
/root/rm_ws/install/turtle_sim/lib/python3.10/site-packages/turtle_sim/d_.py
/root/rm_ws/install/turtle_sim/lib/python3.10/site-packages/turtle_sim/__pycache__/draw_circle.cpython-310.pyc
/root/rm_ws/install/turtle_sim/lib/python3.10/site-packages/turtle_sim/__pycache__/__init__.cpython-310.pyc
/root/rm_ws/install/turtle_sim/lib/python3.10/site-packages/turtle_sim/__pycache__/goal.cpython-310.pyc
/root/rm_ws/install/turtle_sim/lib/python3.10/site-packages/turtle_sim/__pycache__/controller.cpython-310.pyc
/root/rm_ws/install/turtle_sim/lib/python3.10/site-packages/turtle_sim/__pycache__/polygon.cpython-310.pyc
/root/rm_ws/install/turtle_sim/lib/python3.10/site-packages/turtle_sim/__pycache__/d_.cpython-310.pyc
/root/rm_ws/install/turtle_sim/share/ament_index/resource_index/packages/turtle_sim
/root/rm_ws/install/turtle_sim/share/turtle_sim/package.xml
/root/rm_ws/install/turtle_sim/lib/python3.10/site-packages/turtle_sim-0.0.0-py3.10.egg-info/zip-safe
/root/rm_ws/install/turtle_sim/lib/python3.10/site-packages/turtle_sim-0.0.0-py3.10.egg-info/PKG-INFO
/root/rm_ws/install/turtle_sim/lib/python3.10/site-packages/turtle_sim-0.0.0-py3.10.egg-info/requires.txt
/root/rm_ws/install/turtle_sim/lib/python3.10/site-packages/turtle_sim-0.0.0-py3.10.egg-info/dependency_links.txt
/root/rm_ws/install/turtle_sim/lib/python3.10/site-packages/turtle_sim-0.0.0-py3.10.egg-info/top_level.txt
/root/rm_ws/install/turtle_sim/lib/python3.10/site-packages/turtle_sim-0.0.0-py3.10.egg-info/SOURCES.txt
/root/rm_ws/install/turtle_sim/lib/python3.10/site-packages/turtle_sim-0.0.0-py3.10.egg-info/entry_points.txt
/root/rm_ws/install/turtle_sim/lib/turtle_sim/controller
/root/rm_ws/install/turtle_sim/lib/turtle_sim/d
/root/rm_ws/install/turtle_sim/lib/turtle_sim/draw_circle
/root/rm_ws/install/turtle_sim/lib/turtle_sim/goal
/root/rm_ws/install/turtle_sim/lib/turtle_sim/polygon
