[0.168s] DEBUG:colcon:Command line arguments: ['/usr/bin/colcon', 'build', '--executor', 'sequential']
[0.169s] DEBUG:colcon:Parsed command line arguments: Namespace(log_base=None, log_level=None, verb_name='build', build_base='build', install_base='install', merge_install=False, symlink_install=False, test_result_base=None, continue_on_error=False, executor='sequential', parallel_workers=8, event_handlers=None, ignore_user_meta=False, metas=['./colcon.meta'], base_paths=['.'], packages_ignore=None, packages_ignore_regex=None, paths=None, packages_up_to=None, packages_up_to_regex=None, packages_above=None, packages_above_and_dependencies=None, packages_above_depth=None, packages_select_by_dep=None, packages_skip_by_dep=None, packages_skip_up_to=None, packages_select_build_failed=False, packages_skip_build_finished=False, packages_select_test_failures=False, packages_skip_test_passed=False, packages_select=None, packages_skip=None, packages_select_regex=None, packages_skip_regex=None, packages_start=None, packages_end=None, cmake_args=None, cmake_target=None, cmake_target_skip_unavailable=False, cmake_clean_cache=False, cmake_clean_first=False, cmake_force_configure=False, ament_cmake_args=None, catkin_cmake_args=None, catkin_skip_building_tests=False, mixin_files=None, mixin=None, verb_parser=<colcon_mixin.mixin.mixin_argument.MixinArgumentDecorator object at 0x7ffffe1cbaf0>, verb_extension=<colcon_core.verb.build.BuildVerb object at 0x7ffffe1cb460>, main=<bound method BuildVerb.main of <colcon_core.verb.build.BuildVerb object at 0x7ffffe1cb460>>, mixin_verb=('build',))
[0.294s] Level 1:colcon.colcon_core.package_discovery:discover_packages(colcon_meta) check parameters
[0.295s] INFO:colcon.colcon_metadata.package_discovery.colcon_meta:Using configuration from '/root/.colcon/metadata/default/Gazebo.meta'
[0.295s] INFO:colcon.colcon_metadata.package_discovery.colcon_meta:Using configuration from '/root/.colcon/metadata/default/fastrtps.meta'
[0.295s] Level 1:colcon.colcon_core.package_discovery:discover_packages(recursive) check parameters
[0.295s] Level 1:colcon.colcon_core.package_discovery:discover_packages(ignore) check parameters
[0.295s] Level 1:colcon.colcon_core.package_discovery:discover_packages(path) check parameters
[0.295s] Level 1:colcon.colcon_core.package_discovery:discover_packages(colcon_meta) discover
[0.295s] Level 1:colcon.colcon_core.package_discovery:discover_packages(recursive) discover
[0.295s] INFO:colcon.colcon_core.package_discovery:Crawling recursively for packages in '/root/rm_ws'
[0.296s] Level 1:colcon.colcon_core.package_identification:_identify(.) by extensions ['ignore', 'ignore_ament_install']
[0.296s] Level 1:colcon.colcon_core.package_identification:_identify(.) by extension 'ignore'
[0.296s] Level 1:colcon.colcon_core.package_identification:_identify(.) by extension 'ignore_ament_install'
[0.296s] Level 1:colcon.colcon_core.package_identification:_identify(.) by extensions ['colcon_pkg']
[0.296s] Level 1:colcon.colcon_core.package_identification:_identify(.) by extension 'colcon_pkg'
[0.296s] Level 1:colcon.colcon_core.package_identification:_identify(.) by extensions ['colcon_meta']
[0.296s] Level 1:colcon.colcon_core.package_identification:_identify(.) by extension 'colcon_meta'
[0.296s] Level 1:colcon.colcon_core.package_identification:_identify(.) by extensions ['ros']
[0.296s] Level 1:colcon.colcon_core.package_identification:_identify(.) by extension 'ros'
[0.310s] Level 1:colcon.colcon_core.package_identification:_identify(.) by extensions ['cmake', 'python']
[0.310s] Level 1:colcon.colcon_core.package_identification:_identify(.) by extension 'cmake'
[0.310s] Level 1:colcon.colcon_core.package_identification:_identify(.) by extension 'python'
[0.310s] Level 1:colcon.colcon_core.package_identification:_identify(.) by extensions ['python_setup_py']
[0.310s] Level 1:colcon.colcon_core.package_identification:_identify(.) by extension 'python_setup_py'
[0.310s] Level 1:colcon.colcon_core.package_identification:_identify(build) by extensions ['ignore', 'ignore_ament_install']
[0.310s] Level 1:colcon.colcon_core.package_identification:_identify(build) by extension 'ignore'
[0.311s] Level 1:colcon.colcon_core.package_identification:_identify(build) ignored
[0.311s] Level 1:colcon.colcon_core.package_identification:_identify(install) by extensions ['ignore', 'ignore_ament_install']
[0.311s] Level 1:colcon.colcon_core.package_identification:_identify(install) by extension 'ignore'
[0.311s] Level 1:colcon.colcon_core.package_identification:_identify(install) ignored
[0.311s] Level 1:colcon.colcon_core.package_identification:_identify(log) by extensions ['ignore', 'ignore_ament_install']
[0.311s] Level 1:colcon.colcon_core.package_identification:_identify(log) by extension 'ignore'
[0.311s] Level 1:colcon.colcon_core.package_identification:_identify(log) ignored
[0.311s] Level 1:colcon.colcon_core.package_identification:_identify(src) by extensions ['ignore', 'ignore_ament_install']
[0.311s] Level 1:colcon.colcon_core.package_identification:_identify(src) by extension 'ignore'
[0.311s] Level 1:colcon.colcon_core.package_identification:_identify(src) by extension 'ignore_ament_install'
[0.311s] Level 1:colcon.colcon_core.package_identification:_identify(src) by extensions ['colcon_pkg']
[0.311s] Level 1:colcon.colcon_core.package_identification:_identify(src) by extension 'colcon_pkg'
[0.311s] Level 1:colcon.colcon_core.package_identification:_identify(src) by extensions ['colcon_meta']
[0.311s] Level 1:colcon.colcon_core.package_identification:_identify(src) by extension 'colcon_meta'
[0.311s] Level 1:colcon.colcon_core.package_identification:_identify(src) by extensions ['ros']
[0.311s] Level 1:colcon.colcon_core.package_identification:_identify(src) by extension 'ros'
[0.311s] Level 1:colcon.colcon_core.package_identification:_identify(src) by extensions ['cmake', 'python']
[0.311s] Level 1:colcon.colcon_core.package_identification:_identify(src) by extension 'cmake'
[0.311s] Level 1:colcon.colcon_core.package_identification:_identify(src) by extension 'python'
[0.311s] Level 1:colcon.colcon_core.package_identification:_identify(src) by extensions ['python_setup_py']
[0.312s] Level 1:colcon.colcon_core.package_identification:_identify(src) by extension 'python_setup_py'
[0.312s] Level 1:colcon.colcon_core.package_identification:_identify(src/chat) by extensions ['ignore', 'ignore_ament_install']
[0.312s] Level 1:colcon.colcon_core.package_identification:_identify(src/chat) by extension 'ignore'
[0.312s] Level 1:colcon.colcon_core.package_identification:_identify(src/chat) by extension 'ignore_ament_install'
[0.312s] Level 1:colcon.colcon_core.package_identification:_identify(src/chat) by extensions ['colcon_pkg']
[0.312s] Level 1:colcon.colcon_core.package_identification:_identify(src/chat) by extension 'colcon_pkg'
[0.312s] Level 1:colcon.colcon_core.package_identification:_identify(src/chat) by extensions ['colcon_meta']
[0.312s] Level 1:colcon.colcon_core.package_identification:_identify(src/chat) by extension 'colcon_meta'
[0.312s] Level 1:colcon.colcon_core.package_identification:_identify(src/chat) by extensions ['ros']
[0.312s] Level 1:colcon.colcon_core.package_identification:_identify(src/chat) by extension 'ros'
[0.318s] DEBUG:colcon.colcon_core.package_identification:Package 'src/chat' with type 'ros.ament_cmake' and name 'chat'
[0.318s] Level 1:colcon.colcon_core.package_identification:_identify(src/cpp_) by extensions ['ignore', 'ignore_ament_install']
[0.318s] Level 1:colcon.colcon_core.package_identification:_identify(src/cpp_) by extension 'ignore'
[0.318s] Level 1:colcon.colcon_core.package_identification:_identify(src/cpp_) by extension 'ignore_ament_install'
[0.319s] Level 1:colcon.colcon_core.package_identification:_identify(src/cpp_) by extensions ['colcon_pkg']
[0.319s] Level 1:colcon.colcon_core.package_identification:_identify(src/cpp_) by extension 'colcon_pkg'
[0.319s] Level 1:colcon.colcon_core.package_identification:_identify(src/cpp_) by extensions ['colcon_meta']
[0.319s] Level 1:colcon.colcon_core.package_identification:_identify(src/cpp_) by extension 'colcon_meta'
[0.319s] Level 1:colcon.colcon_core.package_identification:_identify(src/cpp_) by extensions ['ros']
[0.319s] Level 1:colcon.colcon_core.package_identification:_identify(src/cpp_) by extension 'ros'
[0.319s] DEBUG:colcon.colcon_core.package_identification:Package 'src/cpp_' with type 'ros.ament_cmake' and name 'cpp_'
[0.319s] Level 1:colcon.colcon_core.package_identification:_identify(src/polygon_cpp) by extensions ['ignore', 'ignore_ament_install']
[0.319s] Level 1:colcon.colcon_core.package_identification:_identify(src/polygon_cpp) by extension 'ignore'
[0.319s] Level 1:colcon.colcon_core.package_identification:_identify(src/polygon_cpp) by extension 'ignore_ament_install'
[0.320s] Level 1:colcon.colcon_core.package_identification:_identify(src/polygon_cpp) by extensions ['colcon_pkg']
[0.320s] Level 1:colcon.colcon_core.package_identification:_identify(src/polygon_cpp) by extension 'colcon_pkg'
[0.320s] Level 1:colcon.colcon_core.package_identification:_identify(src/polygon_cpp) by extensions ['colcon_meta']
[0.320s] Level 1:colcon.colcon_core.package_identification:_identify(src/polygon_cpp) by extension 'colcon_meta'
[0.320s] Level 1:colcon.colcon_core.package_identification:_identify(src/polygon_cpp) by extensions ['ros']
[0.320s] Level 1:colcon.colcon_core.package_identification:_identify(src/polygon_cpp) by extension 'ros'
[0.320s] DEBUG:colcon.colcon_core.package_identification:Package 'src/polygon_cpp' with type 'ros.ament_cmake' and name 'polygon_cpp'
[0.320s] Level 1:colcon.colcon_core.package_identification:_identify(src/polygon_turtle) by extensions ['ignore', 'ignore_ament_install']
[0.320s] Level 1:colcon.colcon_core.package_identification:_identify(src/polygon_turtle) by extension 'ignore'
[0.320s] Level 1:colcon.colcon_core.package_identification:_identify(src/polygon_turtle) by extension 'ignore_ament_install'
[0.320s] Level 1:colcon.colcon_core.package_identification:_identify(src/polygon_turtle) by extensions ['colcon_pkg']
[0.320s] Level 1:colcon.colcon_core.package_identification:_identify(src/polygon_turtle) by extension 'colcon_pkg'
[0.320s] Level 1:colcon.colcon_core.package_identification:_identify(src/polygon_turtle) by extensions ['colcon_meta']
[0.320s] Level 1:colcon.colcon_core.package_identification:_identify(src/polygon_turtle) by extension 'colcon_meta'
[0.321s] Level 1:colcon.colcon_core.package_identification:_identify(src/polygon_turtle) by extensions ['ros']
[0.321s] Level 1:colcon.colcon_core.package_identification:_identify(src/polygon_turtle) by extension 'ros'
[0.321s] DEBUG:colcon.colcon_core.package_identification:Package 'src/polygon_turtle' with type 'ros.ament_python' and name 'polygon_turtle'
[0.321s] Level 1:colcon.colcon_core.package_identification:_identify(src/py_examples) by extensions ['ignore', 'ignore_ament_install']
[0.321s] Level 1:colcon.colcon_core.package_identification:_identify(src/py_examples) by extension 'ignore'
[0.321s] Level 1:colcon.colcon_core.package_identification:_identify(src/py_examples) by extension 'ignore_ament_install'
[0.321s] Level 1:colcon.colcon_core.package_identification:_identify(src/py_examples) by extensions ['colcon_pkg']
[0.321s] Level 1:colcon.colcon_core.package_identification:_identify(src/py_examples) by extension 'colcon_pkg'
[0.322s] Level 1:colcon.colcon_core.package_identification:_identify(src/py_examples) by extensions ['colcon_meta']
[0.322s] Level 1:colcon.colcon_core.package_identification:_identify(src/py_examples) by extension 'colcon_meta'
[0.322s] Level 1:colcon.colcon_core.package_identification:_identify(src/py_examples) by extensions ['ros']
[0.322s] Level 1:colcon.colcon_core.package_identification:_identify(src/py_examples) by extension 'ros'
[0.322s] DEBUG:colcon.colcon_core.package_identification:Package 'src/py_examples' with type 'ros.ament_python' and name 'py_examples'
[0.322s] Level 1:colcon.colcon_core.package_identification:_identify(src/turtle_cpp) by extensions ['ignore', 'ignore_ament_install']
[0.323s] Level 1:colcon.colcon_core.package_identification:_identify(src/turtle_cpp) by extension 'ignore'
[0.323s] Level 1:colcon.colcon_core.package_identification:_identify(src/turtle_cpp) by extension 'ignore_ament_install'
[0.323s] Level 1:colcon.colcon_core.package_identification:_identify(src/turtle_cpp) by extensions ['colcon_pkg']
[0.323s] Level 1:colcon.colcon_core.package_identification:_identify(src/turtle_cpp) by extension 'colcon_pkg'
[0.323s] Level 1:colcon.colcon_core.package_identification:_identify(src/turtle_cpp) by extensions ['colcon_meta']
[0.323s] Level 1:colcon.colcon_core.package_identification:_identify(src/turtle_cpp) by extension 'colcon_meta'
[0.323s] Level 1:colcon.colcon_core.package_identification:_identify(src/turtle_cpp) by extensions ['ros']
[0.323s] Level 1:colcon.colcon_core.package_identification:_identify(src/turtle_cpp) by extension 'ros'
[0.323s] DEBUG:colcon.colcon_core.package_identification:Package 'src/turtle_cpp' with type 'ros.ament_cmake' and name 'turtle_cpp'
[0.323s] Level 1:colcon.colcon_core.package_identification:_identify(src/turtle_sim) by extensions ['ignore', 'ignore_ament_install']
[0.324s] Level 1:colcon.colcon_core.package_identification:_identify(src/turtle_sim) by extension 'ignore'
[0.324s] Level 1:colcon.colcon_core.package_identification:_identify(src/turtle_sim) by extension 'ignore_ament_install'
[0.324s] Level 1:colcon.colcon_core.package_identification:_identify(src/turtle_sim) by extensions ['colcon_pkg']
[0.324s] Level 1:colcon.colcon_core.package_identification:_identify(src/turtle_sim) by extension 'colcon_pkg'
[0.324s] Level 1:colcon.colcon_core.package_identification:_identify(src/turtle_sim) by extensions ['colcon_meta']
[0.324s] Level 1:colcon.colcon_core.package_identification:_identify(src/turtle_sim) by extension 'colcon_meta'
[0.324s] Level 1:colcon.colcon_core.package_identification:_identify(src/turtle_sim) by extensions ['ros']
[0.324s] Level 1:colcon.colcon_core.package_identification:_identify(src/turtle_sim) by extension 'ros'
[0.324s] DEBUG:colcon.colcon_core.package_identification:Package 'src/turtle_sim' with type 'ros.ament_python' and name 'turtle_sim'
[0.325s] Level 1:colcon.colcon_core.package_identification:_identify(src/tutorial_interfaces) by extensions ['ignore', 'ignore_ament_install']
[0.325s] Level 1:colcon.colcon_core.package_identification:_identify(src/tutorial_interfaces) by extension 'ignore'
[0.325s] Level 1:colcon.colcon_core.package_identification:_identify(src/tutorial_interfaces) by extension 'ignore_ament_install'
[0.325s] Level 1:colcon.colcon_core.package_identification:_identify(src/tutorial_interfaces) by extensions ['colcon_pkg']
[0.325s] Level 1:colcon.colcon_core.package_identification:_identify(src/tutorial_interfaces) by extension 'colcon_pkg'
[0.325s] Level 1:colcon.colcon_core.package_identification:_identify(src/tutorial_interfaces) by extensions ['colcon_meta']
[0.325s] Level 1:colcon.colcon_core.package_identification:_identify(src/tutorial_interfaces) by extension 'colcon_meta'
[0.325s] Level 1:colcon.colcon_core.package_identification:_identify(src/tutorial_interfaces) by extensions ['ros']
[0.325s] Level 1:colcon.colcon_core.package_identification:_identify(src/tutorial_interfaces) by extension 'ros'
[0.325s] DEBUG:colcon.colcon_core.package_identification:Package 'src/tutorial_interfaces' with type 'ros.ament_cmake' and name 'tutorial_interfaces'
[0.325s] Level 1:colcon.colcon_core.package_discovery:discover_packages(recursive) using defaults
[0.325s] Level 1:colcon.colcon_core.package_discovery:discover_packages(ignore) discover
[0.325s] Level 1:colcon.colcon_core.package_discovery:discover_packages(ignore) using defaults
[0.325s] Level 1:colcon.colcon_core.package_discovery:discover_packages(path) discover
[0.325s] Level 1:colcon.colcon_core.package_discovery:discover_packages(path) using defaults
[0.347s] Level 5:colcon.colcon_core.verb:set package 'chat' build argument 'cmake_args' from command line to 'None'
[0.348s] Level 5:colcon.colcon_core.verb:set package 'chat' build argument 'cmake_target' from command line to 'None'
[0.348s] Level 5:colcon.colcon_core.verb:set package 'chat' build argument 'cmake_target_skip_unavailable' from command line to 'False'
[0.348s] Level 5:colcon.colcon_core.verb:set package 'chat' build argument 'cmake_clean_cache' from command line to 'False'
[0.348s] Level 5:colcon.colcon_core.verb:set package 'chat' build argument 'cmake_clean_first' from command line to 'False'
[0.348s] Level 5:colcon.colcon_core.verb:set package 'chat' build argument 'cmake_force_configure' from command line to 'False'
[0.348s] Level 5:colcon.colcon_core.verb:set package 'chat' build argument 'ament_cmake_args' from command line to 'None'
[0.348s] Level 5:colcon.colcon_core.verb:set package 'chat' build argument 'catkin_cmake_args' from command line to 'None'
[0.348s] Level 5:colcon.colcon_core.verb:set package 'chat' build argument 'catkin_skip_building_tests' from command line to 'False'
[0.348s] DEBUG:colcon.colcon_core.verb:Building package 'chat' with the following arguments: {'ament_cmake_args': None, 'build_base': '/root/rm_ws/build/chat', 'catkin_cmake_args': None, 'catkin_skip_building_tests': False, 'cmake_args': None, 'cmake_clean_cache': False, 'cmake_clean_first': False, 'cmake_force_configure': False, 'cmake_target': None, 'cmake_target_skip_unavailable': False, 'install_base': '/root/rm_ws/install/chat', 'merge_install': False, 'path': '/root/rm_ws/src/chat', 'symlink_install': False, 'test_result_base': None}
[0.348s] Level 5:colcon.colcon_core.verb:set package 'cpp_' build argument 'cmake_args' from command line to 'None'
[0.348s] Level 5:colcon.colcon_core.verb:set package 'cpp_' build argument 'cmake_target' from command line to 'None'
[0.348s] Level 5:colcon.colcon_core.verb:set package 'cpp_' build argument 'cmake_target_skip_unavailable' from command line to 'False'
[0.348s] Level 5:colcon.colcon_core.verb:set package 'cpp_' build argument 'cmake_clean_cache' from command line to 'False'
[0.348s] Level 5:colcon.colcon_core.verb:set package 'cpp_' build argument 'cmake_clean_first' from command line to 'False'
[0.348s] Level 5:colcon.colcon_core.verb:set package 'cpp_' build argument 'cmake_force_configure' from command line to 'False'
[0.348s] Level 5:colcon.colcon_core.verb:set package 'cpp_' build argument 'ament_cmake_args' from command line to 'None'
[0.348s] Level 5:colcon.colcon_core.verb:set package 'cpp_' build argument 'catkin_cmake_args' from command line to 'None'
[0.348s] Level 5:colcon.colcon_core.verb:set package 'cpp_' build argument 'catkin_skip_building_tests' from command line to 'False'
[0.348s] DEBUG:colcon.colcon_core.verb:Building package 'cpp_' with the following arguments: {'ament_cmake_args': None, 'build_base': '/root/rm_ws/build/cpp_', 'catkin_cmake_args': None, 'catkin_skip_building_tests': False, 'cmake_args': None, 'cmake_clean_cache': False, 'cmake_clean_first': False, 'cmake_force_configure': False, 'cmake_target': None, 'cmake_target_skip_unavailable': False, 'install_base': '/root/rm_ws/install/cpp_', 'merge_install': False, 'path': '/root/rm_ws/src/cpp_', 'symlink_install': False, 'test_result_base': None}
[0.348s] Level 5:colcon.colcon_core.verb:set package 'py_examples' build argument 'cmake_args' from command line to 'None'
[0.348s] Level 5:colcon.colcon_core.verb:set package 'py_examples' build argument 'cmake_target' from command line to 'None'
[0.348s] Level 5:colcon.colcon_core.verb:set package 'py_examples' build argument 'cmake_target_skip_unavailable' from command line to 'False'
[0.348s] Level 5:colcon.colcon_core.verb:set package 'py_examples' build argument 'cmake_clean_cache' from command line to 'False'
[0.348s] Level 5:colcon.colcon_core.verb:set package 'py_examples' build argument 'cmake_clean_first' from command line to 'False'
[0.348s] Level 5:colcon.colcon_core.verb:set package 'py_examples' build argument 'cmake_force_configure' from command line to 'False'
[0.348s] Level 5:colcon.colcon_core.verb:set package 'py_examples' build argument 'ament_cmake_args' from command line to 'None'
[0.348s] Level 5:colcon.colcon_core.verb:set package 'py_examples' build argument 'catkin_cmake_args' from command line to 'None'
[0.348s] Level 5:colcon.colcon_core.verb:set package 'py_examples' build argument 'catkin_skip_building_tests' from command line to 'False'
[0.348s] DEBUG:colcon.colcon_core.verb:Building package 'py_examples' with the following arguments: {'ament_cmake_args': None, 'build_base': '/root/rm_ws/build/py_examples', 'catkin_cmake_args': None, 'catkin_skip_building_tests': False, 'cmake_args': None, 'cmake_clean_cache': False, 'cmake_clean_first': False, 'cmake_force_configure': False, 'cmake_target': None, 'cmake_target_skip_unavailable': False, 'install_base': '/root/rm_ws/install/py_examples', 'merge_install': False, 'path': '/root/rm_ws/src/py_examples', 'symlink_install': False, 'test_result_base': None}
[0.349s] Level 5:colcon.colcon_core.verb:set package 'turtle_cpp' build argument 'cmake_args' from command line to 'None'
[0.349s] Level 5:colcon.colcon_core.verb:set package 'turtle_cpp' build argument 'cmake_target' from command line to 'None'
[0.349s] Level 5:colcon.colcon_core.verb:set package 'turtle_cpp' build argument 'cmake_target_skip_unavailable' from command line to 'False'
[0.349s] Level 5:colcon.colcon_core.verb:set package 'turtle_cpp' build argument 'cmake_clean_cache' from command line to 'False'
[0.349s] Level 5:colcon.colcon_core.verb:set package 'turtle_cpp' build argument 'cmake_clean_first' from command line to 'False'
[0.349s] Level 5:colcon.colcon_core.verb:set package 'turtle_cpp' build argument 'cmake_force_configure' from command line to 'False'
[0.349s] Level 5:colcon.colcon_core.verb:set package 'turtle_cpp' build argument 'ament_cmake_args' from command line to 'None'
[0.349s] Level 5:colcon.colcon_core.verb:set package 'turtle_cpp' build argument 'catkin_cmake_args' from command line to 'None'
[0.349s] Level 5:colcon.colcon_core.verb:set package 'turtle_cpp' build argument 'catkin_skip_building_tests' from command line to 'False'
[0.349s] DEBUG:colcon.colcon_core.verb:Building package 'turtle_cpp' with the following arguments: {'ament_cmake_args': None, 'build_base': '/root/rm_ws/build/turtle_cpp', 'catkin_cmake_args': None, 'catkin_skip_building_tests': False, 'cmake_args': None, 'cmake_clean_cache': False, 'cmake_clean_first': False, 'cmake_force_configure': False, 'cmake_target': None, 'cmake_target_skip_unavailable': False, 'install_base': '/root/rm_ws/install/turtle_cpp', 'merge_install': False, 'path': '/root/rm_ws/src/turtle_cpp', 'symlink_install': False, 'test_result_base': None}
[0.349s] Level 5:colcon.colcon_core.verb:set package 'turtle_sim' build argument 'cmake_args' from command line to 'None'
[0.349s] Level 5:colcon.colcon_core.verb:set package 'turtle_sim' build argument 'cmake_target' from command line to 'None'
[0.349s] Level 5:colcon.colcon_core.verb:set package 'turtle_sim' build argument 'cmake_target_skip_unavailable' from command line to 'False'
[0.349s] Level 5:colcon.colcon_core.verb:set package 'turtle_sim' build argument 'cmake_clean_cache' from command line to 'False'
[0.349s] Level 5:colcon.colcon_core.verb:set package 'turtle_sim' build argument 'cmake_clean_first' from command line to 'False'
[0.349s] Level 5:colcon.colcon_core.verb:set package 'turtle_sim' build argument 'cmake_force_configure' from command line to 'False'
[0.349s] Level 5:colcon.colcon_core.verb:set package 'turtle_sim' build argument 'ament_cmake_args' from command line to 'None'
[0.349s] Level 5:colcon.colcon_core.verb:set package 'turtle_sim' build argument 'catkin_cmake_args' from command line to 'None'
[0.349s] Level 5:colcon.colcon_core.verb:set package 'turtle_sim' build argument 'catkin_skip_building_tests' from command line to 'False'
[0.349s] DEBUG:colcon.colcon_core.verb:Building package 'turtle_sim' with the following arguments: {'ament_cmake_args': None, 'build_base': '/root/rm_ws/build/turtle_sim', 'catkin_cmake_args': None, 'catkin_skip_building_tests': False, 'cmake_args': None, 'cmake_clean_cache': False, 'cmake_clean_first': False, 'cmake_force_configure': False, 'cmake_target': None, 'cmake_target_skip_unavailable': False, 'install_base': '/root/rm_ws/install/turtle_sim', 'merge_install': False, 'path': '/root/rm_ws/src/turtle_sim', 'symlink_install': False, 'test_result_base': None}
[0.349s] Level 5:colcon.colcon_core.verb:set package 'tutorial_interfaces' build argument 'cmake_args' from command line to 'None'
[0.349s] Level 5:colcon.colcon_core.verb:set package 'tutorial_interfaces' build argument 'cmake_target' from command line to 'None'
[0.349s] Level 5:colcon.colcon_core.verb:set package 'tutorial_interfaces' build argument 'cmake_target_skip_unavailable' from command line to 'False'
[0.349s] Level 5:colcon.colcon_core.verb:set package 'tutorial_interfaces' build argument 'cmake_clean_cache' from command line to 'False'
[0.349s] Level 5:colcon.colcon_core.verb:set package 'tutorial_interfaces' build argument 'cmake_clean_first' from command line to 'False'
[0.349s] Level 5:colcon.colcon_core.verb:set package 'tutorial_interfaces' build argument 'cmake_force_configure' from command line to 'False'
[0.349s] Level 5:colcon.colcon_core.verb:set package 'tutorial_interfaces' build argument 'ament_cmake_args' from command line to 'None'
[0.349s] Level 5:colcon.colcon_core.verb:set package 'tutorial_interfaces' build argument 'catkin_cmake_args' from command line to 'None'
[0.349s] Level 5:colcon.colcon_core.verb:set package 'tutorial_interfaces' build argument 'catkin_skip_building_tests' from command line to 'False'
[0.349s] DEBUG:colcon.colcon_core.verb:Building package 'tutorial_interfaces' with the following arguments: {'ament_cmake_args': None, 'build_base': '/root/rm_ws/build/tutorial_interfaces', 'catkin_cmake_args': None, 'catkin_skip_building_tests': False, 'cmake_args': None, 'cmake_clean_cache': False, 'cmake_clean_first': False, 'cmake_force_configure': False, 'cmake_target': None, 'cmake_target_skip_unavailable': False, 'install_base': '/root/rm_ws/install/tutorial_interfaces', 'merge_install': False, 'path': '/root/rm_ws/src/tutorial_interfaces', 'symlink_install': False, 'test_result_base': None}
[0.350s] Level 5:colcon.colcon_core.verb:set package 'polygon_cpp' build argument 'cmake_args' from command line to 'None'
[0.350s] Level 5:colcon.colcon_core.verb:set package 'polygon_cpp' build argument 'cmake_target' from command line to 'None'
[0.350s] Level 5:colcon.colcon_core.verb:set package 'polygon_cpp' build argument 'cmake_target_skip_unavailable' from command line to 'False'
[0.350s] Level 5:colcon.colcon_core.verb:set package 'polygon_cpp' build argument 'cmake_clean_cache' from command line to 'False'
[0.350s] Level 5:colcon.colcon_core.verb:set package 'polygon_cpp' build argument 'cmake_clean_first' from command line to 'False'
[0.350s] Level 5:colcon.colcon_core.verb:set package 'polygon_cpp' build argument 'cmake_force_configure' from command line to 'False'
[0.350s] Level 5:colcon.colcon_core.verb:set package 'polygon_cpp' build argument 'ament_cmake_args' from command line to 'None'
[0.350s] Level 5:colcon.colcon_core.verb:set package 'polygon_cpp' build argument 'catkin_cmake_args' from command line to 'None'
[0.350s] Level 5:colcon.colcon_core.verb:set package 'polygon_cpp' build argument 'catkin_skip_building_tests' from command line to 'False'
[0.350s] DEBUG:colcon.colcon_core.verb:Building package 'polygon_cpp' with the following arguments: {'ament_cmake_args': None, 'build_base': '/root/rm_ws/build/polygon_cpp', 'catkin_cmake_args': None, 'catkin_skip_building_tests': False, 'cmake_args': None, 'cmake_clean_cache': False, 'cmake_clean_first': False, 'cmake_force_configure': False, 'cmake_target': None, 'cmake_target_skip_unavailable': False, 'install_base': '/root/rm_ws/install/polygon_cpp', 'merge_install': False, 'path': '/root/rm_ws/src/polygon_cpp', 'symlink_install': False, 'test_result_base': None}
[0.350s] Level 5:colcon.colcon_core.verb:set package 'polygon_turtle' build argument 'cmake_args' from command line to 'None'
[0.350s] Level 5:colcon.colcon_core.verb:set package 'polygon_turtle' build argument 'cmake_target' from command line to 'None'
[0.350s] Level 5:colcon.colcon_core.verb:set package 'polygon_turtle' build argument 'cmake_target_skip_unavailable' from command line to 'False'
[0.350s] Level 5:colcon.colcon_core.verb:set package 'polygon_turtle' build argument 'cmake_clean_cache' from command line to 'False'
[0.350s] Level 5:colcon.colcon_core.verb:set package 'polygon_turtle' build argument 'cmake_clean_first' from command line to 'False'
[0.350s] Level 5:colcon.colcon_core.verb:set package 'polygon_turtle' build argument 'cmake_force_configure' from command line to 'False'
[0.350s] Level 5:colcon.colcon_core.verb:set package 'polygon_turtle' build argument 'ament_cmake_args' from command line to 'None'
[0.350s] Level 5:colcon.colcon_core.verb:set package 'polygon_turtle' build argument 'catkin_cmake_args' from command line to 'None'
[0.350s] Level 5:colcon.colcon_core.verb:set package 'polygon_turtle' build argument 'catkin_skip_building_tests' from command line to 'False'
[0.350s] DEBUG:colcon.colcon_core.verb:Building package 'polygon_turtle' with the following arguments: {'ament_cmake_args': None, 'build_base': '/root/rm_ws/build/polygon_turtle', 'catkin_cmake_args': None, 'catkin_skip_building_tests': False, 'cmake_args': None, 'cmake_clean_cache': False, 'cmake_clean_first': False, 'cmake_force_configure': False, 'cmake_target': None, 'cmake_target_skip_unavailable': False, 'install_base': '/root/rm_ws/install/polygon_turtle', 'merge_install': False, 'path': '/root/rm_ws/src/polygon_turtle', 'symlink_install': False, 'test_result_base': None}
[0.350s] INFO:colcon.colcon_core.executor:Executing jobs using 'sequential' executor
[0.355s] DEBUG:colcon.colcon_core.executor.sequential:run_until_complete 'chat'
[0.355s] INFO:colcon.colcon_ros.task.ament_cmake.build:Building ROS package in '/root/rm_ws/src/chat' with build type 'ament_cmake'
[0.355s] INFO:colcon.colcon_cmake.task.cmake.build:Building CMake package in '/root/rm_ws/src/chat'
[0.357s] INFO:colcon.colcon_core.plugin_system:Skipping extension 'colcon_core.shell.bat': Not used on non-Windows systems
[0.357s] INFO:colcon.colcon_core.shell:Skip shell extension 'powershell' for command environment: Not usable outside of PowerShell
[0.357s] DEBUG:colcon.colcon_core.shell:Skip shell extension 'dsv' for command environment
[0.404s] DEBUG:colcon.colcon_core.event_handler.log_command:Invoking command in '/root/rm_ws/build/chat': CMAKE_PREFIX_PATH=/opt/ros/humble /usr/bin/cmake --build /root/rm_ws/build/chat -- -j8 -l8
[0.874s] DEBUG:colcon.colcon_core.event_handler.log_command:Invoked command in '/root/rm_ws/build/chat' returned '0': CMAKE_PREFIX_PATH=/opt/ros/humble /usr/bin/cmake --build /root/rm_ws/build/chat -- -j8 -l8
[1.307s] DEBUG:colcon.colcon_core.event_handler.log_command:Invoking command in '/root/rm_ws/build/chat': CMAKE_PREFIX_PATH=/opt/ros/humble /usr/bin/cmake --install /root/rm_ws/build/chat
[1.368s] Level 1:colcon.colcon_core.environment:create_environment_scripts_only(chat)
[1.368s] DEBUG:colcon.colcon_core.event_handler.log_command:Invoked command in '/root/rm_ws/build/chat' returned '0': CMAKE_PREFIX_PATH=/opt/ros/humble /usr/bin/cmake --install /root/rm_ws/build/chat
[1.371s] Level 1:colcon.colcon_core.environment:checking '/root/rm_ws/install/chat' for CMake module files
[1.371s] Level 1:colcon.colcon_core.environment:checking '/root/rm_ws/install/chat' for CMake config files
[1.371s] Level 1:colcon.colcon_core.shell:create_environment_hook('chat', 'cmake_prefix_path')
[1.372s] INFO:colcon.colcon_core.shell:Creating environment hook '/root/rm_ws/install/chat/share/chat/hook/cmake_prefix_path.ps1'
[1.373s] INFO:colcon.colcon_core.shell:Creating environment descriptor '/root/rm_ws/install/chat/share/chat/hook/cmake_prefix_path.dsv'
[1.373s] INFO:colcon.colcon_core.shell:Creating environment hook '/root/rm_ws/install/chat/share/chat/hook/cmake_prefix_path.sh'
[1.374s] Level 1:colcon.colcon_core.environment:checking '/root/rm_ws/install/chat/lib'
[1.374s] Level 1:colcon.colcon_core.environment:checking '/root/rm_ws/install/chat/bin'
[1.374s] Level 1:colcon.colcon_core.environment:checking '/root/rm_ws/install/chat/lib/pkgconfig/chat.pc'
[1.376s] Level 1:colcon.colcon_core.environment:checking '/root/rm_ws/install/chat/lib/python3.10/site-packages'
[1.376s] Level 1:colcon.colcon_core.environment:checking '/root/rm_ws/install/chat/bin'
[1.376s] INFO:colcon.colcon_core.shell:Creating package script '/root/rm_ws/install/chat/share/chat/package.ps1'
[1.377s] INFO:colcon.colcon_core.shell:Creating package descriptor '/root/rm_ws/install/chat/share/chat/package.dsv'
[1.377s] INFO:colcon.colcon_core.shell:Creating package script '/root/rm_ws/install/chat/share/chat/package.sh'
[1.377s] INFO:colcon.colcon_core.shell:Creating package script '/root/rm_ws/install/chat/share/chat/package.bash'
[1.378s] INFO:colcon.colcon_core.shell:Creating package script '/root/rm_ws/install/chat/share/chat/package.zsh'
[1.379s] Level 1:colcon.colcon_core.environment:create_file_with_runtime_dependencies(/root/rm_ws/install/chat/share/colcon-core/packages/chat)
[1.727s] Level 1:colcon.colcon_core.environment:create_environment_scripts_only(chat)
[1.727s] Level 1:colcon.colcon_core.environment:checking '/root/rm_ws/install/chat' for CMake module files
[1.727s] Level 1:colcon.colcon_core.environment:checking '/root/rm_ws/install/chat' for CMake config files
[1.727s] Level 1:colcon.colcon_core.shell:create_environment_hook('chat', 'cmake_prefix_path')
[1.728s] INFO:colcon.colcon_core.shell:Creating environment hook '/root/rm_ws/install/chat/share/chat/hook/cmake_prefix_path.ps1'
[1.728s] INFO:colcon.colcon_core.shell:Creating environment descriptor '/root/rm_ws/install/chat/share/chat/hook/cmake_prefix_path.dsv'
[1.728s] INFO:colcon.colcon_core.shell:Creating environment hook '/root/rm_ws/install/chat/share/chat/hook/cmake_prefix_path.sh'
[1.729s] Level 1:colcon.colcon_core.environment:checking '/root/rm_ws/install/chat/lib'
[1.729s] Level 1:colcon.colcon_core.environment:checking '/root/rm_ws/install/chat/bin'
[1.729s] Level 1:colcon.colcon_core.environment:checking '/root/rm_ws/install/chat/lib/pkgconfig/chat.pc'
[1.729s] Level 1:colcon.colcon_core.environment:checking '/root/rm_ws/install/chat/lib/python3.10/site-packages'
[1.729s] Level 1:colcon.colcon_core.environment:checking '/root/rm_ws/install/chat/bin'
[1.729s] INFO:colcon.colcon_core.shell:Creating package script '/root/rm_ws/install/chat/share/chat/package.ps1'
[1.730s] INFO:colcon.colcon_core.shell:Creating package descriptor '/root/rm_ws/install/chat/share/chat/package.dsv'
[1.730s] INFO:colcon.colcon_core.shell:Creating package script '/root/rm_ws/install/chat/share/chat/package.sh'
[1.730s] INFO:colcon.colcon_core.shell:Creating package script '/root/rm_ws/install/chat/share/chat/package.bash'
[1.730s] INFO:colcon.colcon_core.shell:Creating package script '/root/rm_ws/install/chat/share/chat/package.zsh'
[1.730s] Level 1:colcon.colcon_core.environment:create_file_with_runtime_dependencies(/root/rm_ws/install/chat/share/colcon-core/packages/chat)
[1.731s] DEBUG:colcon.colcon_core.executor.sequential:run_until_complete 'chat' finished with '0'
[1.731s] DEBUG:colcon.colcon_core.executor.sequential:run_until_complete 'cpp_'
[1.731s] INFO:colcon.colcon_ros.task.ament_cmake.build:Building ROS package in '/root/rm_ws/src/cpp_' with build type 'ament_cmake'
[1.731s] INFO:colcon.colcon_cmake.task.cmake.build:Building CMake package in '/root/rm_ws/src/cpp_'
[1.731s] INFO:colcon.colcon_core.shell:Skip shell extension 'powershell' for command environment: Not usable outside of PowerShell
[1.731s] DEBUG:colcon.colcon_core.shell:Skip shell extension 'dsv' for command environment
[1.767s] DEBUG:colcon.colcon_core.event_handler.log_command:Invoking command in '/root/rm_ws/build/cpp_': CMAKE_PREFIX_PATH=/opt/ros/humble /usr/bin/cmake --build /root/rm_ws/build/cpp_ -- -j8 -l8
[2.198s] DEBUG:colcon.colcon_core.event_handler.log_command:Invoked command in '/root/rm_ws/build/cpp_' returned '0': CMAKE_PREFIX_PATH=/opt/ros/humble /usr/bin/cmake --build /root/rm_ws/build/cpp_ -- -j8 -l8
[2.654s] DEBUG:colcon.colcon_core.event_handler.log_command:Invoking command in '/root/rm_ws/build/cpp_': CMAKE_PREFIX_PATH=/opt/ros/humble /usr/bin/cmake --install /root/rm_ws/build/cpp_
[2.712s] Level 1:colcon.colcon_core.environment:create_environment_scripts_only(cpp_)
[2.713s] Level 1:colcon.colcon_core.environment:checking '/root/rm_ws/install/cpp_' for CMake module files
[2.713s] DEBUG:colcon.colcon_core.event_handler.log_command:Invoked command in '/root/rm_ws/build/cpp_' returned '0': CMAKE_PREFIX_PATH=/opt/ros/humble /usr/bin/cmake --install /root/rm_ws/build/cpp_
[2.713s] Level 1:colcon.colcon_core.environment:checking '/root/rm_ws/install/cpp_' for CMake config files
[2.714s] Level 1:colcon.colcon_core.shell:create_environment_hook('cpp_', 'cmake_prefix_path')
[2.714s] INFO:colcon.colcon_core.shell:Creating environment hook '/root/rm_ws/install/cpp_/share/cpp_/hook/cmake_prefix_path.ps1'
[2.714s] INFO:colcon.colcon_core.shell:Creating environment descriptor '/root/rm_ws/install/cpp_/share/cpp_/hook/cmake_prefix_path.dsv'
[2.714s] INFO:colcon.colcon_core.shell:Creating environment hook '/root/rm_ws/install/cpp_/share/cpp_/hook/cmake_prefix_path.sh'
[2.715s] Level 1:colcon.colcon_core.environment:checking '/root/rm_ws/install/cpp_/lib'
[2.715s] Level 1:colcon.colcon_core.environment:checking '/root/rm_ws/install/cpp_/bin'
[2.715s] Level 1:colcon.colcon_core.environment:checking '/root/rm_ws/install/cpp_/lib/pkgconfig/cpp_.pc'
[2.715s] Level 1:colcon.colcon_core.environment:checking '/root/rm_ws/install/cpp_/lib/python3.10/site-packages'
[2.715s] Level 1:colcon.colcon_core.environment:checking '/root/rm_ws/install/cpp_/bin'
[2.715s] INFO:colcon.colcon_core.shell:Creating package script '/root/rm_ws/install/cpp_/share/cpp_/package.ps1'
[2.716s] INFO:colcon.colcon_core.shell:Creating package descriptor '/root/rm_ws/install/cpp_/share/cpp_/package.dsv'
[2.716s] INFO:colcon.colcon_core.shell:Creating package script '/root/rm_ws/install/cpp_/share/cpp_/package.sh'
[2.716s] INFO:colcon.colcon_core.shell:Creating package script '/root/rm_ws/install/cpp_/share/cpp_/package.bash'
[2.716s] INFO:colcon.colcon_core.shell:Creating package script '/root/rm_ws/install/cpp_/share/cpp_/package.zsh'
[2.717s] Level 1:colcon.colcon_core.environment:create_file_with_runtime_dependencies(/root/rm_ws/install/cpp_/share/colcon-core/packages/cpp_)
[3.181s] Level 1:colcon.colcon_core.environment:create_environment_scripts_only(cpp_)
[3.182s] Level 1:colcon.colcon_core.environment:checking '/root/rm_ws/install/cpp_' for CMake module files
[3.182s] Level 1:colcon.colcon_core.environment:checking '/root/rm_ws/install/cpp_' for CMake config files
[3.182s] Level 1:colcon.colcon_core.shell:create_environment_hook('cpp_', 'cmake_prefix_path')
[3.182s] INFO:colcon.colcon_core.shell:Creating environment hook '/root/rm_ws/install/cpp_/share/cpp_/hook/cmake_prefix_path.ps1'
[3.183s] INFO:colcon.colcon_core.shell:Creating environment descriptor '/root/rm_ws/install/cpp_/share/cpp_/hook/cmake_prefix_path.dsv'
[3.183s] INFO:colcon.colcon_core.shell:Creating environment hook '/root/rm_ws/install/cpp_/share/cpp_/hook/cmake_prefix_path.sh'
[3.183s] Level 1:colcon.colcon_core.environment:checking '/root/rm_ws/install/cpp_/lib'
[3.183s] Level 1:colcon.colcon_core.environment:checking '/root/rm_ws/install/cpp_/bin'
[3.184s] Level 1:colcon.colcon_core.environment:checking '/root/rm_ws/install/cpp_/lib/pkgconfig/cpp_.pc'
[3.184s] Level 1:colcon.colcon_core.environment:checking '/root/rm_ws/install/cpp_/lib/python3.10/site-packages'
[3.184s] Level 1:colcon.colcon_core.environment:checking '/root/rm_ws/install/cpp_/bin'
[3.184s] INFO:colcon.colcon_core.shell:Creating package script '/root/rm_ws/install/cpp_/share/cpp_/package.ps1'
[3.184s] INFO:colcon.colcon_core.shell:Creating package descriptor '/root/rm_ws/install/cpp_/share/cpp_/package.dsv'
[3.185s] INFO:colcon.colcon_core.shell:Creating package script '/root/rm_ws/install/cpp_/share/cpp_/package.sh'
[3.185s] INFO:colcon.colcon_core.shell:Creating package script '/root/rm_ws/install/cpp_/share/cpp_/package.bash'
[3.185s] INFO:colcon.colcon_core.shell:Creating package script '/root/rm_ws/install/cpp_/share/cpp_/package.zsh'
[3.185s] Level 1:colcon.colcon_core.environment:create_file_with_runtime_dependencies(/root/rm_ws/install/cpp_/share/colcon-core/packages/cpp_)
[3.185s] DEBUG:colcon.colcon_core.executor.sequential:run_until_complete 'cpp_' finished with '0'
[3.185s] DEBUG:colcon.colcon_core.executor.sequential:run_until_complete 'py_examples'
[3.186s] INFO:colcon.colcon_ros.task.ament_python.build:Building ROS package in '/root/rm_ws/src/py_examples' with build type 'ament_python'
[3.186s] Level 1:colcon.colcon_core.shell:create_environment_hook('py_examples', 'ament_prefix_path')
[3.186s] INFO:colcon.colcon_core.shell:Creating environment hook '/root/rm_ws/install/py_examples/share/py_examples/hook/ament_prefix_path.ps1'
[3.188s] INFO:colcon.colcon_core.shell:Creating environment descriptor '/root/rm_ws/install/py_examples/share/py_examples/hook/ament_prefix_path.dsv'
[3.188s] INFO:colcon.colcon_core.shell:Creating environment hook '/root/rm_ws/install/py_examples/share/py_examples/hook/ament_prefix_path.sh'
[3.188s] INFO:colcon.colcon_core.shell:Skip shell extension 'powershell' for command environment: Not usable outside of PowerShell
[3.188s] DEBUG:colcon.colcon_core.shell:Skip shell extension 'dsv' for command environment
[3.458s] INFO:colcon.colcon_core.task.python.build:Building Python package in '/root/rm_ws/src/py_examples'
[3.458s] INFO:colcon.colcon_core.shell:Skip shell extension 'powershell' for command environment: Not usable outside of PowerShell
[3.458s] DEBUG:colcon.colcon_core.shell:Skip shell extension 'dsv' for command environment
[3.793s] DEBUG:colcon.colcon_core.event_handler.log_command:Invoking command in '/root/rm_ws/src/py_examples': PYTHONPATH=/root/rm_ws/build/py_examples/prefix_override:/usr/lib/python3/dist-packages/colcon_core/task/python/colcon_distutils_commands:/root/rm_ws/install/py_examples/lib/python3.10/site-packages:${PYTHONPATH} /usr/bin/python3 -W ignore:setup.py install is deprecated setup.py egg_info --egg-base ../../build/py_examples build --build-base /root/rm_ws/build/py_examples/build install --record /root/rm_ws/build/py_examples/install.log --single-version-externally-managed install_data
[4.065s] Level 1:colcon.colcon_core.environment:checking '/root/rm_ws/install/py_examples' for CMake module files
[4.065s] DEBUG:colcon.colcon_core.event_handler.log_command:Invoked command in '/root/rm_ws/src/py_examples' returned '0': PYTHONPATH=/root/rm_ws/build/py_examples/prefix_override:/usr/lib/python3/dist-packages/colcon_core/task/python/colcon_distutils_commands:/root/rm_ws/install/py_examples/lib/python3.10/site-packages:${PYTHONPATH} /usr/bin/python3 -W ignore:setup.py install is deprecated setup.py egg_info --egg-base ../../build/py_examples build --build-base /root/rm_ws/build/py_examples/build install --record /root/rm_ws/build/py_examples/install.log --single-version-externally-managed install_data
[4.066s] Level 1:colcon.colcon_core.environment:checking '/root/rm_ws/install/py_examples' for CMake config files
[4.066s] Level 1:colcon.colcon_core.environment:checking '/root/rm_ws/install/py_examples/lib'
[4.066s] Level 1:colcon.colcon_core.environment:checking '/root/rm_ws/install/py_examples/bin'
[4.066s] Level 1:colcon.colcon_core.environment:checking '/root/rm_ws/install/py_examples/lib/pkgconfig/py_examples.pc'
[4.067s] Level 1:colcon.colcon_core.environment:checking '/root/rm_ws/install/py_examples/lib/python3.10/site-packages'
[4.067s] Level 1:colcon.colcon_core.shell:create_environment_hook('py_examples', 'pythonpath')
[4.067s] INFO:colcon.colcon_core.shell:Creating environment hook '/root/rm_ws/install/py_examples/share/py_examples/hook/pythonpath.ps1'
[4.067s] INFO:colcon.colcon_core.shell:Creating environment descriptor '/root/rm_ws/install/py_examples/share/py_examples/hook/pythonpath.dsv'
[4.067s] INFO:colcon.colcon_core.shell:Creating environment hook '/root/rm_ws/install/py_examples/share/py_examples/hook/pythonpath.sh'
[4.068s] Level 1:colcon.colcon_core.environment:checking '/root/rm_ws/install/py_examples/bin'
[4.068s] Level 1:colcon.colcon_core.environment:create_environment_scripts_only(py_examples)
[4.068s] INFO:colcon.colcon_core.shell:Creating package script '/root/rm_ws/install/py_examples/share/py_examples/package.ps1'
[4.068s] INFO:colcon.colcon_core.shell:Creating package descriptor '/root/rm_ws/install/py_examples/share/py_examples/package.dsv'
[4.068s] INFO:colcon.colcon_core.shell:Creating package script '/root/rm_ws/install/py_examples/share/py_examples/package.sh'
[4.069s] INFO:colcon.colcon_core.shell:Creating package script '/root/rm_ws/install/py_examples/share/py_examples/package.bash'
[4.069s] INFO:colcon.colcon_core.shell:Creating package script '/root/rm_ws/install/py_examples/share/py_examples/package.zsh'
[4.069s] Level 1:colcon.colcon_core.environment:create_file_with_runtime_dependencies(/root/rm_ws/install/py_examples/share/colcon-core/packages/py_examples)
[4.069s] DEBUG:colcon.colcon_core.executor.sequential:run_until_complete 'py_examples' finished with '0'
[4.069s] DEBUG:colcon.colcon_core.executor.sequential:run_until_complete 'turtle_cpp'
[4.069s] INFO:colcon.colcon_ros.task.ament_cmake.build:Building ROS package in '/root/rm_ws/src/turtle_cpp' with build type 'ament_cmake'
[4.070s] INFO:colcon.colcon_cmake.task.cmake.build:Building CMake package in '/root/rm_ws/src/turtle_cpp'
[4.070s] INFO:colcon.colcon_core.shell:Skip shell extension 'powershell' for command environment: Not usable outside of PowerShell
[4.070s] DEBUG:colcon.colcon_core.shell:Skip shell extension 'dsv' for command environment
[4.106s] DEBUG:colcon.colcon_core.event_handler.log_command:Invoking command in '/root/rm_ws/build/turtle_cpp': CMAKE_PREFIX_PATH=/opt/ros/humble /usr/bin/cmake --build /root/rm_ws/build/turtle_cpp -- -j8 -l8
[4.560s] DEBUG:colcon.colcon_core.event_handler.log_command:Invoked command in '/root/rm_ws/build/turtle_cpp' returned '0': CMAKE_PREFIX_PATH=/opt/ros/humble /usr/bin/cmake --build /root/rm_ws/build/turtle_cpp -- -j8 -l8
[5.068s] DEBUG:colcon.colcon_core.event_handler.log_command:Invoking command in '/root/rm_ws/build/turtle_cpp': CMAKE_PREFIX_PATH=/opt/ros/humble /usr/bin/cmake --install /root/rm_ws/build/turtle_cpp
[5.127s] Level 1:colcon.colcon_core.environment:create_environment_scripts_only(turtle_cpp)
[5.127s] Level 1:colcon.colcon_core.environment:checking '/root/rm_ws/install/turtle_cpp' for CMake module files
[5.127s] DEBUG:colcon.colcon_core.event_handler.log_command:Invoked command in '/root/rm_ws/build/turtle_cpp' returned '0': CMAKE_PREFIX_PATH=/opt/ros/humble /usr/bin/cmake --install /root/rm_ws/build/turtle_cpp
[5.128s] Level 1:colcon.colcon_core.environment:checking '/root/rm_ws/install/turtle_cpp' for CMake config files
[5.128s] Level 1:colcon.colcon_core.shell:create_environment_hook('turtle_cpp', 'cmake_prefix_path')
[5.128s] INFO:colcon.colcon_core.shell:Creating environment hook '/root/rm_ws/install/turtle_cpp/share/turtle_cpp/hook/cmake_prefix_path.ps1'
[5.129s] INFO:colcon.colcon_core.shell:Creating environment descriptor '/root/rm_ws/install/turtle_cpp/share/turtle_cpp/hook/cmake_prefix_path.dsv'
[5.129s] INFO:colcon.colcon_core.shell:Creating environment hook '/root/rm_ws/install/turtle_cpp/share/turtle_cpp/hook/cmake_prefix_path.sh'
[5.129s] Level 1:colcon.colcon_core.environment:checking '/root/rm_ws/install/turtle_cpp/lib'
[5.129s] Level 1:colcon.colcon_core.environment:checking '/root/rm_ws/install/turtle_cpp/bin'
[5.129s] Level 1:colcon.colcon_core.environment:checking '/root/rm_ws/install/turtle_cpp/lib/pkgconfig/turtle_cpp.pc'
[5.129s] Level 1:colcon.colcon_core.environment:checking '/root/rm_ws/install/turtle_cpp/lib/python3.10/site-packages'
[5.130s] Level 1:colcon.colcon_core.environment:checking '/root/rm_ws/install/turtle_cpp/bin'
[5.130s] INFO:colcon.colcon_core.shell:Creating package script '/root/rm_ws/install/turtle_cpp/share/turtle_cpp/package.ps1'
[5.130s] INFO:colcon.colcon_core.shell:Creating package descriptor '/root/rm_ws/install/turtle_cpp/share/turtle_cpp/package.dsv'
[5.130s] INFO:colcon.colcon_core.shell:Creating package script '/root/rm_ws/install/turtle_cpp/share/turtle_cpp/package.sh'
[5.130s] INFO:colcon.colcon_core.shell:Creating package script '/root/rm_ws/install/turtle_cpp/share/turtle_cpp/package.bash'
[5.131s] INFO:colcon.colcon_core.shell:Creating package script '/root/rm_ws/install/turtle_cpp/share/turtle_cpp/package.zsh'
[5.131s] Level 1:colcon.colcon_core.environment:create_file_with_runtime_dependencies(/root/rm_ws/install/turtle_cpp/share/colcon-core/packages/turtle_cpp)
[5.648s] Level 1:colcon.colcon_core.environment:create_environment_scripts_only(turtle_cpp)
[5.648s] Level 1:colcon.colcon_core.environment:checking '/root/rm_ws/install/turtle_cpp' for CMake module files
[5.648s] Level 1:colcon.colcon_core.environment:checking '/root/rm_ws/install/turtle_cpp' for CMake config files
[5.648s] Level 1:colcon.colcon_core.shell:create_environment_hook('turtle_cpp', 'cmake_prefix_path')
[5.649s] INFO:colcon.colcon_core.shell:Creating environment hook '/root/rm_ws/install/turtle_cpp/share/turtle_cpp/hook/cmake_prefix_path.ps1'
[5.649s] INFO:colcon.colcon_core.shell:Creating environment descriptor '/root/rm_ws/install/turtle_cpp/share/turtle_cpp/hook/cmake_prefix_path.dsv'
[5.649s] INFO:colcon.colcon_core.shell:Creating environment hook '/root/rm_ws/install/turtle_cpp/share/turtle_cpp/hook/cmake_prefix_path.sh'
[5.650s] Level 1:colcon.colcon_core.environment:checking '/root/rm_ws/install/turtle_cpp/lib'
[5.650s] Level 1:colcon.colcon_core.environment:checking '/root/rm_ws/install/turtle_cpp/bin'
[5.650s] Level 1:colcon.colcon_core.environment:checking '/root/rm_ws/install/turtle_cpp/lib/pkgconfig/turtle_cpp.pc'
[5.650s] Level 1:colcon.colcon_core.environment:checking '/root/rm_ws/install/turtle_cpp/lib/python3.10/site-packages'
[5.650s] Level 1:colcon.colcon_core.environment:checking '/root/rm_ws/install/turtle_cpp/bin'
[5.650s] INFO:colcon.colcon_core.shell:Creating package script '/root/rm_ws/install/turtle_cpp/share/turtle_cpp/package.ps1'
[5.650s] INFO:colcon.colcon_core.shell:Creating package descriptor '/root/rm_ws/install/turtle_cpp/share/turtle_cpp/package.dsv'
[5.651s] INFO:colcon.colcon_core.shell:Creating package script '/root/rm_ws/install/turtle_cpp/share/turtle_cpp/package.sh'
[5.651s] INFO:colcon.colcon_core.shell:Creating package script '/root/rm_ws/install/turtle_cpp/share/turtle_cpp/package.bash'
[5.651s] INFO:colcon.colcon_core.shell:Creating package script '/root/rm_ws/install/turtle_cpp/share/turtle_cpp/package.zsh'
[5.651s] Level 1:colcon.colcon_core.environment:create_file_with_runtime_dependencies(/root/rm_ws/install/turtle_cpp/share/colcon-core/packages/turtle_cpp)
[5.651s] DEBUG:colcon.colcon_core.executor.sequential:run_until_complete 'turtle_cpp' finished with '0'
[5.652s] DEBUG:colcon.colcon_core.executor.sequential:run_until_complete 'turtle_sim'
[5.652s] INFO:colcon.colcon_ros.task.ament_python.build:Building ROS package in '/root/rm_ws/src/turtle_sim' with build type 'ament_python'
[5.652s] Level 1:colcon.colcon_core.shell:create_environment_hook('turtle_sim', 'ament_prefix_path')
[5.652s] INFO:colcon.colcon_core.shell:Creating environment hook '/root/rm_ws/install/turtle_sim/share/turtle_sim/hook/ament_prefix_path.ps1'
[5.652s] INFO:colcon.colcon_core.shell:Creating environment descriptor '/root/rm_ws/install/turtle_sim/share/turtle_sim/hook/ament_prefix_path.dsv'
[5.653s] INFO:colcon.colcon_core.shell:Creating environment hook '/root/rm_ws/install/turtle_sim/share/turtle_sim/hook/ament_prefix_path.sh'
[5.653s] INFO:colcon.colcon_core.shell:Skip shell extension 'powershell' for command environment: Not usable outside of PowerShell
[5.653s] DEBUG:colcon.colcon_core.shell:Skip shell extension 'dsv' for command environment
[5.922s] INFO:colcon.colcon_core.task.python.build:Building Python package in '/root/rm_ws/src/turtle_sim'
[5.922s] INFO:colcon.colcon_core.shell:Skip shell extension 'powershell' for command environment: Not usable outside of PowerShell
[5.922s] DEBUG:colcon.colcon_core.shell:Skip shell extension 'dsv' for command environment
[6.245s] DEBUG:colcon.colcon_core.event_handler.log_command:Invoking command in '/root/rm_ws/src/turtle_sim': PYTHONPATH=/root/rm_ws/build/turtle_sim/prefix_override:/usr/lib/python3/dist-packages/colcon_core/task/python/colcon_distutils_commands:/root/rm_ws/install/turtle_sim/lib/python3.10/site-packages:${PYTHONPATH} /usr/bin/python3 -W ignore:setup.py install is deprecated setup.py egg_info --egg-base ../../build/turtle_sim build --build-base /root/rm_ws/build/turtle_sim/build install --record /root/rm_ws/build/turtle_sim/install.log --single-version-externally-managed install_data
[6.522s] Level 1:colcon.colcon_core.environment:checking '/root/rm_ws/install/turtle_sim' for CMake module files
[6.522s] DEBUG:colcon.colcon_core.event_handler.log_command:Invoked command in '/root/rm_ws/src/turtle_sim' returned '0': PYTHONPATH=/root/rm_ws/build/turtle_sim/prefix_override:/usr/lib/python3/dist-packages/colcon_core/task/python/colcon_distutils_commands:/root/rm_ws/install/turtle_sim/lib/python3.10/site-packages:${PYTHONPATH} /usr/bin/python3 -W ignore:setup.py install is deprecated setup.py egg_info --egg-base ../../build/turtle_sim build --build-base /root/rm_ws/build/turtle_sim/build install --record /root/rm_ws/build/turtle_sim/install.log --single-version-externally-managed install_data
[6.523s] Level 1:colcon.colcon_core.environment:checking '/root/rm_ws/install/turtle_sim' for CMake config files
[6.523s] Level 1:colcon.colcon_core.environment:checking '/root/rm_ws/install/turtle_sim/lib'
[6.523s] Level 1:colcon.colcon_core.environment:checking '/root/rm_ws/install/turtle_sim/bin'
[6.523s] Level 1:colcon.colcon_core.environment:checking '/root/rm_ws/install/turtle_sim/lib/pkgconfig/turtle_sim.pc'
[6.523s] Level 1:colcon.colcon_core.environment:checking '/root/rm_ws/install/turtle_sim/lib/python3.10/site-packages'
[6.523s] Level 1:colcon.colcon_core.shell:create_environment_hook('turtle_sim', 'pythonpath')
[6.524s] INFO:colcon.colcon_core.shell:Creating environment hook '/root/rm_ws/install/turtle_sim/share/turtle_sim/hook/pythonpath.ps1'
[6.524s] INFO:colcon.colcon_core.shell:Creating environment descriptor '/root/rm_ws/install/turtle_sim/share/turtle_sim/hook/pythonpath.dsv'
[6.524s] INFO:colcon.colcon_core.shell:Creating environment hook '/root/rm_ws/install/turtle_sim/share/turtle_sim/hook/pythonpath.sh'
[6.525s] Level 1:colcon.colcon_core.environment:checking '/root/rm_ws/install/turtle_sim/bin'
[6.525s] Level 1:colcon.colcon_core.environment:create_environment_scripts_only(turtle_sim)
[6.525s] INFO:colcon.colcon_core.shell:Creating package script '/root/rm_ws/install/turtle_sim/share/turtle_sim/package.ps1'
[6.526s] INFO:colcon.colcon_core.shell:Creating package descriptor '/root/rm_ws/install/turtle_sim/share/turtle_sim/package.dsv'
[6.526s] INFO:colcon.colcon_core.shell:Creating package script '/root/rm_ws/install/turtle_sim/share/turtle_sim/package.sh'
[6.526s] INFO:colcon.colcon_core.shell:Creating package script '/root/rm_ws/install/turtle_sim/share/turtle_sim/package.bash'
[6.526s] INFO:colcon.colcon_core.shell:Creating package script '/root/rm_ws/install/turtle_sim/share/turtle_sim/package.zsh'
[6.526s] Level 1:colcon.colcon_core.environment:create_file_with_runtime_dependencies(/root/rm_ws/install/turtle_sim/share/colcon-core/packages/turtle_sim)
[6.527s] DEBUG:colcon.colcon_core.executor.sequential:run_until_complete 'turtle_sim' finished with '0'
[6.527s] DEBUG:colcon.colcon_core.executor.sequential:run_until_complete 'tutorial_interfaces'
[6.527s] INFO:colcon.colcon_ros.task.ament_cmake.build:Building ROS package in '/root/rm_ws/src/tutorial_interfaces' with build type 'ament_cmake'
[6.527s] INFO:colcon.colcon_cmake.task.cmake.build:Building CMake package in '/root/rm_ws/src/tutorial_interfaces'
[6.527s] INFO:colcon.colcon_core.shell:Skip shell extension 'powershell' for command environment: Not usable outside of PowerShell
[6.527s] DEBUG:colcon.colcon_core.shell:Skip shell extension 'dsv' for command environment
[6.561s] DEBUG:colcon.colcon_core.event_handler.log_command:Invoking command in '/root/rm_ws/build/tutorial_interfaces': CMAKE_PREFIX_PATH=/opt/ros/humble /usr/bin/cmake /root/rm_ws/src/tutorial_interfaces -DCMAKE_INSTALL_PREFIX=/root/rm_ws/install/tutorial_interfaces
[11.732s] DEBUG:colcon.colcon_core.event_handler.log_command:Invoked command in '/root/rm_ws/build/tutorial_interfaces' returned '0': CMAKE_PREFIX_PATH=/opt/ros/humble /usr/bin/cmake /root/rm_ws/src/tutorial_interfaces -DCMAKE_INSTALL_PREFIX=/root/rm_ws/install/tutorial_interfaces
[11.735s] DEBUG:colcon.colcon_core.event_handler.log_command:Invoking command in '/root/rm_ws/build/tutorial_interfaces': CMAKE_PREFIX_PATH=/opt/ros/humble /usr/bin/cmake --build /root/rm_ws/build/tutorial_interfaces -- -j8 -l8
[12.939s] DEBUG:colcon.colcon_core.event_handler.log_command:Invoked command in '/root/rm_ws/build/tutorial_interfaces' returned '2': CMAKE_PREFIX_PATH=/opt/ros/humble /usr/bin/cmake --build /root/rm_ws/build/tutorial_interfaces -- -j8 -l8
[13.844s] Level 1:colcon.colcon_core.environment:create_environment_scripts_only(tutorial_interfaces)
[13.844s] Level 1:colcon.colcon_core.environment:checking '/root/rm_ws/install/tutorial_interfaces' for CMake module files
[13.844s] Level 1:colcon.colcon_core.environment:checking '/root/rm_ws/install/tutorial_interfaces' for CMake config files
[13.845s] Level 1:colcon.colcon_core.environment:checking '/root/rm_ws/install/tutorial_interfaces/bin'
[13.845s] Level 1:colcon.colcon_core.environment:checking '/root/rm_ws/install/tutorial_interfaces/lib/pkgconfig/tutorial_interfaces.pc'
[13.845s] Level 1:colcon.colcon_core.environment:checking '/root/rm_ws/install/tutorial_interfaces/lib/python3.10/site-packages'
[13.845s] Level 1:colcon.colcon_core.environment:checking '/root/rm_ws/install/tutorial_interfaces/bin'
[13.846s] INFO:colcon.colcon_core.shell:Creating package script '/root/rm_ws/install/tutorial_interfaces/share/tutorial_interfaces/package.ps1'
[13.846s] INFO:colcon.colcon_core.shell:Creating package descriptor '/root/rm_ws/install/tutorial_interfaces/share/tutorial_interfaces/package.dsv'
[13.848s] INFO:colcon.colcon_core.shell:Creating package script '/root/rm_ws/install/tutorial_interfaces/share/tutorial_interfaces/package.sh'
[13.848s] INFO:colcon.colcon_core.shell:Creating package script '/root/rm_ws/install/tutorial_interfaces/share/tutorial_interfaces/package.bash'
[13.848s] INFO:colcon.colcon_core.shell:Creating package script '/root/rm_ws/install/tutorial_interfaces/share/tutorial_interfaces/package.zsh'
[13.848s] Level 1:colcon.colcon_core.environment:create_file_with_runtime_dependencies(/root/rm_ws/install/tutorial_interfaces/share/colcon-core/packages/tutorial_interfaces)
[13.849s] DEBUG:colcon.colcon_core.executor.sequential:run_until_complete 'tutorial_interfaces' finished with '2'
[13.849s] DEBUG:colcon.colcon_core.executor.sequential:closing loop
[13.849s] DEBUG:colcon.colcon_core.executor.sequential:loop closed
[13.849s] DEBUG:colcon.colcon_core.event_reactor:joining thread
[13.857s] INFO:colcon.colcon_core.plugin_system:Skipping extension 'colcon_notification.desktop_notification.notify_send': Could not find 'notify-send'
[13.857s] INFO:colcon.colcon_core.plugin_system:Skipping extension 'colcon_notification.desktop_notification.terminal_notifier': Not used on non-Darwin systems
[13.857s] INFO:colcon.colcon_core.plugin_system:Skipping extension 'colcon_notification.desktop_notification.win32': Not used on non-Windows systems
[13.857s] INFO:colcon.colcon_notification.desktop_notification:Sending desktop notification using 'notify2'
[13.862s] DEBUG:colcon.colcon_notification.desktop_notification.notify2:Failed to initialize notify2: org.freedesktop.DBus.Error.Spawn.ExecFailed: /usr/bin/dbus-launch terminated abnormally without any error message
[13.862s] DEBUG:colcon.colcon_core.event_reactor:joined thread
[13.862s] INFO:colcon.colcon_core.shell:Creating prefix script '/root/rm_ws/install/local_setup.ps1'
[13.863s] INFO:colcon.colcon_core.shell:Creating prefix util module '/root/rm_ws/install/_local_setup_util_ps1.py'
[13.865s] INFO:colcon.colcon_core.shell:Creating prefix chain script '/root/rm_ws/install/setup.ps1'
[13.866s] INFO:colcon.colcon_core.shell:Creating prefix script '/root/rm_ws/install/local_setup.sh'
[13.866s] INFO:colcon.colcon_core.shell:Creating prefix util module '/root/rm_ws/install/_local_setup_util_sh.py'
[13.867s] INFO:colcon.colcon_core.shell:Creating prefix chain script '/root/rm_ws/install/setup.sh'
[13.867s] INFO:colcon.colcon_core.shell:Creating prefix script '/root/rm_ws/install/local_setup.bash'
[13.868s] INFO:colcon.colcon_core.shell:Creating prefix chain script '/root/rm_ws/install/setup.bash'
[13.868s] INFO:colcon.colcon_core.shell:Creating prefix script '/root/rm_ws/install/local_setup.zsh'
[13.869s] INFO:colcon.colcon_core.shell:Creating prefix chain script '/root/rm_ws/install/setup.zsh'
