[0.059s] Invoking command in '/root/rm_ws/build/polygon_cpp': AMENT_PREFIX_PATH=/root/rm_ws/install/tutorial_interfaces:${AMENT_PREFIX_PATH} CMAKE_PREFIX_PATH=/root/rm_ws/install/tutorial_interfaces:/opt/ros/humble LD_LIBRARY_PATH=/root/rm_ws/install/tutorial_interfaces/lib:${LD_LIBRARY_PATH} PYTHONPATH=/root/rm_ws/install/tutorial_interfaces/local/lib/python3.10/dist-packages:${PYTHONPATH} /usr/bin/cmake /root/rm_ws/src/polygon_cpp -DCMAKE_INSTALL_PREFIX=/root/rm_ws/install/polygon_cpp
[0.446s] -- The C compiler identification is GNU 11.4.0
[0.736s] -- The CXX compiler identification is GNU 11.4.0
[0.761s] -- Detecting C compiler ABI info
[1.252s] -- Detecting C compiler ABI info - done
[1.266s] -- Check for working C compiler: /usr/bin/cc - skipped
[1.267s] -- Detecting C compile features
[1.267s] -- Detecting C compile features - done
[1.270s] -- Detecting CXX compiler ABI info
[1.737s] -- Detecting CXX compiler ABI info - done
[1.750s] -- Check for working CXX compiler: /usr/bin/c++ - skipped
[1.750s] -- Detecting CXX compile features
[1.751s] -- Detecting CXX compile features - done
[1.757s] -- Found ament_cmake: 1.3.10 (/opt/ros/humble/share/ament_cmake/cmake)
[2.341s] -- Found Python3: /usr/bin/python3 (found version "3.10.12") found components: Interpreter 
[2.511s] -- Found rclcpp: 16.0.10 (/opt/ros/humble/share/rclcpp/cmake)
[2.542s] -- Found rosidl_generator_c: 3.1.5 (/opt/ros/humble/share/rosidl_generator_c/cmake)
[2.545s] -- Found rosidl_adapter: 3.1.5 (/opt/ros/humble/share/rosidl_adapter/cmake)
[2.551s] -- Found rosidl_generator_cpp: 3.1.5 (/opt/ros/humble/share/rosidl_generator_cpp/cmake)
[2.559s] -- Using all available rosidl_typesupport_c: rosidl_typesupport_fastrtps_c;rosidl_typesupport_introspection_c
[2.571s] -- Using all available rosidl_typesupport_cpp: rosidl_typesupport_fastrtps_cpp;rosidl_typesupport_introspection_cpp
[2.606s] -- Found rmw_implementation_cmake: 6.1.2 (/opt/ros/humble/share/rmw_implementation_cmake/cmake)
[2.608s] -- Found rmw_fastrtps_cpp: 6.2.7 (/opt/ros/humble/share/rmw_fastrtps_cpp/cmake)
[2.983s] -- Found OpenSSL: /usr/lib/x86_64-linux-gnu/libcrypto.so (found version "3.0.2")  
[3.015s] -- Found FastRTPS: /opt/ros/humble/include  
[3.065s] -- Using RMW implementation 'rmw_fastrtps_cpp' as default
[3.072s] -- Looking for pthread.h
[3.523s] -- Looking for pthread.h - found
[3.524s] -- Performing Test CMAKE_HAVE_LIBC_PTHREAD
[3.992s] -- Performing Test CMAKE_HAVE_LIBC_PTHREAD - Success
[3.993s] -- Found Threads: TRUE  
[4.039s] -- Found geometry_msgs: 4.2.4 (/opt/ros/humble/share/geometry_msgs/cmake)
[4.051s] -- Found tutorial_interfaces: 0.0.0 (/root/rm_ws/install/tutorial_interfaces/share/tutorial_interfaces/cmake)
[4.063s] -- Found ament_lint_auto: 0.12.11 (/opt/ros/humble/share/ament_lint_auto/cmake)
[4.213s] -- Added test 'cppcheck' to perform static code analysis on C / C++ code
[4.213s] -- Configured cppcheck include dirs: 
[4.213s] -- Configured cppcheck exclude dirs and/or files: 
[4.214s] -- Added test 'lint_cmake' to check CMake code style
[4.215s] -- Added test 'uncrustify' to check C / C++ code style
[4.215s] -- Configured uncrustify additional arguments: 
[4.215s] -- Added test 'xmllint' to check XML markup files
[4.217s] -- Configuring done
[4.247s] -- Generating done
[4.250s] -- Build files have been written to: /root/rm_ws/build/polygon_cpp
[4.260s] Invoked command in '/root/rm_ws/build/polygon_cpp' returned '0': AMENT_PREFIX_PATH=/root/rm_ws/install/tutorial_interfaces:${AMENT_PREFIX_PATH} CMAKE_PREFIX_PATH=/root/rm_ws/install/tutorial_interfaces:/opt/ros/humble LD_LIBRARY_PATH=/root/rm_ws/install/tutorial_interfaces/lib:${LD_LIBRARY_PATH} PYTHONPATH=/root/rm_ws/install/tutorial_interfaces/local/lib/python3.10/dist-packages:${PYTHONPATH} /usr/bin/cmake /root/rm_ws/src/polygon_cpp -DCMAKE_INSTALL_PREFIX=/root/rm_ws/install/polygon_cpp
[4.263s] Invoking command in '/root/rm_ws/build/polygon_cpp': AMENT_PREFIX_PATH=/root/rm_ws/install/tutorial_interfaces:${AMENT_PREFIX_PATH} CMAKE_PREFIX_PATH=/root/rm_ws/install/tutorial_interfaces:/opt/ros/humble LD_LIBRARY_PATH=/root/rm_ws/install/tutorial_interfaces/lib:${LD_LIBRARY_PATH} PYTHONPATH=/root/rm_ws/install/tutorial_interfaces/local/lib/python3.10/dist-packages:${PYTHONPATH} /usr/bin/cmake --build /root/rm_ws/build/polygon_cpp -- -j8 -l8
[4.604s] [ 50%] [32mBuilding CXX object CMakeFiles/poly.dir/src/polygon.cpp.o[0m
[9.224s] [100%] [32m[1mLinking CXX executable poly[0m
[9.672s] [100%] Built target poly
[9.726s] Invoked command in '/root/rm_ws/build/polygon_cpp' returned '0': AMENT_PREFIX_PATH=/root/rm_ws/install/tutorial_interfaces:${AMENT_PREFIX_PATH} CMAKE_PREFIX_PATH=/root/rm_ws/install/tutorial_interfaces:/opt/ros/humble LD_LIBRARY_PATH=/root/rm_ws/install/tutorial_interfaces/lib:${LD_LIBRARY_PATH} PYTHONPATH=/root/rm_ws/install/tutorial_interfaces/local/lib/python3.10/dist-packages:${PYTHONPATH} /usr/bin/cmake --build /root/rm_ws/build/polygon_cpp -- -j8 -l8
[10.042s] Invoking command in '/root/rm_ws/build/polygon_cpp': AMENT_PREFIX_PATH=/root/rm_ws/install/tutorial_interfaces:${AMENT_PREFIX_PATH} CMAKE_PREFIX_PATH=/root/rm_ws/install/tutorial_interfaces:/opt/ros/humble LD_LIBRARY_PATH=/root/rm_ws/install/tutorial_interfaces/lib:${LD_LIBRARY_PATH} PYTHONPATH=/root/rm_ws/install/tutorial_interfaces/local/lib/python3.10/dist-packages:${PYTHONPATH} /usr/bin/cmake --install /root/rm_ws/build/polygon_cpp
[10.090s] -- Install configuration: ""
[10.093s] -- Installing: /root/rm_ws/install/polygon_cpp/lib/polygon_cpp/poly
[10.096s] -- Set runtime path of "/root/rm_ws/install/polygon_cpp/lib/polygon_cpp/poly" to ""
[10.097s] -- Installing: /root/rm_ws/install/polygon_cpp/share/ament_index/resource_index/package_run_dependencies/polygon_cpp
[10.097s] -- Installing: /root/rm_ws/install/polygon_cpp/share/ament_index/resource_index/parent_prefix_path/polygon_cpp
[10.098s] -- Installing: /root/rm_ws/install/polygon_cpp/share/polygon_cpp/environment/ament_prefix_path.sh
[10.099s] -- Installing: /root/rm_ws/install/polygon_cpp/share/polygon_cpp/environment/ament_prefix_path.dsv
[10.099s] -- Installing: /root/rm_ws/install/polygon_cpp/share/polygon_cpp/environment/path.sh
[10.099s] -- Installing: /root/rm_ws/install/polygon_cpp/share/polygon_cpp/environment/path.dsv
[10.099s] -- Installing: /root/rm_ws/install/polygon_cpp/share/polygon_cpp/local_setup.bash
[10.099s] -- Installing: /root/rm_ws/install/polygon_cpp/share/polygon_cpp/local_setup.sh
[10.100s] -- Installing: /root/rm_ws/install/polygon_cpp/share/polygon_cpp/local_setup.zsh
[10.100s] -- Installing: /root/rm_ws/install/polygon_cpp/share/polygon_cpp/local_setup.dsv
[10.100s] -- Installing: /root/rm_ws/install/polygon_cpp/share/polygon_cpp/package.dsv
[10.100s] -- Installing: /root/rm_ws/install/polygon_cpp/share/ament_index/resource_index/packages/polygon_cpp
[10.101s] -- Installing: /root/rm_ws/install/polygon_cpp/share/polygon_cpp/cmake/polygon_cppConfig.cmake
[10.101s] -- Installing: /root/rm_ws/install/polygon_cpp/share/polygon_cpp/cmake/polygon_cppConfig-version.cmake
[10.102s] -- Installing: /root/rm_ws/install/polygon_cpp/share/polygon_cpp/package.xml
[10.112s] Invoked command in '/root/rm_ws/build/polygon_cpp' returned '0': AMENT_PREFIX_PATH=/root/rm_ws/install/tutorial_interfaces:${AMENT_PREFIX_PATH} CMAKE_PREFIX_PATH=/root/rm_ws/install/tutorial_interfaces:/opt/ros/humble LD_LIBRARY_PATH=/root/rm_ws/install/tutorial_interfaces/lib:${LD_LIBRARY_PATH} PYTHONPATH=/root/rm_ws/install/tutorial_interfaces/local/lib/python3.10/dist-packages:${PYTHONPATH} /usr/bin/cmake --install /root/rm_ws/build/polygon_cpp
